<?xml version="1.0" ?>
<testsuite failures="0" name="bandit" tests="0"/>
