<?xml version="1.0" ?>
<testsuite failures="4" name="nikto" tests="4">
	<testcase name="IP address found in the 'server' header.">
		<failure>IP address found in the 'server' header. The IP is &quot;1.11.2.1&quot;.</failure>
	</testcase>
	<testcase name="The anti-clickjacking X-Frame-Options header is not present.">
		<failure>The anti-clickjacking X-Frame-Options header is not present.</failure>
	</testcase>
	<testcase name="The X-XSS-Protection header is not defined.">
		<failure>The X-XSS-Protection header is not defined. This header can hint to the user agent to protect against some forms of XSS</failure>
	</testcase>
	<testcase name="The X-Content-Type-Options header is not set.">
		<failure>The X-Content-Type-Options header is not set. This could allow the user agent to render the content of the site in a different fashion to the MIME type</failure>
	</testcase>
</testsuite>
