<?xml version="1.0" ?>
<testsuite failures="500" name="DefectDojo" tests="500">
	<testcase name="blacklist Severity: Info">
		<failure>Using cElementTree to parse untrusted XML data is known to be vulnerable to XML attacks. Replace cElementTree with the equivalent defusedxml package, or make sure defusedxml.defuse_stdlib() is called. Filename: PyBitBucket.py Line number: 6 Line range: [6, 7, 8, 9] Issue Confidence: HIGH</failure>
	</testcase>
	<testcase name="blacklist Severity: Info">
		<failure>Using cElementTree to parse untrusted XML data is known to be vulnerable to XML attacks. Replace cElementTree with the equivalent defusedxml package, or make sure defusedxml.defuse_stdlib() is called. Filename: PyBitBucket.py Line number: 6 Line range: [6, 7, 8, 9] Issue Confidence: HIGH</failure>
	</testcase>
	<testcase name="blacklist Severity: Info">
		<failure>Using cElementTree to parse untrusted XML data is known to be vulnerable to XML attacks. Replace cElementTree with the equivalent defusedxml package, or make sure defusedxml.defuse_stdlib() is called. Filename: PyBitBucket.py Line number: 6 Line range: [6, 7, 8, 9] Issue Confidence: HIGH</failure>
	</testcase>
	<testcase name="blacklist Severity: Info">
		<failure>Using cElementTree to parse untrusted XML data is known to be vulnerable to XML attacks. Replace cElementTree with the equivalent defusedxml package, or make sure defusedxml.defuse_stdlib() is called. Filename: PyBitBucket.py Line number: 6 Line range: [6, 7, 8, 9] Issue Confidence: HIGH</failure>
	</testcase>
	<testcase name="blacklist Severity: Info">
		<failure>Using cElementTree to parse untrusted XML data is known to be vulnerable to XML attacks. Replace cElementTree with the equivalent defusedxml package, or make sure defusedxml.defuse_stdlib() is called. Filename: PyBitBucket.py Line number: 6 Line range: [6, 7, 8, 9] Issue Confidence: HIGH</failure>
	</testcase>
	<testcase name="blacklist Severity: Info">
		<failure>Using cElementTree to parse untrusted XML data is known to be vulnerable to XML attacks. Replace cElementTree with the equivalent defusedxml package, or make sure defusedxml.defuse_stdlib() is called. Filename: PyBitBucket.py Line number: 6 Line range: [6, 7, 8, 9] Issue Confidence: HIGH</failure>
	</testcase>
	<testcase name="blacklist Severity: Info">
		<failure>Using cElementTree to parse untrusted XML data is known to be vulnerable to XML attacks. Replace cElementTree with the equivalent defusedxml package, or make sure defusedxml.defuse_stdlib() is called. Filename: PyBitBucket.py Line number: 6 Line range: [6, 7, 8, 9] Issue Confidence: HIGH</failure>
	</testcase>
	<testcase name="blacklist Severity: Info">
		<failure>Using cElementTree to parse untrusted XML data is known to be vulnerable to XML attacks. Replace cElementTree with the equivalent defusedxml package, or make sure defusedxml.defuse_stdlib() is called. Filename: PyBitBucket.py Line number: 6 Line range: [6, 7, 8, 9] Issue Confidence: HIGH</failure>
	</testcase>
	<testcase name="blacklist Severity: Info">
		<failure>Using cElementTree to parse untrusted XML data is known to be vulnerable to XML attacks. Replace cElementTree with the equivalent defusedxml package, or make sure defusedxml.defuse_stdlib() is called. Filename: PyBitBucket.py Line number: 6 Line range: [6, 7, 8, 9] Issue Confidence: HIGH</failure>
	</testcase>
	<testcase name="blacklist Severity: Info">
		<failure>Using cElementTree to parse untrusted XML data is known to be vulnerable to XML attacks. Replace cElementTree with the equivalent defusedxml package, or make sure defusedxml.defuse_stdlib() is called. Filename: PyBitBucket.py Line number: 6 Line range: [6, 7, 8, 9] Issue Confidence: HIGH</failure>
	</testcase>
	<testcase name="blacklist Severity: Info">
		<failure>Using cElementTree to parse untrusted XML data is known to be vulnerable to XML attacks. Replace cElementTree with the equivalent defusedxml package, or make sure defusedxml.defuse_stdlib() is called. Filename: PyBitBucket.py Line number: 6 Line range: [6, 7, 8, 9] Issue Confidence: HIGH</failure>
	</testcase>
	<testcase name="blacklist Severity: Info">
		<failure>Using cElementTree to parse untrusted XML data is known to be vulnerable to XML attacks. Replace cElementTree with the equivalent defusedxml package, or make sure defusedxml.defuse_stdlib() is called. Filename: PyBitBucket.py Line number: 6 Line range: [6, 7, 8, 9] Issue Confidence: HIGH</failure>
	</testcase>
	<testcase name="blacklist Severity: Info">
		<failure>Using cElementTree to parse untrusted XML data is known to be vulnerable to XML attacks. Replace cElementTree with the equivalent defusedxml package, or make sure defusedxml.defuse_stdlib() is called. Filename: PyBitBucket.py Line number: 6 Line range: [6, 7, 8, 9] Issue Confidence: HIGH</failure>
	</testcase>
	<testcase name="blacklist Severity: Info">
		<failure>Using cElementTree to parse untrusted XML data is known to be vulnerable to XML attacks. Replace cElementTree with the equivalent defusedxml package, or make sure defusedxml.defuse_stdlib() is called. Filename: PyBitBucket.py Line number: 6 Line range: [6, 7, 8, 9] Issue Confidence: HIGH</failure>
	</testcase>
	<testcase name="blacklist Severity: Info">
		<failure>Using cElementTree to parse untrusted XML data is known to be vulnerable to XML attacks. Replace cElementTree with the equivalent defusedxml package, or make sure defusedxml.defuse_stdlib() is called. Filename: PyBitBucket.py Line number: 6 Line range: [6, 7, 8, 9] Issue Confidence: HIGH</failure>
	</testcase>
	<testcase name="blacklist Severity: Info">
		<failure>Using cElementTree to parse untrusted XML data is known to be vulnerable to XML attacks. Replace cElementTree with the equivalent defusedxml package, or make sure defusedxml.defuse_stdlib() is called. Filename: PyBitBucket.py Line number: 6 Line range: [6, 7, 8, 9] Issue Confidence: HIGH</failure>
	</testcase>
	<testcase name="blacklist Severity: Info">
		<failure>Using cElementTree to parse untrusted XML data is known to be vulnerable to XML attacks. Replace cElementTree with the equivalent defusedxml package, or make sure defusedxml.defuse_stdlib() is called. Filename: PyBitBucket.py Line number: 6 Line range: [6, 7, 8, 9] Issue Confidence: HIGH</failure>
	</testcase>
	<testcase name="blacklist Severity: Info">
		<failure>Using cElementTree to parse untrusted XML data is known to be vulnerable to XML attacks. Replace cElementTree with the equivalent defusedxml package, or make sure defusedxml.defuse_stdlib() is called. Filename: PyBitBucket.py Line number: 6 Line range: [6, 7, 8, 9] Issue Confidence: HIGH</failure>
	</testcase>
	<testcase name="blacklist Severity: Info">
		<failure>Using cElementTree to parse untrusted XML data is known to be vulnerable to XML attacks. Replace cElementTree with the equivalent defusedxml package, or make sure defusedxml.defuse_stdlib() is called. Filename: PyBitBucket.py Line number: 6 Line range: [6, 7, 8, 9] Issue Confidence: HIGH</failure>
	</testcase>
	<testcase name="blacklist Severity: Info">
		<failure>Using cElementTree to parse untrusted XML data is known to be vulnerable to XML attacks. Replace cElementTree with the equivalent defusedxml package, or make sure defusedxml.defuse_stdlib() is called. Filename: PyBitBucket.py Line number: 6 Line range: [6, 7, 8, 9] Issue Confidence: HIGH</failure>
	</testcase>
	<testcase name="blacklist Severity: Info">
		<failure>Using cElementTree to parse untrusted XML data is known to be vulnerable to XML attacks. Replace cElementTree with the equivalent defusedxml package, or make sure defusedxml.defuse_stdlib() is called. Filename: PyBitBucket.py Line number: 6 Line range: [6, 7, 8, 9] Issue Confidence: HIGH</failure>
	</testcase>
	<testcase name="blacklist Severity: Info">
		<failure>Using cElementTree to parse untrusted XML data is known to be vulnerable to XML attacks. Replace cElementTree with the equivalent defusedxml package, or make sure defusedxml.defuse_stdlib() is called. Filename: PyBitBucket.py Line number: 6 Line range: [6, 7, 8, 9] Issue Confidence: HIGH</failure>
	</testcase>
	<testcase name="blacklist Severity: Info">
		<failure>Using cElementTree to parse untrusted XML data is known to be vulnerable to XML attacks. Replace cElementTree with the equivalent defusedxml package, or make sure defusedxml.defuse_stdlib() is called. Filename: PyBitBucket.py Line number: 6 Line range: [6, 7, 8, 9] Issue Confidence: HIGH</failure>
	</testcase>
	<testcase name="blacklist Severity: Info">
		<failure>Using cElementTree to parse untrusted XML data is known to be vulnerable to XML attacks. Replace cElementTree with the equivalent defusedxml package, or make sure defusedxml.defuse_stdlib() is called. Filename: PyBitBucket.py Line number: 6 Line range: [6, 7, 8, 9] Issue Confidence: HIGH</failure>
	</testcase>
	<testcase name="blacklist Severity: Info">
		<failure>Using cElementTree to parse untrusted XML data is known to be vulnerable to XML attacks. Replace cElementTree with the equivalent defusedxml package, or make sure defusedxml.defuse_stdlib() is called. Filename: PyBitBucket.py Line number: 6 Line range: [6, 7, 8, 9] Issue Confidence: HIGH</failure>
	</testcase>
	<testcase name="blacklist Severity: Info">
		<failure>Using cElementTree to parse untrusted XML data is known to be vulnerable to XML attacks. Replace cElementTree with the equivalent defusedxml package, or make sure defusedxml.defuse_stdlib() is called. Filename: PyBitBucket.py Line number: 6 Line range: [6, 7, 8, 9] Issue Confidence: HIGH</failure>
	</testcase>
	<testcase name="blacklist Severity: Info">
		<failure>Using cElementTree to parse untrusted XML data is known to be vulnerable to XML attacks. Replace cElementTree with the equivalent defusedxml package, or make sure defusedxml.defuse_stdlib() is called. Filename: PyBitBucket.py Line number: 6 Line range: [6, 7, 8, 9] Issue Confidence: HIGH</failure>
	</testcase>
	<testcase name="blacklist Severity: Info">
		<failure>Using cElementTree to parse untrusted XML data is known to be vulnerable to XML attacks. Replace cElementTree with the equivalent defusedxml package, or make sure defusedxml.defuse_stdlib() is called. Filename: PyBitBucket.py Line number: 6 Line range: [6, 7, 8, 9] Issue Confidence: HIGH</failure>
	</testcase>
	<testcase name="blacklist Severity: Info">
		<failure>Using cElementTree to parse untrusted XML data is known to be vulnerable to XML attacks. Replace cElementTree with the equivalent defusedxml package, or make sure defusedxml.defuse_stdlib() is called. Filename: PyBitBucket.py Line number: 6 Line range: [6, 7, 8, 9] Issue Confidence: HIGH</failure>
	</testcase>
	<testcase name="blacklist Severity: Info">
		<failure>Using cElementTree to parse untrusted XML data is known to be vulnerable to XML attacks. Replace cElementTree with the equivalent defusedxml package, or make sure defusedxml.defuse_stdlib() is called. Filename: PyBitBucket.py Line number: 6 Line range: [6, 7, 8, 9] Issue Confidence: HIGH</failure>
	</testcase>
	<testcase name="blacklist Severity: Info">
		<failure>Using cElementTree to parse untrusted XML data is known to be vulnerable to XML attacks. Replace cElementTree with the equivalent defusedxml package, or make sure defusedxml.defuse_stdlib() is called. Filename: PyBitBucket.py Line number: 6 Line range: [6, 7, 8, 9] Issue Confidence: HIGH</failure>
	</testcase>
	<testcase name="blacklist Severity: Info">
		<failure>Using cElementTree to parse untrusted XML data is known to be vulnerable to XML attacks. Replace cElementTree with the equivalent defusedxml package, or make sure defusedxml.defuse_stdlib() is called. Filename: PyBitBucket.py Line number: 6 Line range: [6, 7, 8, 9] Issue Confidence: HIGH</failure>
	</testcase>
	<testcase name="blacklist Severity: Info">
		<failure>Using cElementTree to parse untrusted XML data is known to be vulnerable to XML attacks. Replace cElementTree with the equivalent defusedxml package, or make sure defusedxml.defuse_stdlib() is called. Filename: PyBitBucket.py Line number: 6 Line range: [6, 7, 8, 9] Issue Confidence: HIGH</failure>
	</testcase>
	<testcase name="blacklist Severity: Info">
		<failure>Using cElementTree to parse untrusted XML data is known to be vulnerable to XML attacks. Replace cElementTree with the equivalent defusedxml package, or make sure defusedxml.defuse_stdlib() is called. Filename: PyBitBucket.py Line number: 6 Line range: [6, 7, 8, 9] Issue Confidence: HIGH</failure>
	</testcase>
	<testcase name="blacklist Severity: Info">
		<failure>Using cElementTree to parse untrusted XML data is known to be vulnerable to XML attacks. Replace cElementTree with the equivalent defusedxml package, or make sure defusedxml.defuse_stdlib() is called. Filename: PyBitBucket.py Line number: 6 Line range: [6, 7, 8, 9] Issue Confidence: HIGH</failure>
	</testcase>
	<testcase name="blacklist Severity: Info">
		<failure>Using cElementTree to parse untrusted XML data is known to be vulnerable to XML attacks. Replace cElementTree with the equivalent defusedxml package, or make sure defusedxml.defuse_stdlib() is called. Filename: PyBitBucket.py Line number: 6 Line range: [6, 7, 8, 9] Issue Confidence: HIGH</failure>
	</testcase>
	<testcase name="blacklist Severity: Info">
		<failure>Using cElementTree to parse untrusted XML data is known to be vulnerable to XML attacks. Replace cElementTree with the equivalent defusedxml package, or make sure defusedxml.defuse_stdlib() is called. Filename: PyBitBucket.py Line number: 6 Line range: [6, 7, 8, 9] Issue Confidence: HIGH</failure>
	</testcase>
	<testcase name="SQL injection Severity: High">
		<failure>SQL injection vulnerabilities arise when user-controllable data is
incorporated into database SQL queries in an unsafe manner. An attacker can
supply crafted input to break out of the data context in which their input
appears and interfere with the structure of the surrounding query.

A wide range of damaging attacks can often be delivered via SQL injection,
including reading or modifying critical application data, interfering with
application logic, escalating privileges within the database and taking
control of the database server.



The **sort_column** parameter appears to be vulnerable to SQL injection
attacks. The payload **,(select*from(select(sleep(20)))a)** was submitted in
the sort_column parameter. The application took **20562** milliseconds to
respond to the request, compared with **1980** milliseconds for the original
request, indicating that the injected SQL command caused a time delay.  
  
The database appears to be MySQL.

</failure>
	</testcase>
	<testcase name="SQL injection Severity: High">
		<failure>SQL injection vulnerabilities arise when user-controllable data is
incorporated into database SQL queries in an unsafe manner. An attacker can
supply crafted input to break out of the data context in which their input
appears and interfere with the structure of the surrounding query.

A wide range of damaging attacks can often be delivered via SQL injection,
including reading or modifying critical application data, interfering with
application logic, escalating privileges within the database and taking
control of the database server.



The **sort_column** parameter appears to be vulnerable to SQL injection
attacks. The payload **,(select*from(select(sleep(20)))a)** was submitted in
the sort_column parameter. The application took **20562** milliseconds to
respond to the request, compared with **1980** milliseconds for the original
request, indicating that the injected SQL command caused a time delay.  
  
The database appears to be MySQL.

</failure>
	</testcase>
	<testcase name="SQL injection Severity: High">
		<failure>SQL injection vulnerabilities arise when user-controllable data is
incorporated into database SQL queries in an unsafe manner. An attacker can
supply crafted input to break out of the data context in which their input
appears and interfere with the structure of the surrounding query.

A wide range of damaging attacks can often be delivered via SQL injection,
including reading or modifying critical application data, interfering with
application logic, escalating privileges within the database and taking
control of the database server.



The **sort_column** parameter appears to be vulnerable to SQL injection
attacks. The payload **,(select*from(select(sleep(20)))a)** was submitted in
the sort_column parameter. The application took **20562** milliseconds to
respond to the request, compared with **1980** milliseconds for the original
request, indicating that the injected SQL command caused a time delay.  
  
The database appears to be MySQL.

</failure>
	</testcase>
	<testcase name="SQL injection Severity: High">
		<failure>SQL injection vulnerabilities arise when user-controllable data is
incorporated into database SQL queries in an unsafe manner. An attacker can
supply crafted input to break out of the data context in which their input
appears and interfere with the structure of the surrounding query.

A wide range of damaging attacks can often be delivered via SQL injection,
including reading or modifying critical application data, interfering with
application logic, escalating privileges within the database and taking
control of the database server.



The **sort_column** parameter appears to be vulnerable to SQL injection
attacks. The payload **,(select*from(select(sleep(20)))a)** was submitted in
the sort_column parameter. The application took **20562** milliseconds to
respond to the request, compared with **1980** milliseconds for the original
request, indicating that the injected SQL command caused a time delay.  
  
The database appears to be MySQL.

</failure>
	</testcase>
	<testcase name="SQL injection Severity: High">
		<failure>SQL injection vulnerabilities arise when user-controllable data is
incorporated into database SQL queries in an unsafe manner. An attacker can
supply crafted input to break out of the data context in which their input
appears and interfere with the structure of the surrounding query.

A wide range of damaging attacks can often be delivered via SQL injection,
including reading or modifying critical application data, interfering with
application logic, escalating privileges within the database and taking
control of the database server.



The **sort_column** parameter appears to be vulnerable to SQL injection
attacks. The payload **,(select*from(select(sleep(20)))a)** was submitted in
the sort_column parameter. The application took **20562** milliseconds to
respond to the request, compared with **1980** milliseconds for the original
request, indicating that the injected SQL command caused a time delay.  
  
The database appears to be MySQL.

</failure>
	</testcase>
	<testcase name="SQL injection Severity: High">
		<failure>SQL injection vulnerabilities arise when user-controllable data is
incorporated into database SQL queries in an unsafe manner. An attacker can
supply crafted input to break out of the data context in which their input
appears and interfere with the structure of the surrounding query.

A wide range of damaging attacks can often be delivered via SQL injection,
including reading or modifying critical application data, interfering with
application logic, escalating privileges within the database and taking
control of the database server.



The **sort_column** parameter appears to be vulnerable to SQL injection
attacks. The payload **,(select*from(select(sleep(20)))a)** was submitted in
the sort_column parameter. The application took **20562** milliseconds to
respond to the request, compared with **1980** milliseconds for the original
request, indicating that the injected SQL command caused a time delay.  
  
The database appears to be MySQL.

</failure>
	</testcase>
	<testcase name="SQL injection Severity: High">
		<failure>SQL injection vulnerabilities arise when user-controllable data is
incorporated into database SQL queries in an unsafe manner. An attacker can
supply crafted input to break out of the data context in which their input
appears and interfere with the structure of the surrounding query.

A wide range of damaging attacks can often be delivered via SQL injection,
including reading or modifying critical application data, interfering with
application logic, escalating privileges within the database and taking
control of the database server.



The **sort_column** parameter appears to be vulnerable to SQL injection
attacks. The payload **,(select*from(select(sleep(20)))a)** was submitted in
the sort_column parameter. The application took **20562** milliseconds to
respond to the request, compared with **1980** milliseconds for the original
request, indicating that the injected SQL command caused a time delay.  
  
The database appears to be MySQL.

</failure>
	</testcase>
	<testcase name="SQL injection Severity: High">
		<failure>SQL injection vulnerabilities arise when user-controllable data is
incorporated into database SQL queries in an unsafe manner. An attacker can
supply crafted input to break out of the data context in which their input
appears and interfere with the structure of the surrounding query.

A wide range of damaging attacks can often be delivered via SQL injection,
including reading or modifying critical application data, interfering with
application logic, escalating privileges within the database and taking
control of the database server.



The **sort_column** parameter appears to be vulnerable to SQL injection
attacks. The payload **,(select*from(select(sleep(20)))a)** was submitted in
the sort_column parameter. The application took **20562** milliseconds to
respond to the request, compared with **1980** milliseconds for the original
request, indicating that the injected SQL command caused a time delay.  
  
The database appears to be MySQL.

</failure>
	</testcase>
	<testcase name="SQL injection Severity: High">
		<failure>SQL injection vulnerabilities arise when user-controllable data is
incorporated into database SQL queries in an unsafe manner. An attacker can
supply crafted input to break out of the data context in which their input
appears and interfere with the structure of the surrounding query.

A wide range of damaging attacks can often be delivered via SQL injection,
including reading or modifying critical application data, interfering with
application logic, escalating privileges within the database and taking
control of the database server.



The **sort_column** parameter appears to be vulnerable to SQL injection
attacks. The payload **,(select*from(select(sleep(20)))a)** was submitted in
the sort_column parameter. The application took **20562** milliseconds to
respond to the request, compared with **1980** milliseconds for the original
request, indicating that the injected SQL command caused a time delay.  
  
The database appears to be MySQL.

</failure>
	</testcase>
	<testcase name="SQL injection Severity: High">
		<failure>SQL injection vulnerabilities arise when user-controllable data is
incorporated into database SQL queries in an unsafe manner. An attacker can
supply crafted input to break out of the data context in which their input
appears and interfere with the structure of the surrounding query.

A wide range of damaging attacks can often be delivered via SQL injection,
including reading or modifying critical application data, interfering with
application logic, escalating privileges within the database and taking
control of the database server.



The **sort_column** parameter appears to be vulnerable to SQL injection
attacks. The payload **,(select*from(select(sleep(20)))a)** was submitted in
the sort_column parameter. The application took **20562** milliseconds to
respond to the request, compared with **1980** milliseconds for the original
request, indicating that the injected SQL command caused a time delay.  
  
The database appears to be MySQL.

</failure>
	</testcase>
	<testcase name="SQL injection Severity: High">
		<failure>SQL injection vulnerabilities arise when user-controllable data is
incorporated into database SQL queries in an unsafe manner. An attacker can
supply crafted input to break out of the data context in which their input
appears and interfere with the structure of the surrounding query.

A wide range of damaging attacks can often be delivered via SQL injection,
including reading or modifying critical application data, interfering with
application logic, escalating privileges within the database and taking
control of the database server.



The **sort_column** parameter appears to be vulnerable to SQL injection
attacks. The payload **,(select*from(select(sleep(20)))a)** was submitted in
the sort_column parameter. The application took **20562** milliseconds to
respond to the request, compared with **1980** milliseconds for the original
request, indicating that the injected SQL command caused a time delay.  
  
The database appears to be MySQL.

</failure>
	</testcase>
	<testcase name="SQL injection Severity: High">
		<failure>SQL injection vulnerabilities arise when user-controllable data is
incorporated into database SQL queries in an unsafe manner. An attacker can
supply crafted input to break out of the data context in which their input
appears and interfere with the structure of the surrounding query.

A wide range of damaging attacks can often be delivered via SQL injection,
including reading or modifying critical application data, interfering with
application logic, escalating privileges within the database and taking
control of the database server.



The **sort_column** parameter appears to be vulnerable to SQL injection
attacks. The payload **,(select*from(select(sleep(20)))a)** was submitted in
the sort_column parameter. The application took **20562** milliseconds to
respond to the request, compared with **1980** milliseconds for the original
request, indicating that the injected SQL command caused a time delay.  
  
The database appears to be MySQL.

</failure>
	</testcase>
	<testcase name="SQL injection Severity: High">
		<failure>SQL injection vulnerabilities arise when user-controllable data is
incorporated into database SQL queries in an unsafe manner. An attacker can
supply crafted input to break out of the data context in which their input
appears and interfere with the structure of the surrounding query.

A wide range of damaging attacks can often be delivered via SQL injection,
including reading or modifying critical application data, interfering with
application logic, escalating privileges within the database and taking
control of the database server.



The **sort_column** parameter appears to be vulnerable to SQL injection
attacks. The payload **,(select*from(select(sleep(20)))a)** was submitted in
the sort_column parameter. The application took **20562** milliseconds to
respond to the request, compared with **1980** milliseconds for the original
request, indicating that the injected SQL command caused a time delay.  
  
The database appears to be MySQL.

</failure>
	</testcase>
	<testcase name="SQL injection Severity: High">
		<failure>SQL injection vulnerabilities arise when user-controllable data is
incorporated into database SQL queries in an unsafe manner. An attacker can
supply crafted input to break out of the data context in which their input
appears and interfere with the structure of the surrounding query.

A wide range of damaging attacks can often be delivered via SQL injection,
including reading or modifying critical application data, interfering with
application logic, escalating privileges within the database and taking
control of the database server.



The **sort_column** parameter appears to be vulnerable to SQL injection
attacks. The payload **,(select*from(select(sleep(20)))a)** was submitted in
the sort_column parameter. The application took **20562** milliseconds to
respond to the request, compared with **1980** milliseconds for the original
request, indicating that the injected SQL command caused a time delay.  
  
The database appears to be MySQL.

</failure>
	</testcase>
	<testcase name="SQL injection Severity: High">
		<failure>SQL injection vulnerabilities arise when user-controllable data is
incorporated into database SQL queries in an unsafe manner. An attacker can
supply crafted input to break out of the data context in which their input
appears and interfere with the structure of the surrounding query.

A wide range of damaging attacks can often be delivered via SQL injection,
including reading or modifying critical application data, interfering with
application logic, escalating privileges within the database and taking
control of the database server.



The **sort_column** parameter appears to be vulnerable to SQL injection
attacks. The payload **,(select*from(select(sleep(20)))a)** was submitted in
the sort_column parameter. The application took **20562** milliseconds to
respond to the request, compared with **1980** milliseconds for the original
request, indicating that the injected SQL command caused a time delay.  
  
The database appears to be MySQL.

</failure>
	</testcase>
	<testcase name="SQL injection Severity: High">
		<failure>SQL injection vulnerabilities arise when user-controllable data is
incorporated into database SQL queries in an unsafe manner. An attacker can
supply crafted input to break out of the data context in which their input
appears and interfere with the structure of the surrounding query.

A wide range of damaging attacks can often be delivered via SQL injection,
including reading or modifying critical application data, interfering with
application logic, escalating privileges within the database and taking
control of the database server.



The **sort_column** parameter appears to be vulnerable to SQL injection
attacks. The payload **,(select*from(select(sleep(20)))a)** was submitted in
the sort_column parameter. The application took **20562** milliseconds to
respond to the request, compared with **1980** milliseconds for the original
request, indicating that the injected SQL command caused a time delay.  
  
The database appears to be MySQL.

</failure>
	</testcase>
	<testcase name="SQL injection Severity: High">
		<failure>SQL injection vulnerabilities arise when user-controllable data is
incorporated into database SQL queries in an unsafe manner. An attacker can
supply crafted input to break out of the data context in which their input
appears and interfere with the structure of the surrounding query.

A wide range of damaging attacks can often be delivered via SQL injection,
including reading or modifying critical application data, interfering with
application logic, escalating privileges within the database and taking
control of the database server.



The **sort_column** parameter appears to be vulnerable to SQL injection
attacks. The payload **,(select*from(select(sleep(20)))a)** was submitted in
the sort_column parameter. The application took **20562** milliseconds to
respond to the request, compared with **1980** milliseconds for the original
request, indicating that the injected SQL command caused a time delay.  
  
The database appears to be MySQL.

</failure>
	</testcase>
	<testcase name="SQL injection Severity: High">
		<failure>SQL injection vulnerabilities arise when user-controllable data is
incorporated into database SQL queries in an unsafe manner. An attacker can
supply crafted input to break out of the data context in which their input
appears and interfere with the structure of the surrounding query.

A wide range of damaging attacks can often be delivered via SQL injection,
including reading or modifying critical application data, interfering with
application logic, escalating privileges within the database and taking
control of the database server.



The **sort_column** parameter appears to be vulnerable to SQL injection
attacks. The payload **,(select*from(select(sleep(20)))a)** was submitted in
the sort_column parameter. The application took **20562** milliseconds to
respond to the request, compared with **1980** milliseconds for the original
request, indicating that the injected SQL command caused a time delay.  
  
The database appears to be MySQL.

</failure>
	</testcase>
	<testcase name="SQL injection Severity: High">
		<failure>SQL injection vulnerabilities arise when user-controllable data is
incorporated into database SQL queries in an unsafe manner. An attacker can
supply crafted input to break out of the data context in which their input
appears and interfere with the structure of the surrounding query.

A wide range of damaging attacks can often be delivered via SQL injection,
including reading or modifying critical application data, interfering with
application logic, escalating privileges within the database and taking
control of the database server.



The **sort_column** parameter appears to be vulnerable to SQL injection
attacks. The payload **,(select*from(select(sleep(20)))a)** was submitted in
the sort_column parameter. The application took **20562** milliseconds to
respond to the request, compared with **1980** milliseconds for the original
request, indicating that the injected SQL command caused a time delay.  
  
The database appears to be MySQL.

</failure>
	</testcase>
	<testcase name="SQL injection Severity: High">
		<failure>SQL injection vulnerabilities arise when user-controllable data is
incorporated into database SQL queries in an unsafe manner. An attacker can
supply crafted input to break out of the data context in which their input
appears and interfere with the structure of the surrounding query.

A wide range of damaging attacks can often be delivered via SQL injection,
including reading or modifying critical application data, interfering with
application logic, escalating privileges within the database and taking
control of the database server.



The **sort_column** parameter appears to be vulnerable to SQL injection
attacks. The payload **,(select*from(select(sleep(20)))a)** was submitted in
the sort_column parameter. The application took **20562** milliseconds to
respond to the request, compared with **1980** milliseconds for the original
request, indicating that the injected SQL command caused a time delay.  
  
The database appears to be MySQL.

</failure>
	</testcase>
	<testcase name="SQL injection Severity: High">
		<failure>SQL injection vulnerabilities arise when user-controllable data is
incorporated into database SQL queries in an unsafe manner. An attacker can
supply crafted input to break out of the data context in which their input
appears and interfere with the structure of the surrounding query.

A wide range of damaging attacks can often be delivered via SQL injection,
including reading or modifying critical application data, interfering with
application logic, escalating privileges within the database and taking
control of the database server.



The **sort_column** parameter appears to be vulnerable to SQL injection
attacks. The payload **,(select*from(select(sleep(20)))a)** was submitted in
the sort_column parameter. The application took **20562** milliseconds to
respond to the request, compared with **1980** milliseconds for the original
request, indicating that the injected SQL command caused a time delay.  
  
The database appears to be MySQL.

</failure>
	</testcase>
	<testcase name="SQL injection Severity: High">
		<failure>SQL injection vulnerabilities arise when user-controllable data is
incorporated into database SQL queries in an unsafe manner. An attacker can
supply crafted input to break out of the data context in which their input
appears and interfere with the structure of the surrounding query.

A wide range of damaging attacks can often be delivered via SQL injection,
including reading or modifying critical application data, interfering with
application logic, escalating privileges within the database and taking
control of the database server.



The **sort_column** parameter appears to be vulnerable to SQL injection
attacks. The payload **,(select*from(select(sleep(20)))a)** was submitted in
the sort_column parameter. The application took **20562** milliseconds to
respond to the request, compared with **1980** milliseconds for the original
request, indicating that the injected SQL command caused a time delay.  
  
The database appears to be MySQL.

</failure>
	</testcase>
	<testcase name="SQL injection Severity: High">
		<failure>SQL injection vulnerabilities arise when user-controllable data is
incorporated into database SQL queries in an unsafe manner. An attacker can
supply crafted input to break out of the data context in which their input
appears and interfere with the structure of the surrounding query.

A wide range of damaging attacks can often be delivered via SQL injection,
including reading or modifying critical application data, interfering with
application logic, escalating privileges within the database and taking
control of the database server.



The **sort_column** parameter appears to be vulnerable to SQL injection
attacks. The payload **,(select*from(select(sleep(20)))a)** was submitted in
the sort_column parameter. The application took **20562** milliseconds to
respond to the request, compared with **1980** milliseconds for the original
request, indicating that the injected SQL command caused a time delay.  
  
The database appears to be MySQL.

</failure>
	</testcase>
	<testcase name="SQL injection Severity: High">
		<failure>SQL injection vulnerabilities arise when user-controllable data is
incorporated into database SQL queries in an unsafe manner. An attacker can
supply crafted input to break out of the data context in which their input
appears and interfere with the structure of the surrounding query.

A wide range of damaging attacks can often be delivered via SQL injection,
including reading or modifying critical application data, interfering with
application logic, escalating privileges within the database and taking
control of the database server.



The **sort_column** parameter appears to be vulnerable to SQL injection
attacks. The payload **,(select*from(select(sleep(20)))a)** was submitted in
the sort_column parameter. The application took **20562** milliseconds to
respond to the request, compared with **1980** milliseconds for the original
request, indicating that the injected SQL command caused a time delay.  
  
The database appears to be MySQL.

</failure>
	</testcase>
	<testcase name="SQL injection Severity: High">
		<failure>SQL injection vulnerabilities arise when user-controllable data is
incorporated into database SQL queries in an unsafe manner. An attacker can
supply crafted input to break out of the data context in which their input
appears and interfere with the structure of the surrounding query.

A wide range of damaging attacks can often be delivered via SQL injection,
including reading or modifying critical application data, interfering with
application logic, escalating privileges within the database and taking
control of the database server.



The **sort_column** parameter appears to be vulnerable to SQL injection
attacks. The payload **,(select*from(select(sleep(20)))a)** was submitted in
the sort_column parameter. The application took **20562** milliseconds to
respond to the request, compared with **1980** milliseconds for the original
request, indicating that the injected SQL command caused a time delay.  
  
The database appears to be MySQL.

</failure>
	</testcase>
	<testcase name="SQL injection Severity: High">
		<failure>SQL injection vulnerabilities arise when user-controllable data is
incorporated into database SQL queries in an unsafe manner. An attacker can
supply crafted input to break out of the data context in which their input
appears and interfere with the structure of the surrounding query.

A wide range of damaging attacks can often be delivered via SQL injection,
including reading or modifying critical application data, interfering with
application logic, escalating privileges within the database and taking
control of the database server.



The **sort_column** parameter appears to be vulnerable to SQL injection
attacks. The payload **,(select*from(select(sleep(20)))a)** was submitted in
the sort_column parameter. The application took **20562** milliseconds to
respond to the request, compared with **1980** milliseconds for the original
request, indicating that the injected SQL command caused a time delay.  
  
The database appears to be MySQL.

</failure>
	</testcase>
	<testcase name="SQL injection Severity: High">
		<failure>SQL injection vulnerabilities arise when user-controllable data is
incorporated into database SQL queries in an unsafe manner. An attacker can
supply crafted input to break out of the data context in which their input
appears and interfere with the structure of the surrounding query.

A wide range of damaging attacks can often be delivered via SQL injection,
including reading or modifying critical application data, interfering with
application logic, escalating privileges within the database and taking
control of the database server.



The **sort_column** parameter appears to be vulnerable to SQL injection
attacks. The payload **,(select*from(select(sleep(20)))a)** was submitted in
the sort_column parameter. The application took **20562** milliseconds to
respond to the request, compared with **1980** milliseconds for the original
request, indicating that the injected SQL command caused a time delay.  
  
The database appears to be MySQL.

</failure>
	</testcase>
	<testcase name="SQL injection Severity: High">
		<failure>SQL injection vulnerabilities arise when user-controllable data is
incorporated into database SQL queries in an unsafe manner. An attacker can
supply crafted input to break out of the data context in which their input
appears and interfere with the structure of the surrounding query.

A wide range of damaging attacks can often be delivered via SQL injection,
including reading or modifying critical application data, interfering with
application logic, escalating privileges within the database and taking
control of the database server.



The **sort_column** parameter appears to be vulnerable to SQL injection
attacks. The payload **,(select*from(select(sleep(20)))a)** was submitted in
the sort_column parameter. The application took **20562** milliseconds to
respond to the request, compared with **1980** milliseconds for the original
request, indicating that the injected SQL command caused a time delay.  
  
The database appears to be MySQL.

</failure>
	</testcase>
	<testcase name="SQL injection Severity: High">
		<failure>SQL injection vulnerabilities arise when user-controllable data is
incorporated into database SQL queries in an unsafe manner. An attacker can
supply crafted input to break out of the data context in which their input
appears and interfere with the structure of the surrounding query.

A wide range of damaging attacks can often be delivered via SQL injection,
including reading or modifying critical application data, interfering with
application logic, escalating privileges within the database and taking
control of the database server.



The **sort_column** parameter appears to be vulnerable to SQL injection
attacks. The payload **,(select*from(select(sleep(20)))a)** was submitted in
the sort_column parameter. The application took **20562** milliseconds to
respond to the request, compared with **1980** milliseconds for the original
request, indicating that the injected SQL command caused a time delay.  
  
The database appears to be MySQL.

</failure>
	</testcase>
	<testcase name="SQL injection Severity: High">
		<failure>SQL injection vulnerabilities arise when user-controllable data is
incorporated into database SQL queries in an unsafe manner. An attacker can
supply crafted input to break out of the data context in which their input
appears and interfere with the structure of the surrounding query.

A wide range of damaging attacks can often be delivered via SQL injection,
including reading or modifying critical application data, interfering with
application logic, escalating privileges within the database and taking
control of the database server.



The **sort_column** parameter appears to be vulnerable to SQL injection
attacks. The payload **,(select*from(select(sleep(20)))a)** was submitted in
the sort_column parameter. The application took **20562** milliseconds to
respond to the request, compared with **1980** milliseconds for the original
request, indicating that the injected SQL command caused a time delay.  
  
The database appears to be MySQL.

</failure>
	</testcase>
	<testcase name="SQL injection Severity: High">
		<failure>SQL injection vulnerabilities arise when user-controllable data is
incorporated into database SQL queries in an unsafe manner. An attacker can
supply crafted input to break out of the data context in which their input
appears and interfere with the structure of the surrounding query.

A wide range of damaging attacks can often be delivered via SQL injection,
including reading or modifying critical application data, interfering with
application logic, escalating privileges within the database and taking
control of the database server.



The **sort_column** parameter appears to be vulnerable to SQL injection
attacks. The payload **,(select*from(select(sleep(20)))a)** was submitted in
the sort_column parameter. The application took **20562** milliseconds to
respond to the request, compared with **1980** milliseconds for the original
request, indicating that the injected SQL command caused a time delay.  
  
The database appears to be MySQL.

</failure>
	</testcase>
	<testcase name="SQL injection Severity: High">
		<failure>SQL injection vulnerabilities arise when user-controllable data is
incorporated into database SQL queries in an unsafe manner. An attacker can
supply crafted input to break out of the data context in which their input
appears and interfere with the structure of the surrounding query.

A wide range of damaging attacks can often be delivered via SQL injection,
including reading or modifying critical application data, interfering with
application logic, escalating privileges within the database and taking
control of the database server.



The **sort_column** parameter appears to be vulnerable to SQL injection
attacks. The payload **,(select*from(select(sleep(20)))a)** was submitted in
the sort_column parameter. The application took **20562** milliseconds to
respond to the request, compared with **1980** milliseconds for the original
request, indicating that the injected SQL command caused a time delay.  
  
The database appears to be MySQL.

</failure>
	</testcase>
	<testcase name="SQL injection Severity: High">
		<failure>SQL injection vulnerabilities arise when user-controllable data is
incorporated into database SQL queries in an unsafe manner. An attacker can
supply crafted input to break out of the data context in which their input
appears and interfere with the structure of the surrounding query.

A wide range of damaging attacks can often be delivered via SQL injection,
including reading or modifying critical application data, interfering with
application logic, escalating privileges within the database and taking
control of the database server.



The **sort_column** parameter appears to be vulnerable to SQL injection
attacks. The payload **,(select*from(select(sleep(20)))a)** was submitted in
the sort_column parameter. The application took **20562** milliseconds to
respond to the request, compared with **1980** milliseconds for the original
request, indicating that the injected SQL command caused a time delay.  
  
The database appears to be MySQL.

</failure>
	</testcase>
	<testcase name="SQL injection Severity: High">
		<failure>SQL injection vulnerabilities arise when user-controllable data is
incorporated into database SQL queries in an unsafe manner. An attacker can
supply crafted input to break out of the data context in which their input
appears and interfere with the structure of the surrounding query.

A wide range of damaging attacks can often be delivered via SQL injection,
including reading or modifying critical application data, interfering with
application logic, escalating privileges within the database and taking
control of the database server.



The **sort_column** parameter appears to be vulnerable to SQL injection
attacks. The payload **,(select*from(select(sleep(20)))a)** was submitted in
the sort_column parameter. The application took **20562** milliseconds to
respond to the request, compared with **1980** milliseconds for the original
request, indicating that the injected SQL command caused a time delay.  
  
The database appears to be MySQL.

</failure>
	</testcase>
	<testcase name="SQL injection Severity: High">
		<failure>SQL injection vulnerabilities arise when user-controllable data is
incorporated into database SQL queries in an unsafe manner. An attacker can
supply crafted input to break out of the data context in which their input
appears and interfere with the structure of the surrounding query.

A wide range of damaging attacks can often be delivered via SQL injection,
including reading or modifying critical application data, interfering with
application logic, escalating privileges within the database and taking
control of the database server.



The **sort_column** parameter appears to be vulnerable to SQL injection
attacks. The payload **,(select*from(select(sleep(20)))a)** was submitted in
the sort_column parameter. The application took **20562** milliseconds to
respond to the request, compared with **1980** milliseconds for the original
request, indicating that the injected SQL command caused a time delay.  
  
The database appears to be MySQL.

</failure>
	</testcase>
	<testcase name="SQL injection Severity: High">
		<failure>SQL injection vulnerabilities arise when user-controllable data is
incorporated into database SQL queries in an unsafe manner. An attacker can
supply crafted input to break out of the data context in which their input
appears and interfere with the structure of the surrounding query.

A wide range of damaging attacks can often be delivered via SQL injection,
including reading or modifying critical application data, interfering with
application logic, escalating privileges within the database and taking
control of the database server.



The **sort_column** parameter appears to be vulnerable to SQL injection
attacks. The payload **,(select*from(select(sleep(20)))a)** was submitted in
the sort_column parameter. The application took **20562** milliseconds to
respond to the request, compared with **1980** milliseconds for the original
request, indicating that the injected SQL command caused a time delay.  
  
The database appears to be MySQL.

</failure>
	</testcase>
	<testcase name="SQL injection Severity: High">
		<failure>SQL injection vulnerabilities arise when user-controllable data is
incorporated into database SQL queries in an unsafe manner. An attacker can
supply crafted input to break out of the data context in which their input
appears and interfere with the structure of the surrounding query.

A wide range of damaging attacks can often be delivered via SQL injection,
including reading or modifying critical application data, interfering with
application logic, escalating privileges within the database and taking
control of the database server.



The **sort_column** parameter appears to be vulnerable to SQL injection
attacks. The payload **,(select*from(select(sleep(20)))a)** was submitted in
the sort_column parameter. The application took **20562** milliseconds to
respond to the request, compared with **1980** milliseconds for the original
request, indicating that the injected SQL command caused a time delay.  
  
The database appears to be MySQL.

</failure>
	</testcase>
	<testcase name="SQL injection Severity: High">
		<failure>SQL injection vulnerabilities arise when user-controllable data is
incorporated into database SQL queries in an unsafe manner. An attacker can
supply crafted input to break out of the data context in which their input
appears and interfere with the structure of the surrounding query.

A wide range of damaging attacks can often be delivered via SQL injection,
including reading or modifying critical application data, interfering with
application logic, escalating privileges within the database and taking
control of the database server.



The **sort_column** parameter appears to be vulnerable to SQL injection
attacks. The payload **,(select*from(select(sleep(20)))a)** was submitted in
the sort_column parameter. The application took **20562** milliseconds to
respond to the request, compared with **1980** milliseconds for the original
request, indicating that the injected SQL command caused a time delay.  
  
The database appears to be MySQL.

</failure>
	</testcase>
	<testcase name="SQL injection Severity: High">
		<failure>SQL injection vulnerabilities arise when user-controllable data is
incorporated into database SQL queries in an unsafe manner. An attacker can
supply crafted input to break out of the data context in which their input
appears and interfere with the structure of the surrounding query.

A wide range of damaging attacks can often be delivered via SQL injection,
including reading or modifying critical application data, interfering with
application logic, escalating privileges within the database and taking
control of the database server.



The **sort_column** parameter appears to be vulnerable to SQL injection
attacks. The payload **,(select*from(select(sleep(20)))a)** was submitted in
the sort_column parameter. The application took **20562** milliseconds to
respond to the request, compared with **1980** milliseconds for the original
request, indicating that the injected SQL command caused a time delay.  
  
The database appears to be MySQL.

</failure>
	</testcase>
	<testcase name="Buffer Overflow StrcpyStrcat (217) Severity: High">
		<failure>Category: PCI DSS v3.2;PCI DSS (3.2) - 6.5.2 - Buffer overflows,NIST SP 800-53;SI-10 Information Input Validation (P1)
Language: CPP
Group: CPP Buffer Overflow
Status: New
Finding Link: http://10.15.255.188/CxWebClient/ViewerMain.aspx?scanid=1000284&amp;projectid=339&amp;pathid=217

Source Object: ptr_rStringTmp
Filename: /Src/cu_param.c
Line Number: 1383
Code: //! - 1 otherwise.

Source Object: ptr_rStringTmp
Filename: /Src/cu_param.c
Line Number: 1604
Code: }

</failure>
	</testcase>
	<testcase name="Buffer Overflow StrcpyStrcat (219) Severity: High">
		<failure>Category: PCI DSS v3.2;PCI DSS (3.2) - 6.5.2 - Buffer overflows,NIST SP 800-53;SI-10 Information Input Validation (P1)
Language: CPP
Group: CPP Buffer Overflow
Status: New
Finding Link: http://10.15.255.188/CxWebClient/ViewerMain.aspx?scanid=1000284&amp;projectid=339&amp;pathid=219

Source Object: ptr_rStringTmp
Filename: /Src/cu_param.c
Line Number: 1620
Code: //! - 0 if successful.

Source Object: ptr_rStringTmp
Filename: /Src/cu_param.c
Line Number: 1628
Code: bool ForceParamStrings = FALSE;

</failure>
	</testcase>
	<testcase name="Buffer Overflow StrcpyStrcat (228) Severity: High">
		<failure>Category: PCI DSS v3.2;PCI DSS (3.2) - 6.5.2 - Buffer overflows,NIST SP 800-53;SI-10 Information Input Validation (P1)
Language: CPP
Group: CPP Buffer Overflow
Status: New
Finding Link: http://10.15.255.188/CxWebClient/ViewerMain.aspx?scanid=1000284&amp;projectid=339&amp;pathid=228

Source Object: pp_message
Filename: /Src/Gpinpad.c
Line Number: 565

Source Object: pp_message
Filename: /Src/Gpinpad.c
Line Number: 578
Code: }

Source Object: str
Filename: /Src/Gpinpad.c
Line Number: 535

Source Object: str
Filename: /Src/Gpinpad.c
Line Number: 543

</failure>
	</testcase>
	<testcase name="Buffer Overflow StrcpyStrcat (233) Severity: High">
		<failure>Category: PCI DSS v3.2;PCI DSS (3.2) - 6.5.2 - Buffer overflows,NIST SP 800-53;SI-10 Information Input Validation (P1)
Language: CPP
Group: CPP Buffer Overflow
Status: New
Finding Link: http://10.15.255.188/CxWebClient/ViewerMain.aspx?scanid=1000284&amp;projectid=339&amp;pathid=233

Source Object: Version
Filename: /Src/host_comm.c
Line Number: 132
Code: UpdateHostCommWindow();

Source Object: Version
Filename: /Src/host_comm.c
Line Number: 134
Code: }

</failure>
	</testcase>
	<testcase name="Buffer Overflow StrcpyStrcat (245) Severity: High">
		<failure>Category: PCI DSS v3.2;PCI DSS (3.2) - 6.5.2 - Buffer overflows,NIST SP 800-53;SI-10 Information Input Validation (P1)
Language: CPP
Group: CPP Buffer Overflow
Status: New
Finding Link: http://10.15.255.188/CxWebClient/ViewerMain.aspx?scanid=1000284&amp;projectid=339&amp;pathid=245

Source Object: cardNbr
Filename: /Src/SYFProcesses.c
Line Number: 304
Code: bool promptSYFUserID ( char * cardNbr, char *newPan ) {

Source Object: cardNbr
Filename: /Src/SYFProcesses.c
Line Number: 323
Code: strcat( cardNbr, userID );

</failure>
	</testcase>
	<testcase name="Buffer Overflow StrcpyStrcat (248) Severity: High">
		<failure>Category: PCI DSS v3.2;PCI DSS (3.2) - 6.5.2 - Buffer overflows,NIST SP 800-53;SI-10 Information Input Validation (P1)
Language: CPP
Group: CPP Buffer Overflow
Status: New
Finding Link: http://10.15.255.188/CxWebClient/ViewerMain.aspx?scanid=1000284&amp;projectid=339&amp;pathid=248

Source Object: Buffer
Filename: /Src/Utils.c
Line Number: 382
Code: int ParseTrackData ( char *Buffer, TrackData *CardData ) {

Source Object: Buffer
Filename: /Src/Utils.c
Line Number: 423
Code: WorkData.CombinedName [ FieldIndex++ ] = Buffer [ BufferIndex ];

Source Object: CombinedName
Filename: /Src/Utils.c
Line Number: 423
Code: WorkData.CombinedName [ FieldIndex++ ] = Buffer [ BufferIndex ];

Source Object: WorkData
Filename: /Src/Utils.c
Line Number: 426
Code: } while ( !FoundSeperator &amp;&amp; ( BufferIndex &lt; ( sizeof( WorkData ) - 1 ) ) );

Source Object: CombinedName
Filename: /Src/Utils.c
Line Number: 428
Code: TrimCharLeading( ' ', WorkData.CombinedName );

Source Object: CombinedName
Filename: /Src/Utils.c
Line Number: 429
Code: TrimCharTrailing( ' ', WorkData.CombinedName );

Source Object: CombinedName
Filename: /Src/Utils.c
Line Number: 431
Code: strcpy( WorkData.LastName, WorkData.CombinedName );

</failure>
	</testcase>
	<testcase name="Buffer Overflow StrcpyStrcat (251) Severity: High">
		<failure>Category: PCI DSS v3.2;PCI DSS (3.2) - 6.5.2 - Buffer overflows,NIST SP 800-53;SI-10 Information Input Validation (P1)
Language: CPP
Group: CPP Buffer Overflow
Status: New
Finding Link: http://10.15.255.188/CxWebClient/ViewerMain.aspx?scanid=1000284&amp;projectid=339&amp;pathid=251

Source Object: value
Filename: /Src/SharedComm.c
Line Number: 704
Code: // ---------------------------------------------------------------------------

Source Object: value
Filename: /Src/SharedComm.c
Line Number: 726
Code: memclr( pC_buffer, BufferSize );

Source Object: pC_buffer
Filename: /Src/SharedComm.c
Line Number: 734
Code: // Data

</failure>
	</testcase>
	<testcase name="Buffer Overflow StrcpyStrcat (269) Severity: High">
		<failure>Category: PCI DSS v3.2;PCI DSS (3.2) - 6.5.2 - Buffer overflows,NIST SP 800-53;SI-10 Information Input Validation (P1)
Language: CPP
Group: CPP Buffer Overflow
Status: New
Finding Link: http://10.15.255.188/CxWebClient/ViewerMain.aspx?scanid=1000284&amp;projectid=339&amp;pathid=269

Source Object: EMV_DATA
Filename: /Src/TransactionUtil.c
Line Number: 907
Code: void appendEMVTag ( char* EMV_DATA, unsigned long ulTag, unsigned long ulLength, const unsigned char* pValue ) {

Source Object: EMV_DATA
Filename: /Src/TransactionUtil.c
Line Number: 928
Code: strcat( EMV_DATA, String );

</failure>
	</testcase>
	<testcase name="SQL injection Severity: High">
		<failure>SQL injection vulnerabilities arise when user-controllable data is
incorporated into database SQL queries in an unsafe manner. An attacker can
supply crafted input to break out of the data context in which their input
appears and interfere with the structure of the surrounding query.

A wide range of damaging attacks can often be delivered via SQL injection,
including reading or modifying critical application data, interfering with
application logic, escalating privileges within the database and taking
control of the database server.



The **sort_column** parameter appears to be vulnerable to SQL injection
attacks. The payload **,(select*from(select(sleep(20)))a)** was submitted in
the sort_column parameter. The application took **20562** milliseconds to
respond to the request, compared with **1980** milliseconds for the original
request, indicating that the injected SQL command caused a time delay.  
  
The database appears to be MySQL.</failure>
	</testcase>
	<testcase name="SQL injection Severity: High">
		<failure>SQL injection vulnerabilities arise when user-controllable data is
incorporated into database SQL queries in an unsafe manner. An attacker can
supply crafted input to break out of the data context in which their input
appears and interfere with the structure of the surrounding query.

A wide range of damaging attacks can often be delivered via SQL injection,
including reading or modifying critical application data, interfering with
application logic, escalating privileges within the database and taking
control of the database server.



The **sort_column** parameter appears to be vulnerable to SQL injection
attacks. The payload **,(select*from(select(sleep(20)))a)** was submitted in
the sort_column parameter. The application took **20562** milliseconds to
respond to the request, compared with **1980** milliseconds for the original
request, indicating that the injected SQL command caused a time delay.  
  
The database appears to be MySQL.

</failure>
	</testcase>
	<testcase name="Stored XSS (1) Severity: High">
		<failure>Category: PCI DSS v3.2;PCI DSS (3.2) - 6.5.7 - Cross-site scripting (XSS),OWASP Top 10 2013;A3-Cross-Site Scripting (XSS),FISMA 2014;System And Information Integrity,NIST SP 800-53;SI-15 Information Output Filtering (P0)
Language: JavaScript
Group: JavaScript Server Side Vulnerabilities
Status: New
Finding Link: http://10.15.255.188/CxWebClient/ViewerMain.aspx?scanid=1000224&amp;projectid=264&amp;pathid=1

Source Object: data
Filename: /tools/devserver.js
Line Number: 11
Code: fs.readFile(dir + file, 'utf8', (err, data) =&gt; {

Source Object: data
Filename: /tools/devserver.js
Line Number: 18
Code: response.send(data)

Source Object: send
Filename: /tools/devserver.js
Line Number: 18
Code: response.send(data)

</failure>
	</testcase>
	<testcase name="Buffer Overflow boundcpy WrongSizeParam (1) Severity: Medium">
		<failure>Category: PCI DSS v3.2;PCI DSS (3.2) - 6.5.2 - Buffer overflows
Language: CPP
Group: CPP Buffer Overflow
Status: New
Finding Link: http://10.15.255.188/CxWebClient/ViewerMain.aspx?scanid=1000284&amp;projectid=339&amp;pathid=1

Source Object: T_CUBLACKL_data
Filename: /Src/cu_black.c
Line Number: 153
Code: ret = B_TRUE;

</failure>
	</testcase>
	<testcase name="Buffer Overflow boundcpy WrongSizeParam (100) Severity: Medium">
		<failure>Category: PCI DSS v3.2;PCI DSS (3.2) - 6.5.2 - Buffer overflows
Language: CPP
Group: CPP Buffer Overflow
Status: New
Finding Link: http://10.15.255.188/CxWebClient/ViewerMain.aspx?scanid=1000284&amp;projectid=339&amp;pathid=100

Source Object: elt
Filename: /Src/GOALScreens.c
Line Number: 903
Code: memcpy( Buffer, elt.ptValue, elt.length );

</failure>
	</testcase>
	<testcase name="Buffer Overflow boundcpy WrongSizeParam (105) Severity: Medium">
		<failure>Category: PCI DSS v3.2;PCI DSS (3.2) - 6.5.2 - Buffer overflows
Language: CPP
Group: CPP Buffer Overflow
Status: New
Finding Link: http://10.15.255.188/CxWebClient/ViewerMain.aspx?scanid=1000284&amp;projectid=339&amp;pathid=105

Source Object: elt
Filename: /Src/Receipt.c
Line Number: 149
Code: memclr( WorkBuffer, sizeof( WorkBuffer ) );

</failure>
	</testcase>
	<testcase name="Buffer Overflow boundcpy WrongSizeParam (106) Severity: Medium">
		<failure>Category: PCI DSS v3.2;PCI DSS (3.2) - 6.5.2 - Buffer overflows
Language: CPP
Group: CPP Buffer Overflow
Status: New
Finding Link: http://10.15.255.188/CxWebClient/ViewerMain.aspx?scanid=1000284&amp;projectid=339&amp;pathid=106

Source Object: elt
Filename: /Src/Receipt.c
Line Number: 197
Code: if ( Extract_Element_TLV_Tree( hTLVTran, TAG_EPX_AUTH_MASKED_ACCOUNT_NBR, &amp;elt ) ) {

</failure>
	</testcase>
	<testcase name="Buffer Overflow boundcpy WrongSizeParam (107) Severity: Medium">
		<failure>Category: PCI DSS v3.2;PCI DSS (3.2) - 6.5.2 - Buffer overflows
Language: CPP
Group: CPP Buffer Overflow
Status: New
Finding Link: http://10.15.255.188/CxWebClient/ViewerMain.aspx?scanid=1000284&amp;projectid=339&amp;pathid=107

Source Object: elt
Filename: /Src/Receipt.c
Line Number: 202
Code: if ( usFound ) {

</failure>
	</testcase>
	<testcase name="Buffer Overflow boundcpy WrongSizeParam (108) Severity: Medium">
		<failure>Category: PCI DSS v3.2;PCI DSS (3.2) - 6.5.2 - Buffer overflows
Language: CPP
Group: CPP Buffer Overflow
Status: New
Finding Link: http://10.15.255.188/CxWebClient/ViewerMain.aspx?scanid=1000284&amp;projectid=339&amp;pathid=108

Source Object: elt
Filename: /Src/Receipt.c
Line Number: 214
Code: if ( usFound )

</failure>
	</testcase>
	<testcase name="Buffer Overflow boundcpy WrongSizeParam (109) Severity: Medium">
		<failure>Category: PCI DSS v3.2;PCI DSS (3.2) - 6.5.2 - Buffer overflows
Language: CPP
Group: CPP Buffer Overflow
Status: New
Finding Link: http://10.15.255.188/CxWebClient/ViewerMain.aspx?scanid=1000284&amp;projectid=339&amp;pathid=109

Source Object: elt
Filename: /Src/Receipt.c
Line Number: 244
Code: memclr( WorkBuffer, sizeof( WorkBuffer ) );

</failure>
	</testcase>
	<testcase name="Buffer Overflow boundcpy WrongSizeParam (110) Severity: Medium">
		<failure>Category: PCI DSS v3.2;PCI DSS (3.2) - 6.5.2 - Buffer overflows
Language: CPP
Group: CPP Buffer Overflow
Status: New
Finding Link: http://10.15.255.188/CxWebClient/ViewerMain.aspx?scanid=1000284&amp;projectid=339&amp;pathid=110

Source Object: elt
Filename: /Src/Receipt.c
Line Number: 364
Code: memclr( WorkBuffer, sizeof( WorkBuffer ) );

</failure>
	</testcase>
	<testcase name="Buffer Overflow boundcpy WrongSizeParam (111) Severity: Medium">
		<failure>Category: PCI DSS v3.2;PCI DSS (3.2) - 6.5.2 - Buffer overflows
Language: CPP
Group: CPP Buffer Overflow
Status: New
Finding Link: http://10.15.255.188/CxWebClient/ViewerMain.aspx?scanid=1000284&amp;projectid=339&amp;pathid=111

Source Object: elt
Filename: /Src/Receipt.c
Line Number: 403
Code: //We only print a line if the original auth guid is present.

</failure>
	</testcase>
	<testcase name="Buffer Overflow boundcpy WrongSizeParam (113) Severity: Medium">
		<failure>Category: PCI DSS v3.2;PCI DSS (3.2) - 6.5.2 - Buffer overflows
Language: CPP
Group: CPP Buffer Overflow
Status: New
Finding Link: http://10.15.255.188/CxWebClient/ViewerMain.aspx?scanid=1000284&amp;projectid=339&amp;pathid=113

Source Object: elt
Filename: /Src/Receipt.c
Line Number: 428
Code: if ( usFound )

</failure>
	</testcase>
	<testcase name="Buffer Overflow boundcpy WrongSizeParam (115) Severity: Medium">
		<failure>Category: PCI DSS v3.2;PCI DSS (3.2) - 6.5.2 - Buffer overflows
Language: CPP
Group: CPP Buffer Overflow
Status: New
Finding Link: http://10.15.255.188/CxWebClient/ViewerMain.aspx?scanid=1000284&amp;projectid=339&amp;pathid=115

Source Object: elt
Filename: /Src/Receipt.c
Line Number: 456
Code: if ( usFound ) {

</failure>
	</testcase>
	<testcase name="Buffer Overflow boundcpy WrongSizeParam (116) Severity: Medium">
		<failure>Category: PCI DSS v3.2;PCI DSS (3.2) - 6.5.2 - Buffer overflows
Language: CPP
Group: CPP Buffer Overflow
Status: New
Finding Link: http://10.15.255.188/CxWebClient/ViewerMain.aspx?scanid=1000284&amp;projectid=339&amp;pathid=116

Source Object: elt
Filename: /Src/Receipt.c
Line Number: 461
Code: if ( usFound ) {

</failure>
	</testcase>
	<testcase name="Buffer Overflow boundcpy WrongSizeParam (119) Severity: Medium">
		<failure>Category: PCI DSS v3.2;PCI DSS (3.2) - 6.5.2 - Buffer overflows
Language: CPP
Group: CPP Buffer Overflow
Status: New
Finding Link: http://10.15.255.188/CxWebClient/ViewerMain.aspx?scanid=1000284&amp;projectid=339&amp;pathid=119

Source Object: elt
Filename: /Src/Receipt.c
Line Number: 571
Code: //We only print a line if the original auth guid is present.

</failure>
	</testcase>
	<testcase name="Buffer Overflow boundcpy WrongSizeParam (12) Severity: Medium">
		<failure>Category: PCI DSS v3.2;PCI DSS (3.2) - 6.5.2 - Buffer overflows
Language: CPP
Group: CPP Buffer Overflow
Status: New
Finding Link: http://10.15.255.188/CxWebClient/ViewerMain.aspx?scanid=1000284&amp;projectid=339&amp;pathid=12

Source Object: UnknownReference
Filename: /Src/cu_trfile.c
Line Number: 421

</failure>
	</testcase>
	<testcase name="Buffer Overflow boundcpy WrongSizeParam (120) Severity: Medium">
		<failure>Category: PCI DSS v3.2;PCI DSS (3.2) - 6.5.2 - Buffer overflows
Language: CPP
Group: CPP Buffer Overflow
Status: New
Finding Link: http://10.15.255.188/CxWebClient/ViewerMain.aspx?scanid=1000284&amp;projectid=339&amp;pathid=120

Source Object: elt
Filename: /Src/Receipt.c
Line Number: 579
Code: if ( usFound )

</failure>
	</testcase>
	<testcase name="Buffer Overflow boundcpy WrongSizeParam (121) Severity: Medium">
		<failure>Category: PCI DSS v3.2;PCI DSS (3.2) - 6.5.2 - Buffer overflows
Language: CPP
Group: CPP Buffer Overflow
Status: New
Finding Link: http://10.15.255.188/CxWebClient/ViewerMain.aspx?scanid=1000284&amp;projectid=339&amp;pathid=121

Source Object: elt
Filename: /Src/Receipt.c
Line Number: 596
Code: if ( usFound )

</failure>
	</testcase>
	<testcase name="Buffer Overflow boundcpy WrongSizeParam (122) Severity: Medium">
		<failure>Category: PCI DSS v3.2;PCI DSS (3.2) - 6.5.2 - Buffer overflows
Language: CPP
Group: CPP Buffer Overflow
Status: New
Finding Link: http://10.15.255.188/CxWebClient/ViewerMain.aspx?scanid=1000284&amp;projectid=339&amp;pathid=122

Source Object: elt
Filename: /Src/Receipt.c
Line Number: 609
Code: if ( usFound )

</failure>
	</testcase>
	<testcase name="Buffer Overflow boundcpy WrongSizeParam (123) Severity: Medium">
		<failure>Category: PCI DSS v3.2;PCI DSS (3.2) - 6.5.2 - Buffer overflows
Language: CPP
Group: CPP Buffer Overflow
Status: New
Finding Link: http://10.15.255.188/CxWebClient/ViewerMain.aspx?scanid=1000284&amp;projectid=339&amp;pathid=123

Source Object: elt
Filename: /Src/Receipt.c
Line Number: 624
Code: if ( usFound ) {

</failure>
	</testcase>
	<testcase name="Buffer Overflow boundcpy WrongSizeParam (124) Severity: Medium">
		<failure>Category: PCI DSS v3.2;PCI DSS (3.2) - 6.5.2 - Buffer overflows
Language: CPP
Group: CPP Buffer Overflow
Status: New
Finding Link: http://10.15.255.188/CxWebClient/ViewerMain.aspx?scanid=1000284&amp;projectid=339&amp;pathid=124

Source Object: elt
Filename: /Src/Receipt.c
Line Number: 629
Code: if ( usFound ) {

</failure>
	</testcase>
	<testcase name="Buffer Overflow boundcpy WrongSizeParam (125) Severity: Medium">
		<failure>Category: PCI DSS v3.2;PCI DSS (3.2) - 6.5.2 - Buffer overflows
Language: CPP
Group: CPP Buffer Overflow
Status: New
Finding Link: http://10.15.255.188/CxWebClient/ViewerMain.aspx?scanid=1000284&amp;projectid=339&amp;pathid=125

Source Object: elt
Filename: /Src/Receipt.c
Line Number: 641
Code: if ( usFound )

</failure>
	</testcase>
	<testcase name="Buffer Overflow boundcpy WrongSizeParam (129) Severity: Medium">
		<failure>Category: PCI DSS v3.2;PCI DSS (3.2) - 6.5.2 - Buffer overflows
Language: CPP
Group: CPP Buffer Overflow
Status: New
Finding Link: http://10.15.255.188/CxWebClient/ViewerMain.aspx?scanid=1000284&amp;projectid=339&amp;pathid=129

Source Object: elt
Filename: /Src/Receipt.c
Line Number: 752
Code: if ( usFound )

</failure>
	</testcase>
	<testcase name="Buffer Overflow boundcpy WrongSizeParam (136) Severity: Medium">
		<failure>Category: PCI DSS v3.2;PCI DSS (3.2) - 6.5.2 - Buffer overflows
Language: CPP
Group: CPP Buffer Overflow
Status: New
Finding Link: http://10.15.255.188/CxWebClient/ViewerMain.aspx?scanid=1000284&amp;projectid=339&amp;pathid=136

Source Object: elt
Filename: /Src/Receipt.c
Line Number: 977
Code: if ( Extract_Element_TLV_Tree( hTLVTran, TAG_APPLICATION_LABEL, &amp;elt ) )

</failure>
	</testcase>
	<testcase name="Buffer Overflow boundcpy WrongSizeParam (137) Severity: Medium">
		<failure>Category: PCI DSS v3.2;PCI DSS (3.2) - 6.5.2 - Buffer overflows
Language: CPP
Group: CPP Buffer Overflow
Status: New
Finding Link: http://10.15.255.188/CxWebClient/ViewerMain.aspx?scanid=1000284&amp;projectid=339&amp;pathid=137

Source Object: elt
Filename: /Src/Receipt.c
Line Number: 979
Code: else if ( Extract_Element_TLV_Tree( hTLVTran, TAG_APPLICATION_PREFFERRED_NAME, &amp;elt ) )

</failure>
	</testcase>
	<testcase name="Buffer Overflow boundcpy WrongSizeParam (139) Severity: Medium">
		<failure>Category: PCI DSS v3.2;PCI DSS (3.2) - 6.5.2 - Buffer overflows
Language: CPP
Group: CPP Buffer Overflow
Status: New
Finding Link: http://10.15.255.188/CxWebClient/ViewerMain.aspx?scanid=1000284&amp;projectid=339&amp;pathid=139

Source Object: elt
Filename: /Src/SYFProcesses.c
Line Number: 641
Code: memcpy( tmp, elt.ptValue, elt.length );

</failure>
	</testcase>
	<testcase name="Buffer Overflow boundcpy WrongSizeParam (14) Severity: Medium">
		<failure>Category: PCI DSS v3.2;PCI DSS (3.2) - 6.5.2 - Buffer overflows
Language: CPP
Group: CPP Buffer Overflow
Status: New
Finding Link: http://10.15.255.188/CxWebClient/ViewerMain.aspx?scanid=1000284&amp;projectid=339&amp;pathid=14

Source Object: T_Transaction_File_Header
Filename: /Src/cu_trfile.c
Line Number: 809
Code: // Update the T_Transaction_File structure

</failure>
	</testcase>
	<testcase name="Buffer Overflow boundcpy WrongSizeParam (142) Severity: Medium">
		<failure>Category: PCI DSS v3.2;PCI DSS (3.2) - 6.5.2 - Buffer overflows
Language: CPP
Group: CPP Buffer Overflow
Status: New
Finding Link: http://10.15.255.188/CxWebClient/ViewerMain.aspx?scanid=1000284&amp;projectid=339&amp;pathid=142

Source Object: elt
Filename: /Src/SYFProcesses.c
Line Number: 684
Code: memcpy( tmp, elt.ptValue, elt.length );

</failure>
	</testcase>
	<testcase name="Buffer Overflow boundcpy WrongSizeParam (144) Severity: Medium">
		<failure>Category: PCI DSS v3.2;PCI DSS (3.2) - 6.5.2 - Buffer overflows
Language: CPP
Group: CPP Buffer Overflow
Status: New
Finding Link: http://10.15.255.188/CxWebClient/ViewerMain.aspx?scanid=1000284&amp;projectid=339&amp;pathid=144

Source Object: elt
Filename: /Src/SYFProcesses.c
Line Number: 701
Code: memcpy( tmp, elt.ptValue, elt.length );

</failure>
	</testcase>
	<testcase name="Buffer Overflow boundcpy WrongSizeParam (145) Severity: Medium">
		<failure>Category: PCI DSS v3.2;PCI DSS (3.2) - 6.5.2 - Buffer overflows
Language: CPP
Group: CPP Buffer Overflow
Status: New
Finding Link: http://10.15.255.188/CxWebClient/ViewerMain.aspx?scanid=1000284&amp;projectid=339&amp;pathid=145

Source Object: elt
Filename: /Src/SYFProcesses.c
Line Number: 709
Code: memcpy( tmp, elt.ptValue, elt.length );

</failure>
	</testcase>
	<testcase name="Buffer Overflow boundcpy WrongSizeParam (147) Severity: Medium">
		<failure>Category: PCI DSS v3.2;PCI DSS (3.2) - 6.5.2 - Buffer overflows
Language: CPP
Group: CPP Buffer Overflow
Status: New
Finding Link: http://10.15.255.188/CxWebClient/ViewerMain.aspx?scanid=1000284&amp;projectid=339&amp;pathid=147

Source Object: elt
Filename: /Src/SYFProcesses.c
Line Number: 777
Code: memcpy( tmp, elt.ptValue, elt.length );

</failure>
	</testcase>
	<testcase name="Buffer Overflow boundcpy WrongSizeParam (149) Severity: Medium">
		<failure>Category: PCI DSS v3.2;PCI DSS (3.2) - 6.5.2 - Buffer overflows
Language: CPP
Group: CPP Buffer Overflow
Status: New
Finding Link: http://10.15.255.188/CxWebClient/ViewerMain.aspx?scanid=1000284&amp;projectid=339&amp;pathid=149

Source Object: elt
Filename: /Src/SYFProcesses.c
Line Number: 820
Code: memcpy( tmp, elt.ptValue, elt.length );

</failure>
	</testcase>
	<testcase name="Buffer Overflow boundcpy WrongSizeParam (150) Severity: Medium">
		<failure>Category: PCI DSS v3.2;PCI DSS (3.2) - 6.5.2 - Buffer overflows
Language: CPP
Group: CPP Buffer Overflow
Status: New
Finding Link: http://10.15.255.188/CxWebClient/ViewerMain.aspx?scanid=1000284&amp;projectid=339&amp;pathid=150

Source Object: elt
Filename: /Src/SYFProcesses.c
Line Number: 829
Code: memcpy( tmp, elt.ptValue, elt.length );

</failure>
	</testcase>
	<testcase name="Buffer Overflow boundcpy WrongSizeParam (152) Severity: Medium">
		<failure>Category: PCI DSS v3.2;PCI DSS (3.2) - 6.5.2 - Buffer overflows
Language: CPP
Group: CPP Buffer Overflow
Status: New
Finding Link: http://10.15.255.188/CxWebClient/ViewerMain.aspx?scanid=1000284&amp;projectid=339&amp;pathid=152

Source Object: elt
Filename: /Src/SYFProcesses.c
Line Number: 848
Code: memcpy( tmp, elt.ptValue, elt.length );

</failure>
	</testcase>
	<testcase name="Buffer Overflow boundcpy WrongSizeParam (154) Severity: Medium">
		<failure>Category: PCI DSS v3.2;PCI DSS (3.2) - 6.5.2 - Buffer overflows
Language: CPP
Group: CPP Buffer Overflow
Status: New
Finding Link: http://10.15.255.188/CxWebClient/ViewerMain.aspx?scanid=1000284&amp;projectid=339&amp;pathid=154

Source Object: elt
Filename: /Src/SYFProcesses.c
Line Number: 866
Code: memcpy( tmp, elt.ptValue, elt.length );

</failure>
	</testcase>
	<testcase name="Buffer Overflow boundcpy WrongSizeParam (156) Severity: Medium">
		<failure>Category: PCI DSS v3.2;PCI DSS (3.2) - 6.5.2 - Buffer overflows
Language: CPP
Group: CPP Buffer Overflow
Status: New
Finding Link: http://10.15.255.188/CxWebClient/ViewerMain.aspx?scanid=1000284&amp;projectid=339&amp;pathid=156

Source Object: elt
Filename: /Src/SYFProcesses.c
Line Number: 893
Code: memcpy( tmp, elt.ptValue, elt.length );

</failure>
	</testcase>
	<testcase name="Buffer Overflow boundcpy WrongSizeParam (159) Severity: Medium">
		<failure>Category: PCI DSS v3.2;PCI DSS (3.2) - 6.5.2 - Buffer overflows
Language: CPP
Group: CPP Buffer Overflow
Status: New
Finding Link: http://10.15.255.188/CxWebClient/ViewerMain.aspx?scanid=1000284&amp;projectid=339&amp;pathid=159

Source Object: elt
Filename: /Src/SYFProcesses.c
Line Number: 953
Code: memcpy( tmp, elt.ptValue, elt.length );

</failure>
	</testcase>
	<testcase name="Buffer Overflow boundcpy WrongSizeParam (16) Severity: Medium">
		<failure>Category: PCI DSS v3.2;PCI DSS (3.2) - 6.5.2 - Buffer overflows
Language: CPP
Group: CPP Buffer Overflow
Status: New
Finding Link: http://10.15.255.188/CxWebClient/ViewerMain.aspx?scanid=1000284&amp;projectid=339&amp;pathid=16

Source Object: UnknownReference
Filename: /Src/cu_trfile.c
Line Number: 924
Code: // Get the length and store it into buffer

</failure>
	</testcase>
	<testcase name="Buffer Overflow boundcpy WrongSizeParam (162) Severity: Medium">
		<failure>Category: PCI DSS v3.2;PCI DSS (3.2) - 6.5.2 - Buffer overflows
Language: CPP
Group: CPP Buffer Overflow
Status: New
Finding Link: http://10.15.255.188/CxWebClient/ViewerMain.aspx?scanid=1000284&amp;projectid=339&amp;pathid=162

Source Object: elt
Filename: /Src/SYFProcesses.c
Line Number: 998
Code: memcpy( tmp, elt.ptValue, elt.length );

</failure>
	</testcase>
	<testcase name="Buffer Overflow boundcpy WrongSizeParam (163) Severity: Medium">
		<failure>Category: PCI DSS v3.2;PCI DSS (3.2) - 6.5.2 - Buffer overflows
Language: CPP
Group: CPP Buffer Overflow
Status: New
Finding Link: http://10.15.255.188/CxWebClient/ViewerMain.aspx?scanid=1000284&amp;projectid=339&amp;pathid=163

Source Object: elt
Filename: /Src/TipProcess.c
Line Number: 95
Code: memclr( WorkBuffer, sizeof( WorkBuffer ) );

</failure>
	</testcase>
	<testcase name="Buffer Overflow boundcpy WrongSizeParam (165) Severity: Medium">
		<failure>Category: PCI DSS v3.2;PCI DSS (3.2) - 6.5.2 - Buffer overflows
Language: CPP
Group: CPP Buffer Overflow
Status: New
Finding Link: http://10.15.255.188/CxWebClient/ViewerMain.aspx?scanid=1000284&amp;projectid=339&amp;pathid=165

Source Object: elt_DEL
Filename: /Src/TransactionUtil.c
Line Number: 1081
Code: memcpy( cBuffer, elt_DEL.ptValue, elt_DEL.length );

</failure>
	</testcase>
	<testcase name="Buffer Overflow boundcpy WrongSizeParam (167) Severity: Medium">
		<failure>Category: PCI DSS v3.2;PCI DSS (3.2) - 6.5.2 - Buffer overflows
Language: CPP
Group: CPP Buffer Overflow
Status: New
Finding Link: http://10.15.255.188/CxWebClient/ViewerMain.aspx?scanid=1000284&amp;projectid=339&amp;pathid=167

Source Object: Elt
Filename: /Src/TransactionUtil.c
Line Number: 1303
Code: memcpy( WorkBuffer, Elt.ptValue, Elt.length );

</failure>
	</testcase>
	<testcase name="Buffer Overflow boundcpy WrongSizeParam (170) Severity: Medium">
		<failure>Category: PCI DSS v3.2;PCI DSS (3.2) - 6.5.2 - Buffer overflows
Language: CPP
Group: CPP Buffer Overflow
Status: New
Finding Link: http://10.15.255.188/CxWebClient/ViewerMain.aspx?scanid=1000284&amp;projectid=339&amp;pathid=170

Source Object: C_PUC_BUFFER_SIZE
Filename: /Src/cu_param.c
Line Number: 1576
Code: unsigned int Mode, rc;

</failure>
	</testcase>
	<testcase name="Buffer Overflow boundcpy WrongSizeParam (172) Severity: Medium">
		<failure>Category: PCI DSS v3.2;PCI DSS (3.2) - 6.5.2 - Buffer overflows
Language: CPP
Group: CPP Buffer Overflow
Status: New
Finding Link: http://10.15.255.188/CxWebClient/ViewerMain.aspx?scanid=1000284&amp;projectid=339&amp;pathid=172

Source Object: leftblanknb
Filename: /Src/cu_term.c
Line Number: 752
Code: // In order to get back the number of column on the display

</failure>
	</testcase>
	<testcase name="Buffer Overflow boundcpy WrongSizeParam (174) Severity: Medium">
		<failure>Category: PCI DSS v3.2;PCI DSS (3.2) - 6.5.2 - Buffer overflows
Language: CPP
Group: CPP Buffer Overflow
Status: New
Finding Link: http://10.15.255.188/CxWebClient/ViewerMain.aspx?scanid=1000284&amp;projectid=339&amp;pathid=174

Source Object: leftblanknb
Filename: /Src/cu_term.c
Line Number: 778

</failure>
	</testcase>
	<testcase name="Buffer Overflow boundcpy WrongSizeParam (175) Severity: Medium">
		<failure>Category: PCI DSS v3.2;PCI DSS (3.2) - 6.5.2 - Buffer overflows
Language: CPP
Group: CPP Buffer Overflow
Status: New
Finding Link: http://10.15.255.188/CxWebClient/ViewerMain.aspx?scanid=1000284&amp;projectid=339&amp;pathid=175

Source Object: RequiredLen
Filename: /Src/E2EE.c
Line Number: 145
Code: //This will pad if needed

</failure>
	</testcase>
	<testcase name="Buffer Overflow boundcpy WrongSizeParam (180) Severity: Medium">
		<failure>Category: PCI DSS v3.2;PCI DSS (3.2) - 6.5.2 - Buffer overflows
Language: CPP
Group: CPP Buffer Overflow
Status: New
Finding Link: http://10.15.255.188/CxWebClient/ViewerMain.aspx?scanid=1000284&amp;projectid=339&amp;pathid=180

Source Object: nOutRowSize
Filename: /Src/Signature.c
Line Number: 812
Code: byte *pData = pBuffer + Hdr.nOffset + y * nRowSize;

</failure>
	</testcase>
	<testcase name="Buffer Overflow boundcpy WrongSizeParam (181) Severity: Medium">
		<failure>Category: PCI DSS v3.2;PCI DSS (3.2) - 6.5.2 - Buffer overflows
Language: CPP
Group: CPP Buffer Overflow
Status: New
Finding Link: http://10.15.255.188/CxWebClient/ViewerMain.aspx?scanid=1000284&amp;projectid=339&amp;pathid=181

Source Object: nOutRowSize
Filename: /Src/Signature.c
Line Number: 835
Code: */

</failure>
	</testcase>
	<testcase name="Buffer Overflow boundcpy WrongSizeParam (182) Severity: Medium">
		<failure>Category: PCI DSS v3.2;PCI DSS (3.2) - 6.5.2 - Buffer overflows
Language: CPP
Group: CPP Buffer Overflow
Status: New
Finding Link: http://10.15.255.188/CxWebClient/ViewerMain.aspx?scanid=1000284&amp;projectid=339&amp;pathid=182

Source Object: newEscapedStringSize
Filename: /Src/Utils.c
Line Number: 1932
Code: memset(escapedString, 0, newEscapedStringSize);

</failure>
	</testcase>
	<testcase name="Buffer Overflow boundcpy WrongSizeParam (183) Severity: Medium">
		<failure>Category: PCI DSS v3.2;PCI DSS (3.2) - 6.5.2 - Buffer overflows
Language: CPP
Group: CPP Buffer Overflow
Status: New
Finding Link: http://10.15.255.188/CxWebClient/ViewerMain.aspx?scanid=1000284&amp;projectid=339&amp;pathid=183

Source Object: elt
Filename: /Src/batch.c
Line Number: 804
Code: } else {

</failure>
	</testcase>
	<testcase name="Buffer Overflow boundcpy WrongSizeParam (187) Severity: Medium">
		<failure>Category: PCI DSS v3.2;PCI DSS (3.2) - 6.5.2 - Buffer overflows
Language: CPP
Group: CPP Buffer Overflow
Status: New
Finding Link: http://10.15.255.188/CxWebClient/ViewerMain.aspx?scanid=1000284&amp;projectid=339&amp;pathid=187

Source Object: eltReq
Filename: /Src/TransactionUtil.c
Line Number: 3310
Code: if ( !memcmp( eltReq.ptValue, eltRes.ptValue, eltReq.length ) ) {

</failure>
	</testcase>
	<testcase name="Buffer Overflow boundcpy WrongSizeParam (188) Severity: Medium">
		<failure>Category: PCI DSS v3.2;PCI DSS (3.2) - 6.5.2 - Buffer overflows
Language: CPP
Group: CPP Buffer Overflow
Status: New
Finding Link: http://10.15.255.188/CxWebClient/ViewerMain.aspx?scanid=1000284&amp;projectid=339&amp;pathid=188

Source Object: ucDebitAidLength
Filename: /Src/US_CommonDebit.c
Line Number: 607
Code: int cmpResult = memcmp( aAIDCandidateList-&gt;list[index].AIDValue, pcUSDebitAid, ucDebitAidLength );

</failure>
	</testcase>
	<testcase name="Buffer Overflow boundcpy WrongSizeParam (189) Severity: Medium">
		<failure>Category: PCI DSS v3.2;PCI DSS (3.2) - 6.5.2 - Buffer overflows
Language: CPP
Group: CPP Buffer Overflow
Status: New
Finding Link: http://10.15.255.188/CxWebClient/ViewerMain.aspx?scanid=1000284&amp;projectid=339&amp;pathid=189

Source Object: dataLength
Filename: /Src/EPXComm.c
Line Number: 73
Code: strncpy( destination, source, dataLength );

</failure>
	</testcase>
	<testcase name="Buffer Overflow boundcpy WrongSizeParam (191) Severity: Medium">
		<failure>Category: PCI DSS v3.2;PCI DSS (3.2) - 6.5.2 - Buffer overflows
Language: CPP
Group: CPP Buffer Overflow
Status: New
Finding Link: http://10.15.255.188/CxWebClient/ViewerMain.aspx?scanid=1000284&amp;projectid=339&amp;pathid=191

Source Object: lastNameLength
Filename: /Src/StringUtils.c
Line Number: 47
Code: int lastNameLength = nameSepPos - startPos - 1;

</failure>
	</testcase>
	<testcase name="Buffer Overflow boundcpy WrongSizeParam (21) Severity: Medium">
		<failure>Category: PCI DSS v3.2;PCI DSS (3.2) - 6.5.2 - Buffer overflows
Language: CPP
Group: CPP Buffer Overflow
Status: New
Finding Link: http://10.15.255.188/CxWebClient/ViewerMain.aspx?scanid=1000284&amp;projectid=339&amp;pathid=21

Source Object: paramseq
Filename: /Src/Entry.c
Line Number: 1550
Code: memcpy( param_out, &amp;paramseq, sizeof( paramseq ) );

</failure>
	</testcase>
	<testcase name="Buffer Overflow boundcpy WrongSizeParam (24) Severity: Medium">
		<failure>Category: PCI DSS v3.2;PCI DSS (3.2) - 6.5.2 - Buffer overflows
Language: CPP
Group: CPP Buffer Overflow
Status: New
Finding Link: http://10.15.255.188/CxWebClient/ViewerMain.aspx?scanid=1000284&amp;projectid=339&amp;pathid=24

Source Object: etatout
Filename: /Src/Entry.c
Line Number: 1639
Code: memcpy( param_out, &amp;etatout, sizeof( etatout ) );

</failure>
	</testcase>
	<testcase name="Buffer Overflow boundcpy WrongSizeParam (26) Severity: Medium">
		<failure>Category: PCI DSS v3.2;PCI DSS (3.2) - 6.5.2 - Buffer overflows
Language: CPP
Group: CPP Buffer Overflow
Status: New
Finding Link: http://10.15.255.188/CxWebClient/ViewerMain.aspx?scanid=1000284&amp;projectid=339&amp;pathid=26

Source Object: etatout
Filename: /Src/Entry.c
Line Number: 2092
Code: memcpy( param_out, &amp;etatout, sizeof( etatout ) );

</failure>
	</testcase>
	<testcase name="Buffer Overflow boundcpy WrongSizeParam (28) Severity: Medium">
		<failure>Category: PCI DSS v3.2;PCI DSS (3.2) - 6.5.2 - Buffer overflows
Language: CPP
Group: CPP Buffer Overflow
Status: New
Finding Link: http://10.15.255.188/CxWebClient/ViewerMain.aspx?scanid=1000284&amp;projectid=339&amp;pathid=28

Source Object: S_TRANSOUT
Filename: /Src/Entry.c
Line Number: 2172
Code: memcpy( &amp;transaction_out, trans_out, sizeof(S_TRANSOUT) );

</failure>
	</testcase>
	<testcase name="Buffer Overflow boundcpy WrongSizeParam (3) Severity: Medium">
		<failure>Category: PCI DSS v3.2;PCI DSS (3.2) - 6.5.2 - Buffer overflows
Language: CPP
Group: CPP Buffer Overflow
Status: New
Finding Link: http://10.15.255.188/CxWebClient/ViewerMain.aspx?scanid=1000284&amp;projectid=339&amp;pathid=3

Source Object: Label_Disk_Name
Filename: /Src/cu_disk.c
Line Number: 52
Code: //===========================================================================

</failure>
	</testcase>
	<testcase name="Buffer Overflow boundcpy WrongSizeParam (31) Severity: Medium">
		<failure>Category: PCI DSS v3.2;PCI DSS (3.2) - 6.5.2 - Buffer overflows
Language: CPP
Group: CPP Buffer Overflow
Status: New
Finding Link: http://10.15.255.188/CxWebClient/ViewerMain.aspx?scanid=1000284&amp;projectid=339&amp;pathid=31

Source Object: etatout
Filename: /Src/Entry.c
Line Number: 2378
Code: memcpy( param_out, &amp;etatout, sizeof( etatout ) );

</failure>
	</testcase>
	<testcase name="Buffer Overflow boundcpy WrongSizeParam (32) Severity: Medium">
		<failure>Category: PCI DSS v3.2;PCI DSS (3.2) - 6.5.2 - Buffer overflows
Language: CPP
Group: CPP Buffer Overflow
Status: New
Finding Link: http://10.15.255.188/CxWebClient/ViewerMain.aspx?scanid=1000284&amp;projectid=339&amp;pathid=32

Source Object: etatout
Filename: /Src/Entry.c
Line Number: 2394
Code: memcpy( ( char * ) &amp;etatout, ( char * ) param_out, sizeof( etatout ) );

</failure>
	</testcase>
	<testcase name="Buffer Overflow boundcpy WrongSizeParam (33) Severity: Medium">
		<failure>Category: PCI DSS v3.2;PCI DSS (3.2) - 6.5.2 - Buffer overflows
Language: CPP
Group: CPP Buffer Overflow
Status: New
Finding Link: http://10.15.255.188/CxWebClient/ViewerMain.aspx?scanid=1000284&amp;projectid=339&amp;pathid=33

Source Object: etatout
Filename: /Src/Entry.c
Line Number: 2410
Code: memcpy( param_out, &amp;etatout, sizeof( etatout ) );

</failure>
	</testcase>
	<testcase name="Buffer Overflow boundcpy WrongSizeParam (34) Severity: Medium">
		<failure>Category: PCI DSS v3.2;PCI DSS (3.2) - 6.5.2 - Buffer overflows
Language: CPP
Group: CPP Buffer Overflow
Status: New
Finding Link: http://10.15.255.188/CxWebClient/ViewerMain.aspx?scanid=1000284&amp;projectid=339&amp;pathid=34

Source Object: T_HOST_COMM
Filename: /Src/host_setup.c
Line Number: 364
Code: HostParamIndex = PARAM_PriHostAuth;

</failure>
	</testcase>
	<testcase name="Buffer Overflow boundcpy WrongSizeParam (37) Severity: Medium">
		<failure>Category: PCI DSS v3.2;PCI DSS (3.2) - 6.5.2 - Buffer overflows
Language: CPP
Group: CPP Buffer Overflow
Status: New
Finding Link: http://10.15.255.188/CxWebClient/ViewerMain.aspx?scanid=1000284&amp;projectid=339&amp;pathid=37

Source Object: T_HOST_COMM
Filename: /Src/host_setup.c
Line Number: 385
Code: HostParamIndex = PARAM_SecHostSettle;

</failure>
	</testcase>
	<testcase name="Buffer Overflow boundcpy WrongSizeParam (42) Severity: Medium">
		<failure>Category: PCI DSS v3.2;PCI DSS (3.2) - 6.5.2 - Buffer overflows
Language: CPP
Group: CPP Buffer Overflow
Status: New
Finding Link: http://10.15.255.188/CxWebClient/ViewerMain.aspx?scanid=1000284&amp;projectid=339&amp;pathid=42

Source Object: masterSet
Filename: /Src/SI_TCP_COM.c
Line Number: 166
Code: memcpy(&amp;workingSet, &amp;masterSet, sizeof(masterSet));

</failure>
	</testcase>
	<testcase name="Buffer Overflow boundcpy WrongSizeParam (43) Severity: Medium">
		<failure>Category: PCI DSS v3.2;PCI DSS (3.2) - 6.5.2 - Buffer overflows
Language: CPP
Group: CPP Buffer Overflow
Status: New
Finding Link: http://10.15.255.188/CxWebClient/ViewerMain.aspx?scanid=1000284&amp;projectid=339&amp;pathid=43

Source Object: S_PriorRamData
Filename: /Src/term_params.c
Line Number: 1056
Code: memcpy( &amp;S_GlobalRamData, &amp;S_PriorRamData, sizeof( S_PriorRamData ) );

</failure>
	</testcase>
	<testcase name="Buffer Overflow boundcpy WrongSizeParam (45) Severity: Medium">
		<failure>Category: PCI DSS v3.2;PCI DSS (3.2) - 6.5.2 - Buffer overflows
Language: CPP
Group: CPP Buffer Overflow
Status: New
Finding Link: http://10.15.255.188/CxWebClient/ViewerMain.aspx?scanid=1000284&amp;projectid=339&amp;pathid=45

Source Object: T_AppConfCurcy
Filename: /Src/Utils.c
Line Number: 562
Code: memcpy( ( byte * ) CurrDef, &amp;ct_confCurrency [ index ], sizeof(T_AppConfCurcy) );

</failure>
	</testcase>
	<testcase name="Buffer Overflow boundcpy WrongSizeParam (46) Severity: Medium">
		<failure>Category: PCI DSS v3.2;PCI DSS (3.2) - 6.5.2 - Buffer overflows
Language: CPP
Group: CPP Buffer Overflow
Status: New
Finding Link: http://10.15.255.188/CxWebClient/ViewerMain.aspx?scanid=1000284&amp;projectid=339&amp;pathid=46

Source Object: T_CUSERV_lst_tagCArevok
Filename: /Src/cu_param.c
Line Number: 1069
Code: uc_l_ind_Tag_CA = 0;

</failure>
	</testcase>
	<testcase name="Buffer Overflow boundcpy WrongSizeParam (48) Severity: Medium">
		<failure>Category: PCI DSS v3.2;PCI DSS (3.2) - 6.5.2 - Buffer overflows
Language: CPP
Group: CPP Buffer Overflow
Status: New
Finding Link: http://10.15.255.188/CxWebClient/ViewerMain.aspx?scanid=1000284&amp;projectid=339&amp;pathid=48

Source Object: -&gt;
Filename: /Src/Entry.c
Line Number: 2700
Code: memset( data-&gt;m_Buffer, 0, sizeof( data-&gt;m_Buffer ) );

</failure>
	</testcase>
	<testcase name="Buffer Overflow boundcpy WrongSizeParam (49) Severity: Medium">
		<failure>Category: PCI DSS v3.2;PCI DSS (3.2) - 6.5.2 - Buffer overflows
Language: CPP
Group: CPP Buffer Overflow
Status: New
Finding Link: http://10.15.255.188/CxWebClient/ViewerMain.aspx?scanid=1000284&amp;projectid=339&amp;pathid=49

Source Object: -&gt;
Filename: /Src/Entry.c
Line Number: 2703
Code: memset( data-&gt;m_Buffer, 0, sizeof( data-&gt;m_Buffer ) );

</failure>
	</testcase>
	<testcase name="Buffer Overflow boundcpy WrongSizeParam (50) Severity: Medium">
		<failure>Category: PCI DSS v3.2;PCI DSS (3.2) - 6.5.2 - Buffer overflows
Language: CPP
Group: CPP Buffer Overflow
Status: New
Finding Link: http://10.15.255.188/CxWebClient/ViewerMain.aspx?scanid=1000284&amp;projectid=339&amp;pathid=50

Source Object: BufferSize
Filename: /Src/TransactionUtil.c
Line Number: 958
Code: memset( EMVData, 0, sizeof( BufferSize ) );

</failure>
	</testcase>
	<testcase name="Buffer Overflow boundcpy WrongSizeParam (54) Severity: Medium">
		<failure>Category: PCI DSS v3.2;PCI DSS (3.2) - 6.5.2 - Buffer overflows
Language: CPP
Group: CPP Buffer Overflow
Status: New
Finding Link: http://10.15.255.188/CxWebClient/ViewerMain.aspx?scanid=1000284&amp;projectid=339&amp;pathid=54

Source Object: number
Filename: /Src/Gpinpad.c
Line Number: 133
Code: Continue = 0;

</failure>
	</testcase>
	<testcase name="Buffer Overflow boundcpy WrongSizeParam (56) Severity: Medium">
		<failure>Category: PCI DSS v3.2;PCI DSS (3.2) - 6.5.2 - Buffer overflows
Language: CPP
Group: CPP Buffer Overflow
Status: New
Finding Link: http://10.15.255.188/CxWebClient/ViewerMain.aspx?scanid=1000284&amp;projectid=339&amp;pathid=56

Source Object: nb_appli
Filename: /Src/Gpinpad.c
Line Number: 210
Code: no_end = 0;

</failure>
	</testcase>
	<testcase name="Buffer Overflow boundcpy WrongSizeParam (58) Severity: Medium">
		<failure>Category: PCI DSS v3.2;PCI DSS (3.2) - 6.5.2 - Buffer overflows
Language: CPP
Group: CPP Buffer Overflow
Status: New
Finding Link: http://10.15.255.188/CxWebClient/ViewerMain.aspx?scanid=1000284&amp;projectid=339&amp;pathid=58

Source Object: NB_AID_MAX
Filename: /Src/cu_param.c
Line Number: 802

</failure>
	</testcase>
	<testcase name="Buffer Overflow boundcpy WrongSizeParam (62) Severity: Medium">
		<failure>Category: PCI DSS v3.2;PCI DSS (3.2) - 6.5.2 - Buffer overflows
Language: CPP
Group: CPP Buffer Overflow
Status: New
Finding Link: http://10.15.255.188/CxWebClient/ViewerMain.aspx?scanid=1000284&amp;projectid=339&amp;pathid=62

Source Object: FilePath
Filename: /Src/cu_trfile.c
Line Number: 125
Code: pt_Tr_File-&gt;FileHeader.FileVersion = TRANS_FILE_VERSION;

</failure>
	</testcase>
	<testcase name="Buffer Overflow boundcpy WrongSizeParam (64) Severity: Medium">
		<failure>Category: PCI DSS v3.2;PCI DSS (3.2) - 6.5.2 - Buffer overflows
Language: CPP
Group: CPP Buffer Overflow
Status: New
Finding Link: http://10.15.255.188/CxWebClient/ViewerMain.aspx?scanid=1000284&amp;projectid=339&amp;pathid=64

Source Object: menu
Filename: /Src/Gpinpad.c
Line Number: 325
Code: memclr( &amp;Tab_first_line_name, sizeof( Tab_first_line_name ) );

</failure>
	</testcase>
	<testcase name="Buffer Overflow boundcpy WrongSizeParam (67) Severity: Medium">
		<failure>Category: PCI DSS v3.2;PCI DSS (3.2) - 6.5.2 - Buffer overflows
Language: CPP
Group: CPP Buffer Overflow
Status: New
Finding Link: http://10.15.255.188/CxWebClient/ViewerMain.aspx?scanid=1000284&amp;projectid=339&amp;pathid=67

Source Object: pAidParameters
Filename: /Src/CLess.c
Line Number: 548
Code: memcpy( pTmpAidParameters-&gt;nPtrData, pAidParameters-&gt;nPtrData, pAidParameters-&gt;ulDataLength );

</failure>
	</testcase>
	<testcase name="Buffer Overflow boundcpy WrongSizeParam (68) Severity: Medium">
		<failure>Category: PCI DSS v3.2;PCI DSS (3.2) - 6.5.2 - Buffer overflows
Language: CPP
Group: CPP Buffer Overflow
Status: New
Finding Link: http://10.15.255.188/CxWebClient/ViewerMain.aspx?scanid=1000284&amp;projectid=339&amp;pathid=68

Source Object: KERNEL_PAYMENT_FLOW_CUSTOM_LENGTH
Filename: /Src/ClessPayWave.c
Line Number: 70
Code: memcpy( ( void* ) &amp;sTransactionFlowCustom, ( void* ) StepCustom, KERNEL_PAYMENT_FLOW_CUSTOM_LENGTH );

</failure>
	</testcase>
	<testcase name="Buffer Overflow boundcpy WrongSizeParam (69) Severity: Medium">
		<failure>Category: PCI DSS v3.2;PCI DSS (3.2) - 6.5.2 - Buffer overflows
Language: CPP
Group: CPP Buffer Overflow
Status: New
Finding Link: http://10.15.255.188/CxWebClient/ViewerMain.aspx?scanid=1000284&amp;projectid=339&amp;pathid=69

Source Object: elt
Filename: /Src/cu_base.c
Line Number: 161
Code: memcpy( ( unsigned char * ) fct_ksu, elt.ptValue, elt.length );

</failure>
	</testcase>
	<testcase name="Buffer Overflow boundcpy WrongSizeParam (71) Severity: Medium">
		<failure>Category: PCI DSS v3.2;PCI DSS (3.2) - 6.5.2 - Buffer overflows
Language: CPP
Group: CPP Buffer Overflow
Status: New
Finding Link: http://10.15.255.188/CxWebClient/ViewerMain.aspx?scanid=1000284&amp;projectid=339&amp;pathid=71

Source Object: message
Filename: /Src/cu_mess.c
Line Number: 159
Code: message.type = type;

</failure>
	</testcase>
	<testcase name="Buffer Overflow boundcpy WrongSizeParam (74) Severity: Medium">
		<failure>Category: PCI DSS v3.2;PCI DSS (3.2) - 6.5.2 - Buffer overflows
Language: CPP
Group: CPP Buffer Overflow
Status: New
Finding Link: http://10.15.255.188/CxWebClient/ViewerMain.aspx?scanid=1000284&amp;projectid=339&amp;pathid=74

Source Object: data
Filename: /Src/cu_param.c
Line Number: 478

</failure>
	</testcase>
	<testcase name="Buffer Overflow boundcpy WrongSizeParam (75) Severity: Medium">
		<failure>Category: PCI DSS v3.2;PCI DSS (3.2) - 6.5.2 - Buffer overflows
Language: CPP
Group: CPP Buffer Overflow
Status: New
Finding Link: http://10.15.255.188/CxWebClient/ViewerMain.aspx?scanid=1000284&amp;projectid=339&amp;pathid=75

Source Object: data
Filename: /Src/cu_param.c
Line Number: 499

</failure>
	</testcase>
	<testcase name="Buffer Overflow boundcpy WrongSizeParam (76) Severity: Medium">
		<failure>Category: PCI DSS v3.2;PCI DSS (3.2) - 6.5.2 - Buffer overflows
Language: CPP
Group: CPP Buffer Overflow
Status: New
Finding Link: http://10.15.255.188/CxWebClient/ViewerMain.aspx?scanid=1000284&amp;projectid=339&amp;pathid=76

Source Object: data
Filename: /Src/cu_param.c
Line Number: 584

</failure>
	</testcase>
	<testcase name="Buffer Overflow boundcpy WrongSizeParam (77) Severity: Medium">
		<failure>Category: PCI DSS v3.2;PCI DSS (3.2) - 6.5.2 - Buffer overflows
Language: CPP
Group: CPP Buffer Overflow
Status: New
Finding Link: http://10.15.255.188/CxWebClient/ViewerMain.aspx?scanid=1000284&amp;projectid=339&amp;pathid=77

Source Object: data
Filename: /Src/cu_param.c
Line Number: 585
Code: cr = PAR_ReadParameter( TAG_CERT_AUTH_PUB_KEY_INDEX_TERM, &amp;data );

</failure>
	</testcase>
	<testcase name="Buffer Overflow boundcpy WrongSizeParam (8) Severity: Medium">
		<failure>Category: PCI DSS v3.2;PCI DSS (3.2) - 6.5.2 - Buffer overflows
Language: CPP
Group: CPP Buffer Overflow
Status: New
Finding Link: http://10.15.255.188/CxWebClient/ViewerMain.aspx?scanid=1000284&amp;projectid=339&amp;pathid=8

Source Object: -&gt;
Filename: /Src/cu_trfile.c
Line Number: 308

</failure>
	</testcase>
	<testcase name="Buffer Overflow boundcpy WrongSizeParam (80) Severity: Medium">
		<failure>Category: PCI DSS v3.2;PCI DSS (3.2) - 6.5.2 - Buffer overflows
Language: CPP
Group: CPP Buffer Overflow
Status: New
Finding Link: http://10.15.255.188/CxWebClient/ViewerMain.aspx?scanid=1000284&amp;projectid=339&amp;pathid=80

Source Object: data
Filename: /Src/cu_param.c
Line Number: 614

</failure>
	</testcase>
	<testcase name="Buffer Overflow boundcpy WrongSizeParam (81) Severity: Medium">
		<failure>Category: PCI DSS v3.2;PCI DSS (3.2) - 6.5.2 - Buffer overflows
Language: CPP
Group: CPP Buffer Overflow
Status: New
Finding Link: http://10.15.255.188/CxWebClient/ViewerMain.aspx?scanid=1000284&amp;projectid=339&amp;pathid=81

Source Object: data
Filename: /Src/cu_param.c
Line Number: 616
Code: if ( ( cr ) &amp;&amp; ( data.elt.length &lt; 4 ) ) {

</failure>
	</testcase>
	<testcase name="Buffer Overflow boundcpy WrongSizeParam (82) Severity: Medium">
		<failure>Category: PCI DSS v3.2;PCI DSS (3.2) - 6.5.2 - Buffer overflows
Language: CPP
Group: CPP Buffer Overflow
Status: New
Finding Link: http://10.15.255.188/CxWebClient/ViewerMain.aspx?scanid=1000284&amp;projectid=339&amp;pathid=82

Source Object: data
Filename: /Src/cu_param.c
Line Number: 632

</failure>
	</testcase>
	<testcase name="Buffer Overflow boundcpy WrongSizeParam (83) Severity: Medium">
		<failure>Category: PCI DSS v3.2;PCI DSS (3.2) - 6.5.2 - Buffer overflows
Language: CPP
Group: CPP Buffer Overflow
Status: New
Finding Link: http://10.15.255.188/CxWebClient/ViewerMain.aspx?scanid=1000284&amp;projectid=339&amp;pathid=83

Source Object: key
Filename: /Src/cu_param.c
Line Number: 715
Code: i_l_found = TRUE;

</failure>
	</testcase>
	<testcase name="Buffer Overflow boundcpy WrongSizeParam (84) Severity: Medium">
		<failure>Category: PCI DSS v3.2;PCI DSS (3.2) - 6.5.2 - Buffer overflows
Language: CPP
Group: CPP Buffer Overflow
Status: New
Finding Link: http://10.15.255.188/CxWebClient/ViewerMain.aspx?scanid=1000284&amp;projectid=339&amp;pathid=84

Source Object: key
Filename: /Src/cu_param.c
Line Number: 717
Code: *ModulusLength = key.length;

</failure>
	</testcase>
	<testcase name="Buffer Overflow boundcpy WrongSizeParam (9) Severity: Medium">
		<failure>Category: PCI DSS v3.2;PCI DSS (3.2) - 6.5.2 - Buffer overflows
Language: CPP
Group: CPP Buffer Overflow
Status: New
Finding Link: http://10.15.255.188/CxWebClient/ViewerMain.aspx?scanid=1000284&amp;projectid=339&amp;pathid=9

Source Object: Trans_len
Filename: /Src/cu_trfile.c
Line Number: 324

</failure>
	</testcase>
	<testcase name="Buffer Overflow boundcpy WrongSizeParam (92) Severity: Medium">
		<failure>Category: PCI DSS v3.2;PCI DSS (3.2) - 6.5.2 - Buffer overflows
Language: CPP
Group: CPP Buffer Overflow
Status: New
Finding Link: http://10.15.255.188/CxWebClient/ViewerMain.aspx?scanid=1000284&amp;projectid=339&amp;pathid=92

Source Object: Data_Elt
Filename: /Src/cu_serv.c
Line Number: 1520
Code: memcpy( AID, Data_Elt.ptValue, Data_Elt.length );

</failure>
	</testcase>
	<testcase name="Buffer Overflow boundcpy WrongSizeParam (96) Severity: Medium">
		<failure>Category: PCI DSS v3.2;PCI DSS (3.2) - 6.5.2 - Buffer overflows
Language: CPP
Group: CPP Buffer Overflow
Status: New
Finding Link: http://10.15.255.188/CxWebClient/ViewerMain.aspx?scanid=1000284&amp;projectid=339&amp;pathid=96

Source Object: Data_Elt
Filename: /Src/Entry.c
Line Number: 725
Code: memcpy( outAIDCandidateList.list[index_AID].AIDValue, Data_Elt.ptValue, Data_Elt.length );

</failure>
	</testcase>
	<testcase name="Buffer Overflow boundcpy WrongSizeParam (97) Severity: Medium">
		<failure>Category: PCI DSS v3.2;PCI DSS (3.2) - 6.5.2 - Buffer overflows
Language: CPP
Group: CPP Buffer Overflow
Status: New
Finding Link: http://10.15.255.188/CxWebClient/ViewerMain.aspx?scanid=1000284&amp;projectid=339&amp;pathid=97

Source Object: Data_Elt
Filename: /Src/Entry.c
Line Number: 765
Code: memcpy( outAIDCandidateList.list[index_AID].applicationLabel, Data_Elt.ptValue, Data_Elt.length );

</failure>
	</testcase>
	<testcase name="Buffer Overflow boundedcpy2 (194) Severity: Medium">
		<failure>Category: PCI DSS v3.2;PCI DSS (3.2) - 6.5.2 - Buffer overflows,NIST SP 800-53;SI-10 Information Input Validation (P1)
Language: CPP
Group: CPP Buffer Overflow
Status: New
Finding Link: http://10.15.255.188/CxWebClient/ViewerMain.aspx?scanid=1000284&amp;projectid=339&amp;pathid=194

Source Object: memcpy
Filename: /Src/cu_pinen.c
Line Number: 75
Code: if ( iRes == OK ) {

</failure>
	</testcase>
	<testcase name="Buffer Overflow boundedcpy2 (195) Severity: Medium">
		<failure>Category: PCI DSS v3.2;PCI DSS (3.2) - 6.5.2 - Buffer overflows,NIST SP 800-53;SI-10 Information Input Validation (P1)
Language: CPP
Group: CPP Buffer Overflow
Status: New
Finding Link: http://10.15.255.188/CxWebClient/ViewerMain.aspx?scanid=1000284&amp;projectid=339&amp;pathid=195

Source Object: memcpy
Filename: /Src/Menu.c
Line Number: 79
Code: memcpy( TempCurrStr, WorkBuffer, 3 );

</failure>
	</testcase>
	<testcase name="Buffer Overflow boundedcpy2 (200) Severity: Medium">
		<failure>Category: PCI DSS v3.2;PCI DSS (3.2) - 6.5.2 - Buffer overflows,NIST SP 800-53;SI-10 Information Input Validation (P1)
Language: CPP
Group: CPP Buffer Overflow
Status: New
Finding Link: http://10.15.255.188/CxWebClient/ViewerMain.aspx?scanid=1000284&amp;projectid=339&amp;pathid=200

Source Object: memcpy
Filename: /Src/Receipt.c
Line Number: 443
Code: if ( strlen( tmp ) == 6 ) {

</failure>
	</testcase>
	<testcase name="Buffer Overflow boundedcpy2 (202) Severity: Medium">
		<failure>Category: PCI DSS v3.2;PCI DSS (3.2) - 6.5.2 - Buffer overflows,NIST SP 800-53;SI-10 Information Input Validation (P1)
Language: CPP
Group: CPP Buffer Overflow
Status: New
Finding Link: http://10.15.255.188/CxWebClient/ViewerMain.aspx?scanid=1000284&amp;projectid=339&amp;pathid=202

Source Object: memcpy
Filename: /Src/Receipt.c
Line Number: 611
Code: if ( strlen( tmp ) == 6 ) {

</failure>
	</testcase>
	<testcase name="Buffer Overflow boundedcpy2 (203) Severity: Medium">
		<failure>Category: PCI DSS v3.2;PCI DSS (3.2) - 6.5.2 - Buffer overflows,NIST SP 800-53;SI-10 Information Input Validation (P1)
Language: CPP
Group: CPP Buffer Overflow
Status: New
Finding Link: http://10.15.255.188/CxWebClient/ViewerMain.aspx?scanid=1000284&amp;projectid=339&amp;pathid=203

Source Object: memcpy
Filename: /Src/Receipt.c
Line Number: 771
Code: if ( strlen( tmp ) == 6 ) {

</failure>
	</testcase>
	<testcase name="Buffer Overflow boundedcpy2 (208) Severity: Medium">
		<failure>Category: PCI DSS v3.2;PCI DSS (3.2) - 6.5.2 - Buffer overflows,NIST SP 800-53;SI-10 Information Input Validation (P1)
Language: CPP
Group: CPP Buffer Overflow
Status: New
Finding Link: http://10.15.255.188/CxWebClient/ViewerMain.aspx?scanid=1000284&amp;projectid=339&amp;pathid=208

Source Object: memcpy
Filename: /Src/SYFProcesses.c
Line Number: 656
Code: memcpy( WorkBufferRight, tmp, 2 );

</failure>
	</testcase>
	<testcase name="Buffer Overflow boundedcpy2 (210) Severity: Medium">
		<failure>Category: PCI DSS v3.2;PCI DSS (3.2) - 6.5.2 - Buffer overflows,NIST SP 800-53;SI-10 Information Input Validation (P1)
Language: CPP
Group: CPP Buffer Overflow
Status: New
Finding Link: http://10.15.255.188/CxWebClient/ViewerMain.aspx?scanid=1000284&amp;projectid=339&amp;pathid=210

Source Object: memcpy
Filename: /Src/SYFProcesses.c
Line Number: 794
Code: memcpy( WorkBufferRight, tmp, 2 );

</failure>
	</testcase>
	<testcase name="Buffer Overflow boundedcpy2 (211) Severity: Medium">
		<failure>Category: PCI DSS v3.2;PCI DSS (3.2) - 6.5.2 - Buffer overflows,NIST SP 800-53;SI-10 Information Input Validation (P1)
Language: CPP
Group: CPP Buffer Overflow
Status: New
Finding Link: http://10.15.255.188/CxWebClient/ViewerMain.aspx?scanid=1000284&amp;projectid=339&amp;pathid=211

Source Object: memcmp
Filename: /Src/cu_param.c
Line Number: 1874
Code: data_elt_ptValue++;

</failure>
	</testcase>
	<testcase name="Buffer Overflow boundedcpy2 (212) Severity: Medium">
		<failure>Category: PCI DSS v3.2;PCI DSS (3.2) - 6.5.2 - Buffer overflows,NIST SP 800-53;SI-10 Information Input Validation (P1)
Language: CPP
Group: CPP Buffer Overflow
Status: New
Finding Link: http://10.15.255.188/CxWebClient/ViewerMain.aspx?scanid=1000284&amp;projectid=339&amp;pathid=212

Source Object: memcmp
Filename: /Src/cu_param.c
Line Number: 1906
Code: data_elt_ptValue++;

</failure>
	</testcase>
	<testcase name="Char Overflow (273) Severity: Medium">
		<failure>Category: PCI DSS v3.2;PCI DSS (3.2) - 6.5.2 - Buffer overflows,NIST SP 800-53;SI-10 Information Input Validation (P1)
Language: CPP
Group: CPP Integer Overflow
Status: New
Finding Link: http://10.15.255.188/CxWebClient/ViewerMain.aspx?scanid=1000284&amp;projectid=339&amp;pathid=273

Source Object: AssignExpr
Filename: /Src/cu_param.c
Line Number: 1145

</failure>
	</testcase>
	<testcase name="Char Overflow (276) Severity: Medium">
		<failure>Category: PCI DSS v3.2;PCI DSS (3.2) - 6.5.2 - Buffer overflows,NIST SP 800-53;SI-10 Information Input Validation (P1)
Language: CPP
Group: CPP Integer Overflow
Status: New
Finding Link: http://10.15.255.188/CxWebClient/ViewerMain.aspx?scanid=1000284&amp;projectid=339&amp;pathid=276

Source Object: AssignExpr
Filename: /Src/Gpinpad.c
Line Number: 372
Code: if ( appli_index == 0 ) {

</failure>
	</testcase>
	<testcase name="Dangerous Functions (1000) Severity: Medium">
		<failure>Category: OWASP Top 10 2013;A9-Using Components with Known Vulnerabilities
Language: CPP
Group: CPP Medium Threat
Status: New
Finding Link: http://10.15.255.188/CxWebClient/ViewerMain.aspx?scanid=1000284&amp;projectid=339&amp;pathid=1000

Source Object: strlen
Filename: /Src/GOALScreens.c
Line Number: 40
Code: strncat( TitleWithMM, Merchants[gMerchIndex].Name, 50 - strlen( Title ) - 3 );

</failure>
	</testcase>
	<testcase name="Dangerous Functions (1005) Severity: Medium">
		<failure>Category: OWASP Top 10 2013;A9-Using Components with Known Vulnerabilities
Language: CPP
Group: CPP Medium Threat
Status: New
Finding Link: http://10.15.255.188/CxWebClient/ViewerMain.aspx?scanid=1000284&amp;projectid=339&amp;pathid=1005

Source Object: strlen
Filename: /Src/GOALScreens.c
Line Number: 833
Code: Len = strlen( ( char * ) elt.ptValue );

</failure>
	</testcase>
	<testcase name="Dangerous Functions (1008) Severity: Medium">
		<failure>Category: OWASP Top 10 2013;A9-Using Components with Known Vulnerabilities
Language: CPP
Group: CPP Medium Threat
Status: New
Finding Link: http://10.15.255.188/CxWebClient/ViewerMain.aspx?scanid=1000284&amp;projectid=339&amp;pathid=1008

Source Object: strlen
Filename: /Src/GOALScreens.c
Line Number: 1277
Code: StrIndex = strlen( Mask );

</failure>
	</testcase>
	<testcase name="Dangerous Functions (1011) Severity: Medium">
		<failure>Category: OWASP Top 10 2013;A9-Using Components with Known Vulnerabilities
Language: CPP
Group: CPP Medium Threat
Status: New
Finding Link: http://10.15.255.188/CxWebClient/ViewerMain.aspx?scanid=1000284&amp;projectid=339&amp;pathid=1011

Source Object: strlen
Filename: /Src/Gpinpad.c
Line Number: 584
Code: strcpy( tmpBuffer, &quot;                &quot; ); // init with spaces

</failure>
	</testcase>
	<testcase name="Dangerous Functions (1015) Severity: Medium">
		<failure>Category: OWASP Top 10 2013;A9-Using Components with Known Vulnerabilities
Language: CPP
Group: CPP Medium Threat
Status: New
Finding Link: http://10.15.255.188/CxWebClient/ViewerMain.aspx?scanid=1000284&amp;projectid=339&amp;pathid=1015

Source Object: strlen
Filename: /Src/ListScreen.c
Line Number: 470
Code: Title = GL_Widget_SearchId( window, SCROLL_CHOICE_HEADER );

</failure>
	</testcase>
	<testcase name="Dangerous Functions (1021) Severity: Medium">
		<failure>Category: OWASP Top 10 2013;A9-Using Components with Known Vulnerabilities
Language: CPP
Group: CPP Medium Threat
Status: New
Finding Link: http://10.15.255.188/CxWebClient/ViewerMain.aspx?scanid=1000284&amp;projectid=339&amp;pathid=1021

Source Object: strlen
Filename: /Src/MyTlvTree.c
Line Number: 261

</failure>
	</testcase>
	<testcase name="Dangerous Functions (1026) Severity: Medium">
		<failure>Category: OWASP Top 10 2013;A9-Using Components with Known Vulnerabilities
Language: CPP
Group: CPP Medium Threat
Status: New
Finding Link: http://10.15.255.188/CxWebClient/ViewerMain.aspx?scanid=1000284&amp;projectid=339&amp;pathid=1026

Source Object: strlen
Filename: /Src/process.c
Line Number: 648
Code: if ( strlen( voucher_number ) &gt; 0 )

</failure>
	</testcase>
	<testcase name="Dangerous Functions (1029) Severity: Medium">
		<failure>Category: OWASP Top 10 2013;A9-Using Components with Known Vulnerabilities
Language: CPP
Group: CPP Medium Threat
Status: New
Finding Link: http://10.15.255.188/CxWebClient/ViewerMain.aspx?scanid=1000284&amp;projectid=339&amp;pathid=1029

Source Object: strlen
Filename: /Src/Receipt.c
Line Number: 32

</failure>
	</testcase>
	<testcase name="Dangerous Functions (1030) Severity: Medium">
		<failure>Category: OWASP Top 10 2013;A9-Using Components with Known Vulnerabilities
Language: CPP
Group: CPP Medium Threat
Status: New
Finding Link: http://10.15.255.188/CxWebClient/ViewerMain.aspx?scanid=1000284&amp;projectid=339&amp;pathid=1030

Source Object: strlen
Filename: /Src/Receipt.c
Line Number: 124
Code: memcpy( tmp, elt.ptValue, elt.length );

</failure>
	</testcase>
	<testcase name="Dangerous Functions (1034) Severity: Medium">
		<failure>Category: OWASP Top 10 2013;A9-Using Components with Known Vulnerabilities
Language: CPP
Group: CPP Medium Threat
Status: New
Finding Link: http://10.15.255.188/CxWebClient/ViewerMain.aspx?scanid=1000284&amp;projectid=339&amp;pathid=1034

Source Object: strlen
Filename: /Src/Receipt.c
Line Number: 247
Code: } else {

</failure>
	</testcase>
	<testcase name="Dangerous Functions (1038) Severity: Medium">
		<failure>Category: OWASP Top 10 2013;A9-Using Components with Known Vulnerabilities
Language: CPP
Group: CPP Medium Threat
Status: New
Finding Link: http://10.15.255.188/CxWebClient/ViewerMain.aspx?scanid=1000284&amp;projectid=339&amp;pathid=1038

Source Object: strlen
Filename: /Src/Receipt.c
Line Number: 465

</failure>
	</testcase>
	<testcase name="Dangerous Functions (1039) Severity: Medium">
		<failure>Category: OWASP Top 10 2013;A9-Using Components with Known Vulnerabilities
Language: CPP
Group: CPP Medium Threat
Status: New
Finding Link: http://10.15.255.188/CxWebClient/ViewerMain.aspx?scanid=1000284&amp;projectid=339&amp;pathid=1039

Source Object: strlen
Filename: /Src/Receipt.c
Line Number: 474
Code: memcpy( tmp, elt.ptValue, elt.length );

</failure>
	</testcase>
	<testcase name="Dangerous Functions (1040) Severity: Medium">
		<failure>Category: OWASP Top 10 2013;A9-Using Components with Known Vulnerabilities
Language: CPP
Group: CPP Medium Threat
Status: New
Finding Link: http://10.15.255.188/CxWebClient/ViewerMain.aspx?scanid=1000284&amp;projectid=339&amp;pathid=1040

Source Object: strlen
Filename: /Src/Receipt.c
Line Number: 494
Code: //If last character is '.' then truncate it.

</failure>
	</testcase>
	<testcase name="Dangerous Functions (1041) Severity: Medium">
		<failure>Category: OWASP Top 10 2013;A9-Using Components with Known Vulnerabilities
Language: CPP
Group: CPP Medium Threat
Status: New
Finding Link: http://10.15.255.188/CxWebClient/ViewerMain.aspx?scanid=1000284&amp;projectid=339&amp;pathid=1041

Source Object: strlen
Filename: /Src/Receipt.c
Line Number: 532
Code: } else {

</failure>
	</testcase>
	<testcase name="Dangerous Functions (1042) Severity: Medium">
		<failure>Category: OWASP Top 10 2013;A9-Using Components with Known Vulnerabilities
Language: CPP
Group: CPP Medium Threat
Status: New
Finding Link: http://10.15.255.188/CxWebClient/ViewerMain.aspx?scanid=1000284&amp;projectid=339&amp;pathid=1042

Source Object: strlen
Filename: /Src/Receipt.c
Line Number: 597
Code: memcpy( tmp, elt.ptValue, elt.length );

</failure>
	</testcase>
	<testcase name="Dangerous Functions (1045) Severity: Medium">
		<failure>Category: OWASP Top 10 2013;A9-Using Components with Known Vulnerabilities
Language: CPP
Group: CPP Medium Threat
Status: New
Finding Link: http://10.15.255.188/CxWebClient/ViewerMain.aspx?scanid=1000284&amp;projectid=339&amp;pathid=1045

Source Object: strlen
Filename: /Src/Receipt.c
Line Number: 642
Code: memcpy( tmp, elt.ptValue, elt.length );

</failure>
	</testcase>
	<testcase name="Dangerous Functions (1046) Severity: Medium">
		<failure>Category: OWASP Top 10 2013;A9-Using Components with Known Vulnerabilities
Language: CPP
Group: CPP Medium Threat
Status: New
Finding Link: http://10.15.255.188/CxWebClient/ViewerMain.aspx?scanid=1000284&amp;projectid=339&amp;pathid=1046

Source Object: strlen
Filename: /Src/Receipt.c
Line Number: 662
Code: //If last character is '.' then truncate it.

</failure>
	</testcase>
	<testcase name="Dangerous Functions (1047) Severity: Medium">
		<failure>Category: OWASP Top 10 2013;A9-Using Components with Known Vulnerabilities
Language: CPP
Group: CPP Medium Threat
Status: New
Finding Link: http://10.15.255.188/CxWebClient/ViewerMain.aspx?scanid=1000284&amp;projectid=339&amp;pathid=1047

Source Object: strlen
Filename: /Src/Receipt.c
Line Number: 701
Code: } else {

</failure>
	</testcase>
	<testcase name="Dangerous Functions (1049) Severity: Medium">
		<failure>Category: OWASP Top 10 2013;A9-Using Components with Known Vulnerabilities
Language: CPP
Group: CPP Medium Threat
Status: New
Finding Link: http://10.15.255.188/CxWebClient/ViewerMain.aspx?scanid=1000284&amp;projectid=339&amp;pathid=1049

Source Object: strlen
Filename: /Src/Receipt.c
Line Number: 782
Code: memcpy( tmp, elt.ptValue, elt.length );

</failure>
	</testcase>
	<testcase name="Dangerous Functions (1051) Severity: Medium">
		<failure>Category: OWASP Top 10 2013;A9-Using Components with Known Vulnerabilities
Language: CPP
Group: CPP Medium Threat
Status: New
Finding Link: http://10.15.255.188/CxWebClient/ViewerMain.aspx?scanid=1000284&amp;projectid=339&amp;pathid=1051

Source Object: strlen
Filename: /Src/Receipt.c
Line Number: 855
Code: memcpy( tmp, elt.ptValue, elt.length );

</failure>
	</testcase>
	<testcase name="Dangerous Functions (1057) Severity: Medium">
		<failure>Category: OWASP Top 10 2013;A9-Using Components with Known Vulnerabilities
Language: CPP
Group: CPP Medium Threat
Status: New
Finding Link: http://10.15.255.188/CxWebClient/ViewerMain.aspx?scanid=1000284&amp;projectid=339&amp;pathid=1057

Source Object: strlen
Filename: /Src/Receipt.c
Line Number: 1194
Code: if (!InternalPrinter())     // avoid crashing in iPP (no printer) when calling GL_Document_Print

</failure>
	</testcase>
	<testcase name="Dangerous Functions (1058) Severity: Medium">
		<failure>Category: OWASP Top 10 2013;A9-Using Components with Known Vulnerabilities
Language: CPP
Group: CPP Medium Threat
Status: New
Finding Link: http://10.15.255.188/CxWebClient/ViewerMain.aspx?scanid=1000284&amp;projectid=339&amp;pathid=1058

Source Object: strlen
Filename: /Src/SetupClerk.c
Line Number: 85

</failure>
	</testcase>
	<testcase name="Dangerous Functions (1062) Severity: Medium">
		<failure>Category: OWASP Top 10 2013;A9-Using Components with Known Vulnerabilities
Language: CPP
Group: CPP Medium Threat
Status: New
Finding Link: http://10.15.255.188/CxWebClient/ViewerMain.aspx?scanid=1000284&amp;projectid=339&amp;pathid=1062

Source Object: strlen
Filename: /Src/SetupClerk.c
Line Number: 572
Code: }

</failure>
	</testcase>
	<testcase name="Dangerous Functions (1063) Severity: Medium">
		<failure>Category: OWASP Top 10 2013;A9-Using Components with Known Vulnerabilities
Language: CPP
Group: CPP Medium Threat
Status: New
Finding Link: http://10.15.255.188/CxWebClient/ViewerMain.aspx?scanid=1000284&amp;projectid=339&amp;pathid=1063

Source Object: strlen
Filename: /Src/SetupClerk.c
Line Number: 667
Code: ufree( gParam [ Index ].pValue );

</failure>
	</testcase>
	<testcase name="Dangerous Functions (1065) Severity: Medium">
		<failure>Category: OWASP Top 10 2013;A9-Using Components with Known Vulnerabilities
Language: CPP
Group: CPP Medium Threat
Status: New
Finding Link: http://10.15.255.188/CxWebClient/ViewerMain.aspx?scanid=1000284&amp;projectid=339&amp;pathid=1065

Source Object: strlen
Filename: /Src/SetupClerk.c
Line Number: 866
Code: ufree( gParam [ Index ].pValue );

</failure>
	</testcase>
	<testcase name="Dangerous Functions (1066) Severity: Medium">
		<failure>Category: OWASP Top 10 2013;A9-Using Components with Known Vulnerabilities
Language: CPP
Group: CPP Medium Threat
Status: New
Finding Link: http://10.15.255.188/CxWebClient/ViewerMain.aspx?scanid=1000284&amp;projectid=339&amp;pathid=1066

Source Object: strlen
Filename: /Src/sha1.c
Line Number: 368
Code: sha.Message_Digest[3], sha.Message_Digest[4] );

</failure>
	</testcase>
	<testcase name="Dangerous Functions (1067) Severity: Medium">
		<failure>Category: OWASP Top 10 2013;A9-Using Components with Known Vulnerabilities
Language: CPP
Group: CPP Medium Threat
Status: New
Finding Link: http://10.15.255.188/CxWebClient/ViewerMain.aspx?scanid=1000284&amp;projectid=339&amp;pathid=1067

Source Object: strlen
Filename: /Src/SharedComm.c
Line Number: 921
Code: pCurrent = MML;

</failure>
	</testcase>
	<testcase name="Dangerous Functions (1069) Severity: Medium">
		<failure>Category: OWASP Top 10 2013;A9-Using Components with Known Vulnerabilities
Language: CPP
Group: CPP Medium Threat
Status: New
Finding Link: http://10.15.255.188/CxWebClient/ViewerMain.aspx?scanid=1000284&amp;projectid=339&amp;pathid=1069

Source Object: strlen
Filename: /Src/SharedComm.c
Line Number: 573

</failure>
	</testcase>
	<testcase name="Dangerous Functions (1070) Severity: Medium">
		<failure>Category: OWASP Top 10 2013;A9-Using Components with Known Vulnerabilities
Language: CPP
Group: CPP Medium Threat
Status: New
Finding Link: http://10.15.255.188/CxWebClient/ViewerMain.aspx?scanid=1000284&amp;projectid=339&amp;pathid=1070

Source Object: strlen
Filename: /Src/SharedComm.c
Line Number: 610

</failure>
	</testcase>
	<testcase name="Dangerous Functions (1071) Severity: Medium">
		<failure>Category: OWASP Top 10 2013;A9-Using Components with Known Vulnerabilities
Language: CPP
Group: CPP Medium Threat
Status: New
Finding Link: http://10.15.255.188/CxWebClient/ViewerMain.aspx?scanid=1000284&amp;projectid=339&amp;pathid=1071

Source Object: strlen
Filename: /Src/SharedComm.c
Line Number: 671
Code: //Add CA CERT file

</failure>
	</testcase>
	<testcase name="Dangerous Functions (1073) Severity: Medium">
		<failure>Category: OWASP Top 10 2013;A9-Using Components with Known Vulnerabilities
Language: CPP
Group: CPP Medium Threat
Status: New
Finding Link: http://10.15.255.188/CxWebClient/ViewerMain.aspx?scanid=1000284&amp;projectid=339&amp;pathid=1073

Source Object: strlen
Filename: /Src/SharedComm.c
Line Number: 713

</failure>
	</testcase>
	<testcase name="Dangerous Functions (1074) Severity: Medium">
		<failure>Category: OWASP Top 10 2013;A9-Using Components with Known Vulnerabilities
Language: CPP
Group: CPP Medium Threat
Status: New
Finding Link: http://10.15.255.188/CxWebClient/ViewerMain.aspx?scanid=1000284&amp;projectid=339&amp;pathid=1074

Source Object: strlen
Filename: /Src/SharedComm.c
Line Number: 715
Code: if ( tag )

</failure>
	</testcase>
	<testcase name="Dangerous Functions (1076) Severity: Medium">
		<failure>Category: OWASP Top 10 2013;A9-Using Components with Known Vulnerabilities
Language: CPP
Group: CPP Medium Threat
Status: New
Finding Link: http://10.15.255.188/CxWebClient/ViewerMain.aspx?scanid=1000284&amp;projectid=339&amp;pathid=1076

Source Object: strlen
Filename: /Src/SI_LL_COM.c
Line Number: 262
Code: pEndTag[strlen( DETAIL_TAG_END )] = 0;

</failure>
	</testcase>
	<testcase name="Dangerous Functions (1077) Severity: Medium">
		<failure>Category: OWASP Top 10 2013;A9-Using Components with Known Vulnerabilities
Language: CPP
Group: CPP Medium Threat
Status: New
Finding Link: http://10.15.255.188/CxWebClient/ViewerMain.aspx?scanid=1000284&amp;projectid=339&amp;pathid=1077

Source Object: strlen
Filename: /Src/SI_LL_COM.c
Line Number: 334
Code: if ( SendToApplication( EPXPAY_APPLI_TYPE, 0, strlen( SEMI_INT_PROCESS ) + 1, ( byte * ) SEMI_INT_PROCESS ) == 1 ) {

</failure>
	</testcase>
	<testcase name="Dangerous Functions (1082) Severity: Medium">
		<failure>Category: OWASP Top 10 2013;A9-Using Components with Known Vulnerabilities
Language: CPP
Group: CPP Medium Threat
Status: New
Finding Link: http://10.15.255.188/CxWebClient/ViewerMain.aspx?scanid=1000284&amp;projectid=339&amp;pathid=1082

Source Object: strlen
Filename: /Src/SI_SSL_COM.c
Line Number: 404
Code: pEndTag[strlen((char *) DETAIL_TAG_END)] = 0;

</failure>
	</testcase>
	<testcase name="Dangerous Functions (1083) Severity: Medium">
		<failure>Category: OWASP Top 10 2013;A9-Using Components with Known Vulnerabilities
Language: CPP
Group: CPP Medium Threat
Status: New
Finding Link: http://10.15.255.188/CxWebClient/ViewerMain.aspx?scanid=1000284&amp;projectid=339&amp;pathid=1083

Source Object: strlen
Filename: /Src/SI_SSL_COM.c
Line Number: 406
Code: *BufferIndex = strlen((char *) Buffer);

</failure>
	</testcase>
	<testcase name="Dangerous Functions (1086) Severity: Medium">
		<failure>Category: OWASP Top 10 2013;A9-Using Components with Known Vulnerabilities
Language: CPP
Group: CPP Medium Threat
Status: New
Finding Link: http://10.15.255.188/CxWebClient/ViewerMain.aspx?scanid=1000284&amp;projectid=339&amp;pathid=1086

Source Object: strlen
Filename: /Src/SI_TCP_COM.c
Line Number: 398
Code: ResponseBuffer, strlen(ResponseBuffer), 0);

</failure>
	</testcase>
	<testcase name="Dangerous Functions (1087) Severity: Medium">
		<failure>Category: OWASP Top 10 2013;A9-Using Components with Known Vulnerabilities
Language: CPP
Group: CPP Medium Threat
Status: New
Finding Link: http://10.15.255.188/CxWebClient/ViewerMain.aspx?scanid=1000284&amp;projectid=339&amp;pathid=1087

Source Object: strlen
Filename: /Src/SI_TCP_COM.c
Line Number: 254
Code: pEndTag[strlen((char *) DETAIL_TAG_END)] = 0;

</failure>
	</testcase>
	<testcase name="Dangerous Functions (1088) Severity: Medium">
		<failure>Category: OWASP Top 10 2013;A9-Using Components with Known Vulnerabilities
Language: CPP
Group: CPP Medium Threat
Status: New
Finding Link: http://10.15.255.188/CxWebClient/ViewerMain.aspx?scanid=1000284&amp;projectid=339&amp;pathid=1088

Source Object: strlen
Filename: /Src/SI_TCP_COM.c
Line Number: 256
Code: *BufferIndex = strlen((char *) Buffer);

</failure>
	</testcase>
	<testcase name="Dangerous Functions (1089) Severity: Medium">
		<failure>Category: OWASP Top 10 2013;A9-Using Components with Known Vulnerabilities
Language: CPP
Group: CPP Medium Threat
Status: New
Finding Link: http://10.15.255.188/CxWebClient/ViewerMain.aspx?scanid=1000284&amp;projectid=339&amp;pathid=1089

Source Object: strlen
Filename: /Src/Signature.c
Line Number: 102
Code: if ( MountStatus == FS_OK ) {

</failure>
	</testcase>
	<testcase name="Dangerous Functions (1090) Severity: Medium">
		<failure>Category: OWASP Top 10 2013;A9-Using Components with Known Vulnerabilities
Language: CPP
Group: CPP Medium Threat
Status: New
Finding Link: http://10.15.255.188/CxWebClient/ViewerMain.aspx?scanid=1000284&amp;projectid=339&amp;pathid=1090

Source Object: strlen
Filename: /Src/Signature.c
Line Number: 109
Code: if ( Result == FS_OK ) {

</failure>
	</testcase>
	<testcase name="Dangerous Functions (1091) Severity: Medium">
		<failure>Category: OWASP Top 10 2013;A9-Using Components with Known Vulnerabilities
Language: CPP
Group: CPP Medium Threat
Status: New
Finding Link: http://10.15.255.188/CxWebClient/ViewerMain.aspx?scanid=1000284&amp;projectid=339&amp;pathid=1091

Source Object: strlen
Filename: /Src/Signature.c
Line Number: 187
Code: } else {

</failure>
	</testcase>
	<testcase name="Dangerous Functions (1093) Severity: Medium">
		<failure>Category: OWASP Top 10 2013;A9-Using Components with Known Vulnerabilities
Language: CPP
Group: CPP Medium Threat
Status: New
Finding Link: http://10.15.255.188/CxWebClient/ViewerMain.aspx?scanid=1000284&amp;projectid=339&amp;pathid=1093

Source Object: strlen
Filename: /Src/SIServer.c
Line Number: 381
Code: Telium_Sprintf(sBuffer,&quot;Telium_Socket_send() Write: %d bytes&quot;,strlen(ResponseBuffer));

</failure>
	</testcase>
	<testcase name="Dangerous Functions (1094) Severity: Medium">
		<failure>Category: OWASP Top 10 2013;A9-Using Components with Known Vulnerabilities
Language: CPP
Group: CPP Medium Threat
Status: New
Finding Link: http://10.15.255.188/CxWebClient/ViewerMain.aspx?scanid=1000284&amp;projectid=339&amp;pathid=1094

Source Object: strlen
Filename: /Src/SIServer.c
Line Number: 383
Code: ResponseLen = strlen(ResponseBuffer);

</failure>
	</testcase>
	<testcase name="Dangerous Functions (1095) Severity: Medium">
		<failure>Category: OWASP Top 10 2013;A9-Using Components with Known Vulnerabilities
Language: CPP
Group: CPP Medium Threat
Status: New
Finding Link: http://10.15.255.188/CxWebClient/ViewerMain.aspx?scanid=1000284&amp;projectid=339&amp;pathid=1095

Source Object: strlen
Filename: /Src/SIServer.c
Line Number: 424
Code: Telium_Sprintf(sBuffer,&quot;Telium_Socket_send() Write: %d bytes&quot;,strlen(ResponseBuffer));

</failure>
	</testcase>
	<testcase name="Dangerous Functions (1096) Severity: Medium">
		<failure>Category: OWASP Top 10 2013;A9-Using Components with Known Vulnerabilities
Language: CPP
Group: CPP Medium Threat
Status: New
Finding Link: http://10.15.255.188/CxWebClient/ViewerMain.aspx?scanid=1000284&amp;projectid=339&amp;pathid=1096

Source Object: strlen
Filename: /Src/SIServer.c
Line Number: 426
Code: ResponseLen = strlen(ResponseBuffer);

</failure>
	</testcase>
	<testcase name="Dangerous Functions (1097) Severity: Medium">
		<failure>Category: OWASP Top 10 2013;A9-Using Components with Known Vulnerabilities
Language: CPP
Group: CPP Medium Threat
Status: New
Finding Link: http://10.15.255.188/CxWebClient/ViewerMain.aspx?scanid=1000284&amp;projectid=339&amp;pathid=1097

Source Object: strlen
Filename: /Src/SIServer.c
Line Number: 481
Code: Result =  SSL_Write( hSession,SI_HTTP_ErrorS0,strlen(SI_HTTP_ErrorS0), 100 );

</failure>
	</testcase>
	<testcase name="Dangerous Functions (1101) Severity: Medium">
		<failure>Category: OWASP Top 10 2013;A9-Using Components with Known Vulnerabilities
Language: CPP
Group: CPP Medium Threat
Status: New
Finding Link: http://10.15.255.188/CxWebClient/ViewerMain.aspx?scanid=1000284&amp;projectid=339&amp;pathid=1101

Source Object: strlen
Filename: /Src/SIServer.c
Line Number: 222
Code: wrapValue( WorkBuffer, strlen(WorkBuffer), (char *) SI_EMV_TVR, Content, MaxContentSize );

</failure>
	</testcase>
	<testcase name="Dangerous Functions (1102) Severity: Medium">
		<failure>Category: OWASP Top 10 2013;A9-Using Components with Known Vulnerabilities
Language: CPP
Group: CPP Medium Threat
Status: New
Finding Link: http://10.15.255.188/CxWebClient/ViewerMain.aspx?scanid=1000284&amp;projectid=339&amp;pathid=1102

Source Object: strlen
Filename: /Src/SIServer.c
Line Number: 228
Code: wrapValue( WorkBuffer, strlen(WorkBuffer), (char *) SI_EMV_TSI, Content, MaxContentSize );

</failure>
	</testcase>
	<testcase name="Dangerous Functions (1103) Severity: Medium">
		<failure>Category: OWASP Top 10 2013;A9-Using Components with Known Vulnerabilities
Language: CPP
Group: CPP Medium Threat
Status: New
Finding Link: http://10.15.255.188/CxWebClient/ViewerMain.aspx?scanid=1000284&amp;projectid=339&amp;pathid=1103

Source Object: strlen
Filename: /Src/SIServer.c
Line Number: 242
Code: wrapValue( (char *) WorkBuffer, strlen(WorkBuffer), (char *) SI_SIGNATURE_REQUIRED, Content, MaxContentSize );

</failure>
	</testcase>
	<testcase name="Dangerous Functions (1106) Severity: Medium">
		<failure>Category: OWASP Top 10 2013;A9-Using Components with Known Vulnerabilities
Language: CPP
Group: CPP Medium Threat
Status: New
Finding Link: http://10.15.255.188/CxWebClient/ViewerMain.aspx?scanid=1000284&amp;projectid=339&amp;pathid=1106

Source Object: strlen
Filename: /Src/SIServer.c
Line Number: 266
Code: reqLen = strlen(ResponseBuffer);

</failure>
	</testcase>
	<testcase name="Dangerous Functions (1108) Severity: Medium">
		<failure>Category: OWASP Top 10 2013;A9-Using Components with Known Vulnerabilities
Language: CPP
Group: CPP Medium Threat
Status: New
Finding Link: http://10.15.255.188/CxWebClient/ViewerMain.aspx?scanid=1000284&amp;projectid=339&amp;pathid=1108

Source Object: strlen
Filename: /Src/StringUtils.c
Line Number: 73
Code: }

</failure>
	</testcase>
	<testcase name="Dangerous Functions (1109) Severity: Medium">
		<failure>Category: OWASP Top 10 2013;A9-Using Components with Known Vulnerabilities
Language: CPP
Group: CPP Medium Threat
Status: New
Finding Link: http://10.15.255.188/CxWebClient/ViewerMain.aspx?scanid=1000284&amp;projectid=339&amp;pathid=1109

Source Object: strlen
Filename: /Src/StringUtils.c
Line Number: 103
Code: }

</failure>
	</testcase>
	<testcase name="Dangerous Functions (1110) Severity: Medium">
		<failure>Category: OWASP Top 10 2013;A9-Using Components with Known Vulnerabilities
Language: CPP
Group: CPP Medium Threat
Status: New
Finding Link: http://10.15.255.188/CxWebClient/ViewerMain.aspx?scanid=1000284&amp;projectid=339&amp;pathid=1110

Source Object: strlen
Filename: /Src/StringUtils.c
Line Number: 121
Code: strcpy( pStr, Temp );

</failure>
	</testcase>
	<testcase name="Dangerous Functions (1116) Severity: Medium">
		<failure>Category: OWASP Top 10 2013;A9-Using Components with Known Vulnerabilities
Language: CPP
Group: CPP Medium Threat
Status: New
Finding Link: http://10.15.255.188/CxWebClient/ViewerMain.aspx?scanid=1000284&amp;projectid=339&amp;pathid=1116

Source Object: strlen
Filename: /Src/StringUtils.c
Line Number: 222
Code: //Parse parameter string containing arguments as &quot;ARG1|ARG2|ARG3&quot;

</failure>
	</testcase>
	<testcase name="Dangerous Functions (1117) Severity: Medium">
		<failure>Category: OWASP Top 10 2013;A9-Using Components with Known Vulnerabilities
Language: CPP
Group: CPP Medium Threat
Status: New
Finding Link: http://10.15.255.188/CxWebClient/ViewerMain.aspx?scanid=1000284&amp;projectid=339&amp;pathid=1117

Source Object: strlen
Filename: /Src/StringUtils.c
Line Number: 228
Code: *Index = NULL;

</failure>
	</testcase>
	<testcase name="Dangerous Functions (1118) Severity: Medium">
		<failure>Category: OWASP Top 10 2013;A9-Using Components with Known Vulnerabilities
Language: CPP
Group: CPP Medium Threat
Status: New
Finding Link: http://10.15.255.188/CxWebClient/ViewerMain.aspx?scanid=1000284&amp;projectid=339&amp;pathid=1118

Source Object: strlen
Filename: /Src/StringUtils.c
Line Number: 241
Code: *WorkPointer = NULL;

</failure>
	</testcase>
	<testcase name="Dangerous Functions (1122) Severity: Medium">
		<failure>Category: OWASP Top 10 2013;A9-Using Components with Known Vulnerabilities
Language: CPP
Group: CPP Medium Threat
Status: New
Finding Link: http://10.15.255.188/CxWebClient/ViewerMain.aspx?scanid=1000284&amp;projectid=339&amp;pathid=1122

Source Object: strlen
Filename: /Src/SwipeScreen.c
Line Number: 129
Code: if ( ( strlen( card_num ) &gt;= 12 ) &amp;&amp; ( strlen( card_num ) &lt;= 19 ) ) {

</failure>
	</testcase>
	<testcase name="Dangerous Functions (1126) Severity: Medium">
		<failure>Category: OWASP Top 10 2013;A9-Using Components with Known Vulnerabilities
Language: CPP
Group: CPP Medium Threat
Status: New
Finding Link: http://10.15.255.188/CxWebClient/ViewerMain.aspx?scanid=1000284&amp;projectid=339&amp;pathid=1126

Source Object: strlen
Filename: /Src/SwipeScreen.c
Line Number: 592
Code: if ( strlen( zip ) &gt; 0 ) {

</failure>
	</testcase>
	<testcase name="Dangerous Functions (1127) Severity: Medium">
		<failure>Category: OWASP Top 10 2013;A9-Using Components with Known Vulnerabilities
Language: CPP
Group: CPP Medium Threat
Status: New
Finding Link: http://10.15.255.188/CxWebClient/ViewerMain.aspx?scanid=1000284&amp;projectid=339&amp;pathid=1127

Source Object: strlen
Filename: /Src/SwipeScreen.c
Line Number: 602
Code: if ( strlen( exp_date ) &gt; 0 ) {

</failure>
	</testcase>
	<testcase name="Dangerous Functions (1130) Severity: Medium">
		<failure>Category: OWASP Top 10 2013;A9-Using Components with Known Vulnerabilities
Language: CPP
Group: CPP Medium Threat
Status: New
Finding Link: http://10.15.255.188/CxWebClient/ViewerMain.aspx?scanid=1000284&amp;projectid=339&amp;pathid=1130

Source Object: strlen
Filename: /Src/SYFProcesses.c
Line Number: 176
Code: if ( strlen( szCardNumber ) == 0 )

</failure>
	</testcase>
	<testcase name="Dangerous Functions (1132) Severity: Medium">
		<failure>Category: OWASP Top 10 2013;A9-Using Components with Known Vulnerabilities
Language: CPP
Group: CPP Medium Threat
Status: New
Finding Link: http://10.15.255.188/CxWebClient/ViewerMain.aspx?scanid=1000284&amp;projectid=339&amp;pathid=1132

Source Object: strlen
Filename: /Src/SYFProcesses.c
Line Number: 569
Code: if ( Merchants [ gMerchIndex ].RecLogo &amp;&amp; ( strlen( Merchants [ gMerchIndex ].RecLogo ) &gt; 0 ) ) {

</failure>
	</testcase>
	<testcase name="Dangerous Functions (1134) Severity: Medium">
		<failure>Category: OWASP Top 10 2013;A9-Using Components with Known Vulnerabilities
Language: CPP
Group: CPP Medium Threat
Status: New
Finding Link: http://10.15.255.188/CxWebClient/ViewerMain.aspx?scanid=1000284&amp;projectid=339&amp;pathid=1134

Source Object: strlen
Filename: /Src/SYFProcesses.c
Line Number: 655
Code: if ( strlen( tmp ) == 6 ) {

</failure>
	</testcase>
	<testcase name="Dangerous Functions (1135) Severity: Medium">
		<failure>Category: OWASP Top 10 2013;A9-Using Components with Known Vulnerabilities
Language: CPP
Group: CPP Medium Threat
Status: New
Finding Link: http://10.15.255.188/CxWebClient/ViewerMain.aspx?scanid=1000284&amp;projectid=339&amp;pathid=1135

Source Object: strlen
Filename: /Src/SYFProcesses.c
Line Number: 779
Code: if ( strlen( tmp ) == 6 ) {

</failure>
	</testcase>
	<testcase name="Dangerous Functions (1139) Severity: Medium">
		<failure>Category: OWASP Top 10 2013;A9-Using Components with Known Vulnerabilities
Language: CPP
Group: CPP Medium Threat
Status: New
Finding Link: http://10.15.255.188/CxWebClient/ViewerMain.aspx?scanid=1000284&amp;projectid=339&amp;pathid=1139

Source Object: strlen
Filename: /Src/term_params.c
Line Number: 350
Code: } else if ( ( GetTermParmInt( PARAM_CLERK_PROMPT ) == 2 ) &amp;&amp; ( strlen( Name ) &gt; 0 ) ) {

</failure>
	</testcase>
	<testcase name="Dangerous Functions (1141) Severity: Medium">
		<failure>Category: OWASP Top 10 2013;A9-Using Components with Known Vulnerabilities
Language: CPP
Group: CPP Medium Threat
Status: New
Finding Link: http://10.15.255.188/CxWebClient/ViewerMain.aspx?scanid=1000284&amp;projectid=339&amp;pathid=1141

Source Object: strlen
Filename: /Src/term_params.c
Line Number: 358
Code: if ( strlen( ID ) &gt; 0 ) {

</failure>
	</testcase>
	<testcase name="Dangerous Functions (1144) Severity: Medium">
		<failure>Category: OWASP Top 10 2013;A9-Using Components with Known Vulnerabilities
Language: CPP
Group: CPP Medium Threat
Status: New
Finding Link: http://10.15.255.188/CxWebClient/ViewerMain.aspx?scanid=1000284&amp;projectid=339&amp;pathid=1144

Source Object: strlen
Filename: /Src/term_params.c
Line Number: 467
Code: NewLen = strlen( NewValue );

</failure>
	</testcase>
	<testcase name="Dangerous Functions (1145) Severity: Medium">
		<failure>Category: OWASP Top 10 2013;A9-Using Components with Known Vulnerabilities
Language: CPP
Group: CPP Medium Threat
Status: New
Finding Link: http://10.15.255.188/CxWebClient/ViewerMain.aspx?scanid=1000284&amp;projectid=339&amp;pathid=1145

Source Object: strlen
Filename: /Src/term_params.c
Line Number: 572
Code: if ( ( ElementCount &gt;= 6 ) &amp;&amp; ( strlen( MerchArgs[5] ) &gt; 0 ) ) {

</failure>
	</testcase>
	<testcase name="Dangerous Functions (1146) Severity: Medium">
		<failure>Category: OWASP Top 10 2013;A9-Using Components with Known Vulnerabilities
Language: CPP
Group: CPP Medium Threat
Status: New
Finding Link: http://10.15.255.188/CxWebClient/ViewerMain.aspx?scanid=1000284&amp;projectid=339&amp;pathid=1146

Source Object: strlen
Filename: /Src/term_params.c
Line Number: 576
Code: if ( ( ElementCount &gt;= 7 ) &amp;&amp; ( strlen( MerchArgs[6] ) &gt; 0 ) ) {

</failure>
	</testcase>
	<testcase name="Dangerous Functions (1148) Severity: Medium">
		<failure>Category: OWASP Top 10 2013;A9-Using Components with Known Vulnerabilities
Language: CPP
Group: CPP Medium Threat
Status: New
Finding Link: http://10.15.255.188/CxWebClient/ViewerMain.aspx?scanid=1000284&amp;projectid=339&amp;pathid=1148

Source Object: strlen
Filename: /Src/term_params.c
Line Number: 683
Code: if ( IncomingFileName &amp;&amp; ( strlen( IncomingFileName ) &gt; 0 ) ) {

</failure>
	</testcase>
	<testcase name="Dangerous Functions (1150) Severity: Medium">
		<failure>Category: OWASP Top 10 2013;A9-Using Components with Known Vulnerabilities
Language: CPP
Group: CPP Medium Threat
Status: New
Finding Link: http://10.15.255.188/CxWebClient/ViewerMain.aspx?scanid=1000284&amp;projectid=339&amp;pathid=1150

Source Object: strlen
Filename: /Src/term_params.c
Line Number: 931
Code: Len = strlen( gParam[Index].pValue );

</failure>
	</testcase>
	<testcase name="Dangerous Functions (1153) Severity: Medium">
		<failure>Category: OWASP Top 10 2013;A9-Using Components with Known Vulnerabilities
Language: CPP
Group: CPP Medium Threat
Status: New
Finding Link: http://10.15.255.188/CxWebClient/ViewerMain.aspx?scanid=1000284&amp;projectid=339&amp;pathid=1153

Source Object: strlen
Filename: /Src/term_params.c
Line Number: 1199
Code: if ( gParam[PARAM_PriHostAuth].pValue &amp;&amp; ( strlen( gParam[PARAM_PriHostAuth].pValue ) &gt; 0 ) ) {

</failure>
	</testcase>
	<testcase name="Dangerous Functions (1154) Severity: Medium">
		<failure>Category: OWASP Top 10 2013;A9-Using Components with Known Vulnerabilities
Language: CPP
Group: CPP Medium Threat
Status: New
Finding Link: http://10.15.255.188/CxWebClient/ViewerMain.aspx?scanid=1000284&amp;projectid=339&amp;pathid=1154

Source Object: strlen
Filename: /Src/term_params.c
Line Number: 1205
Code: if ( gParam[PARAM_SecHostAuth].pValue &amp;&amp; ( strlen( gParam[PARAM_SecHostAuth].pValue ) &gt; 0 ) ) {

</failure>
	</testcase>
	<testcase name="Dangerous Functions (1155) Severity: Medium">
		<failure>Category: OWASP Top 10 2013;A9-Using Components with Known Vulnerabilities
Language: CPP
Group: CPP Medium Threat
Status: New
Finding Link: http://10.15.255.188/CxWebClient/ViewerMain.aspx?scanid=1000284&amp;projectid=339&amp;pathid=1155

Source Object: strlen
Filename: /Src/term_params.c
Line Number: 1210
Code: if ( gParam[PARAM_PriHostSettle].pValue &amp;&amp; ( strlen( gParam[PARAM_PriHostSettle].pValue ) &gt; 0 ) ) {

</failure>
	</testcase>
	<testcase name="Dangerous Functions (1157) Severity: Medium">
		<failure>Category: OWASP Top 10 2013;A9-Using Components with Known Vulnerabilities
Language: CPP
Group: CPP Medium Threat
Status: New
Finding Link: http://10.15.255.188/CxWebClient/ViewerMain.aspx?scanid=1000284&amp;projectid=339&amp;pathid=1157

Source Object: strlen
Filename: /Src/TipProcess.c
Line Number: 98
Code: } else {

</failure>
	</testcase>
	<testcase name="Dangerous Functions (1160) Severity: Medium">
		<failure>Category: OWASP Top 10 2013;A9-Using Components with Known Vulnerabilities
Language: CPP
Group: CPP Medium Threat
Status: New
Finding Link: http://10.15.255.188/CxWebClient/ViewerMain.aspx?scanid=1000284&amp;projectid=339&amp;pathid=1160

Source Object: strlen
Filename: /Src/TransactionUtil.c
Line Number: 247
Code: LenPAN = strlen( PAN );

</failure>
	</testcase>
	<testcase name="Dangerous Functions (1163) Severity: Medium">
		<failure>Category: OWASP Top 10 2013;A9-Using Components with Known Vulnerabilities
Language: CPP
Group: CPP Medium Threat
Status: New
Finding Link: http://10.15.255.188/CxWebClient/ViewerMain.aspx?scanid=1000284&amp;projectid=339&amp;pathid=1163

Source Object: strlen
Filename: /Src/TransactionUtil.c
Line Number: 321
Code: TlvTree_AddChild( gTransaction.hTLVTree, TAG_EPX_REASON_CODE, REV_REASON_ERROR, strlen( REV_REASON_ERROR ) + 1 );

</failure>
	</testcase>
	<testcase name="Dangerous Functions (1165) Severity: Medium">
		<failure>Category: OWASP Top 10 2013;A9-Using Components with Known Vulnerabilities
Language: CPP
Group: CPP Medium Threat
Status: New
Finding Link: http://10.15.255.188/CxWebClient/ViewerMain.aspx?scanid=1000284&amp;projectid=339&amp;pathid=1165

Source Object: strlen
Filename: /Src/TransactionUtil.c
Line Number: 1182
Code: if ( strlen( FirstName ) &gt; MAX_TRACK_NAME )

</failure>
	</testcase>
	<testcase name="Dangerous Functions (1167) Severity: Medium">
		<failure>Category: OWASP Top 10 2013;A9-Using Components with Known Vulnerabilities
Language: CPP
Group: CPP Medium Threat
Status: New
Finding Link: http://10.15.255.188/CxWebClient/ViewerMain.aspx?scanid=1000284&amp;projectid=339&amp;pathid=1167

Source Object: strlen
Filename: /Src/TransactionUtil.c
Line Number: 1306
Code: if ( gParam[PARAM_CurrCode].pValue &amp;&amp; ( strlen( gParam[PARAM_CurrCode].pValue ) &gt; 0 ) )

</failure>
	</testcase>
	<testcase name="Dangerous Functions (1169) Severity: Medium">
		<failure>Category: OWASP Top 10 2013;A9-Using Components with Known Vulnerabilities
Language: CPP
Group: CPP Medium Threat
Status: New
Finding Link: http://10.15.255.188/CxWebClient/ViewerMain.aspx?scanid=1000284&amp;projectid=339&amp;pathid=1169

Source Object: strlen
Filename: /Src/TransactionUtil.c
Line Number: 3180
Code: if ( gParam[PARAM_CurrCode].pValue &amp;&amp; strlen( gParam[PARAM_CurrCode].pValue ) ) {

</failure>
	</testcase>
	<testcase name="Dangerous Functions (1170) Severity: Medium">
		<failure>Category: OWASP Top 10 2013;A9-Using Components with Known Vulnerabilities
Language: CPP
Group: CPP Medium Threat
Status: New
Finding Link: http://10.15.255.188/CxWebClient/ViewerMain.aspx?scanid=1000284&amp;projectid=339&amp;pathid=1170

Source Object: strlen
Filename: /Src/TransSearch.c
Line Number: 209
Code: //Convert card_num to sha1 value;

</failure>
	</testcase>
	<testcase name="Dangerous Functions (1171) Severity: Medium">
		<failure>Category: OWASP Top 10 2013;A9-Using Components with Known Vulnerabilities
Language: CPP
Group: CPP Medium Threat
Status: New
Finding Link: http://10.15.255.188/CxWebClient/ViewerMain.aspx?scanid=1000284&amp;projectid=339&amp;pathid=1171

Source Object: strlen
Filename: /Src/Utils.c
Line Number: 1923
Code: unsigned int originalStringSize = strlen( s );

</failure>
	</testcase>
	<testcase name="Dangerous Functions (1172) Severity: Medium">
		<failure>Category: OWASP Top 10 2013;A9-Using Components with Known Vulnerabilities
Language: CPP
Group: CPP Medium Threat
Status: New
Finding Link: http://10.15.255.188/CxWebClient/ViewerMain.aspx?scanid=1000284&amp;projectid=339&amp;pathid=1172

Source Object: strlen
Filename: /Src/Utils.c
Line Number: 296
Code: if ( strlen( voucher_number ) &gt;= 6 ) {

</failure>
	</testcase>
	<testcase name="Dangerous Functions (1175) Severity: Medium">
		<failure>Category: OWASP Top 10 2013;A9-Using Components with Known Vulnerabilities
Language: CPP
Group: CPP Medium Threat
Status: New
Finding Link: http://10.15.255.188/CxWebClient/ViewerMain.aspx?scanid=1000284&amp;projectid=339&amp;pathid=1175

Source Object: strlen
Filename: /Src/Utils.c
Line Number: 604
Code: if ( Text &amp;&amp; ( strlen( Text ) &gt; 0 ) ) {

</failure>
	</testcase>
	<testcase name="Dangerous Functions (1177) Severity: Medium">
		<failure>Category: OWASP Top 10 2013;A9-Using Components with Known Vulnerabilities
Language: CPP
Group: CPP Medium Threat
Status: New
Finding Link: http://10.15.255.188/CxWebClient/ViewerMain.aspx?scanid=1000284&amp;projectid=339&amp;pathid=1177

Source Object: strlen
Filename: /Src/Utils.c
Line Number: 946
Code: if ( Merchants [ gMerchIndex ].Name &amp;&amp; ( strlen( Merchants [ gMerchIndex ].Name ) &gt; 0 ) ) {

</failure>
	</testcase>
	<testcase name="Dangerous Functions (1179) Severity: Medium">
		<failure>Category: OWASP Top 10 2013;A9-Using Components with Known Vulnerabilities
Language: CPP
Group: CPP Medium Threat
Status: New
Finding Link: http://10.15.255.188/CxWebClient/ViewerMain.aspx?scanid=1000284&amp;projectid=339&amp;pathid=1179

Source Object: strlen
Filename: /Src/Utils.c
Line Number: 1317
Code: if ( ( strlen( Label ) + strlen( Data ) + 2 ) &lt; sizeof( WorkBuffer ) ) {

</failure>
	</testcase>
	<testcase name="Dangerous Functions (1181) Severity: Medium">
		<failure>Category: OWASP Top 10 2013;A9-Using Components with Known Vulnerabilities
Language: CPP
Group: CPP Medium Threat
Status: New
Finding Link: http://10.15.255.188/CxWebClient/ViewerMain.aspx?scanid=1000284&amp;projectid=339&amp;pathid=1181

Source Object: strlen
Filename: /Src/Utils.c
Line Number: 1319
Code: Items [ ItemCount ] = ( char* ) umalloc( strlen( WorkBuffer ) + 1 );

</failure>
	</testcase>
	<testcase name="Dangerous Functions (1182) Severity: Medium">
		<failure>Category: OWASP Top 10 2013;A9-Using Components with Known Vulnerabilities
Language: CPP
Group: CPP Medium Threat
Status: New
Finding Link: http://10.15.255.188/CxWebClient/ViewerMain.aspx?scanid=1000284&amp;projectid=339&amp;pathid=1182

Source Object: strlen
Filename: /Src/Utils.c
Line Number: 1334
Code: if ( elt.ptValue &amp;&amp; strlen( ( char * ) elt.ptValue ) &gt; 0 ) {

</failure>
	</testcase>
	<testcase name="Dangerous Functions (1183) Severity: Medium">
		<failure>Category: OWASP Top 10 2013;A9-Using Components with Known Vulnerabilities
Language: CPP
Group: CPP Medium Threat
Status: New
Finding Link: http://10.15.255.188/CxWebClient/ViewerMain.aspx?scanid=1000284&amp;projectid=339&amp;pathid=1183

Source Object: strlen
Filename: /Src/Utils.c
Line Number: 1336
Code: if ( ( strlen( Label ) + strlen( ( char * ) elt.ptValue ) + 2 ) &lt; sizeof( WorkBuffer ) ) {

</failure>
	</testcase>
	<testcase name="Dangerous Functions (1185) Severity: Medium">
		<failure>Category: OWASP Top 10 2013;A9-Using Components with Known Vulnerabilities
Language: CPP
Group: CPP Medium Threat
Status: New
Finding Link: http://10.15.255.188/CxWebClient/ViewerMain.aspx?scanid=1000284&amp;projectid=339&amp;pathid=1185

Source Object: strlen
Filename: /Src/Utils.c
Line Number: 1338
Code: Items [ ItemCount ] = ( char* ) umalloc( strlen( WorkBuffer ) + 1 );

</failure>
	</testcase>
	<testcase name="Dangerous Functions (1186) Severity: Medium">
		<failure>Category: OWASP Top 10 2013;A9-Using Components with Known Vulnerabilities
Language: CPP
Group: CPP Medium Threat
Status: New
Finding Link: http://10.15.255.188/CxWebClient/ViewerMain.aspx?scanid=1000284&amp;projectid=339&amp;pathid=1186

Source Object: strlen
Filename: /Src/Utils.c
Line Number: 1606
Code: if ( PAN &amp;&amp; ( strlen( PAN ) &gt; 6 ) ) {

</failure>
	</testcase>
	<testcase name="Dangerous Functions (1188) Severity: Medium">
		<failure>Category: OWASP Top 10 2013;A9-Using Components with Known Vulnerabilities
Language: CPP
Group: CPP Medium Threat
Status: New
Finding Link: http://10.15.255.188/CxWebClient/ViewerMain.aspx?scanid=1000284&amp;projectid=339&amp;pathid=1188

Source Object: strlen
Filename: /Src/Utils.c
Line Number: 1740
Code: if ( Merchants [ gMerchIndex ].Name &amp;&amp; ( strlen( Merchants [ gMerchIndex ].Name ) &gt; 0 ) ) {

</failure>
	</testcase>
	<testcase name="Dangerous Functions (1189) Severity: Medium">
		<failure>Category: OWASP Top 10 2013;A9-Using Components with Known Vulnerabilities
Language: CPP
Group: CPP Medium Threat
Status: New
Finding Link: http://10.15.255.188/CxWebClient/ViewerMain.aspx?scanid=1000284&amp;projectid=339&amp;pathid=1189

Source Object: strlen
Filename: /Src/Utils.c
Line Number: 1907
Code: unsigned int stringSize = strlen( s );

</failure>
	</testcase>
	<testcase name="Dangerous Functions (1193) Severity: Medium">
		<failure>Category: OWASP Top 10 2013;A9-Using Components with Known Vulnerabilities
Language: CPP
Group: CPP Medium Threat
Status: New
Finding Link: http://10.15.255.188/CxWebClient/ViewerMain.aspx?scanid=1000284&amp;projectid=339&amp;pathid=1193

Source Object: strncpy
Filename: /Src/cu_param.c
Line Number: 1437
Code: // Path copy

</failure>
	</testcase>
	<testcase name="Dangerous Functions (1198) Severity: Medium">
		<failure>Category: OWASP Top 10 2013;A9-Using Components with Known Vulnerabilities
Language: CPP
Group: CPP Medium Threat
Status: New
Finding Link: http://10.15.255.188/CxWebClient/ViewerMain.aspx?scanid=1000284&amp;projectid=339&amp;pathid=1198

Source Object: strncpy
Filename: /Src/process.c
Line Number: 129
Code: strncpy(&amp;expDate[2],&amp;oldExpDate[0],2);

</failure>
	</testcase>
	<testcase name="Dangerous Functions (1199) Severity: Medium">
		<failure>Category: OWASP Top 10 2013;A9-Using Components with Known Vulnerabilities
Language: CPP
Group: CPP Medium Threat
Status: New
Finding Link: http://10.15.255.188/CxWebClient/ViewerMain.aspx?scanid=1000284&amp;projectid=339&amp;pathid=1199

Source Object: strncpy
Filename: /Src/StringUtils.c
Line Number: 39
Code: int firstNameLength = endPos - nameSepPos - 1;

</failure>
	</testcase>
	<testcase name="Dangerous Functions (287) Severity: Medium">
		<failure>Category: OWASP Top 10 2013;A9-Using Components with Known Vulnerabilities
Language: CPP
Group: CPP Medium Threat
Status: New
Finding Link: http://10.15.255.188/CxWebClient/ViewerMain.aspx?scanid=1000284&amp;projectid=339&amp;pathid=287

Source Object: memcpy
Filename: /Src/CLessParameters.c
Line Number: 263
Code: memcpy( gs_Parameter_AID[nNbAID].ucAID, TlvTree_GetData( pResearch ), TlvTree_GetLength( pResearch ) );

</failure>
	</testcase>
	<testcase name="Dangerous Functions (294) Severity: Medium">
		<failure>Category: OWASP Top 10 2013;A9-Using Components with Known Vulnerabilities
Language: CPP
Group: CPP Medium Threat
Status: New
Finding Link: http://10.15.255.188/CxWebClient/ViewerMain.aspx?scanid=1000284&amp;projectid=339&amp;pathid=294

Source Object: memcpy
Filename: /Src/cu_black.c
Line Number: 150
Code: T_CUBLACKL_data black_list_record;

</failure>
	</testcase>
	<testcase name="Dangerous Functions (295) Severity: Medium">
		<failure>Category: OWASP Top 10 2013;A9-Using Components with Known Vulnerabilities
Language: CPP
Group: CPP Medium Threat
Status: New
Finding Link: http://10.15.255.188/CxWebClient/ViewerMain.aspx?scanid=1000284&amp;projectid=339&amp;pathid=295

Source Object: memcpy
Filename: /Src/cu_black.c
Line Number: 153
Code: ret = B_TRUE;

</failure>
	</testcase>
	<testcase name="Dangerous Functions (297) Severity: Medium">
		<failure>Category: OWASP Top 10 2013;A9-Using Components with Known Vulnerabilities
Language: CPP
Group: CPP Medium Threat
Status: New
Finding Link: http://10.15.255.188/CxWebClient/ViewerMain.aspx?scanid=1000284&amp;projectid=339&amp;pathid=297

Source Object: memcpy
Filename: /Src/cu_disk.c
Line Number: 52
Code: //===========================================================================

</failure>
	</testcase>
	<testcase name="Dangerous Functions (298) Severity: Medium">
		<failure>Category: OWASP Top 10 2013;A9-Using Components with Known Vulnerabilities
Language: CPP
Group: CPP Medium Threat
Status: New
Finding Link: http://10.15.255.188/CxWebClient/ViewerMain.aspx?scanid=1000284&amp;projectid=339&amp;pathid=298

Source Object: memcpy
Filename: /Src/cu_mess.c
Line Number: 159
Code: message.type = type;

</failure>
	</testcase>
	<testcase name="Dangerous Functions (300) Severity: Medium">
		<failure>Category: OWASP Top 10 2013;A9-Using Components with Known Vulnerabilities
Language: CPP
Group: CPP Medium Threat
Status: New
Finding Link: http://10.15.255.188/CxWebClient/ViewerMain.aspx?scanid=1000284&amp;projectid=339&amp;pathid=300

Source Object: memcpy
Filename: /Src/cu_param.c
Line Number: 449
Code: // Next NumMark, this one isn't good

</failure>
	</testcase>
	<testcase name="Dangerous Functions (301) Severity: Medium">
		<failure>Category: OWASP Top 10 2013;A9-Using Components with Known Vulnerabilities
Language: CPP
Group: CPP Medium Threat
Status: New
Finding Link: http://10.15.255.188/CxWebClient/ViewerMain.aspx?scanid=1000284&amp;projectid=339&amp;pathid=301

Source Object: memcpy
Filename: /Src/cu_param.c
Line Number: 465

</failure>
	</testcase>
	<testcase name="Dangerous Functions (306) Severity: Medium">
		<failure>Category: OWASP Top 10 2013;A9-Using Components with Known Vulnerabilities
Language: CPP
Group: CPP Medium Threat
Status: New
Finding Link: http://10.15.255.188/CxWebClient/ViewerMain.aspx?scanid=1000284&amp;projectid=339&amp;pathid=306

Source Object: memcpy
Filename: /Src/cu_param.c
Line Number: 584

</failure>
	</testcase>
	<testcase name="Dangerous Functions (307) Severity: Medium">
		<failure>Category: OWASP Top 10 2013;A9-Using Components with Known Vulnerabilities
Language: CPP
Group: CPP Medium Threat
Status: New
Finding Link: http://10.15.255.188/CxWebClient/ViewerMain.aspx?scanid=1000284&amp;projectid=339&amp;pathid=307

Source Object: memcpy
Filename: /Src/cu_param.c
Line Number: 585
Code: cr = PAR_ReadParameter( TAG_CERT_AUTH_PUB_KEY_INDEX_TERM, &amp;data );

</failure>
	</testcase>
	<testcase name="Dangerous Functions (310) Severity: Medium">
		<failure>Category: OWASP Top 10 2013;A9-Using Components with Known Vulnerabilities
Language: CPP
Group: CPP Medium Threat
Status: New
Finding Link: http://10.15.255.188/CxWebClient/ViewerMain.aspx?scanid=1000284&amp;projectid=339&amp;pathid=310

Source Object: memcpy
Filename: /Src/cu_param.c
Line Number: 614

</failure>
	</testcase>
	<testcase name="Dangerous Functions (311) Severity: Medium">
		<failure>Category: OWASP Top 10 2013;A9-Using Components with Known Vulnerabilities
Language: CPP
Group: CPP Medium Threat
Status: New
Finding Link: http://10.15.255.188/CxWebClient/ViewerMain.aspx?scanid=1000284&amp;projectid=339&amp;pathid=311

Source Object: memcpy
Filename: /Src/cu_param.c
Line Number: 616
Code: if ( ( cr ) &amp;&amp; ( data.elt.length &lt; 4 ) ) {

</failure>
	</testcase>
	<testcase name="Dangerous Functions (313) Severity: Medium">
		<failure>Category: OWASP Top 10 2013;A9-Using Components with Known Vulnerabilities
Language: CPP
Group: CPP Medium Threat
Status: New
Finding Link: http://10.15.255.188/CxWebClient/ViewerMain.aspx?scanid=1000284&amp;projectid=339&amp;pathid=313

Source Object: memcpy
Filename: /Src/cu_param.c
Line Number: 715
Code: i_l_found = TRUE;

</failure>
	</testcase>
	<testcase name="Dangerous Functions (314) Severity: Medium">
		<failure>Category: OWASP Top 10 2013;A9-Using Components with Known Vulnerabilities
Language: CPP
Group: CPP Medium Threat
Status: New
Finding Link: http://10.15.255.188/CxWebClient/ViewerMain.aspx?scanid=1000284&amp;projectid=339&amp;pathid=314

Source Object: memcpy
Filename: /Src/cu_param.c
Line Number: 717
Code: *ModulusLength = key.length;

</failure>
	</testcase>
	<testcase name="Dangerous Functions (318) Severity: Medium">
		<failure>Category: OWASP Top 10 2013;A9-Using Components with Known Vulnerabilities
Language: CPP
Group: CPP Medium Threat
Status: New
Finding Link: http://10.15.255.188/CxWebClient/ViewerMain.aspx?scanid=1000284&amp;projectid=339&amp;pathid=318

Source Object: memcpy
Filename: /Src/cu_param.c
Line Number: 1085
Code: uc_l_ind_Tag_CA++;

</failure>
	</testcase>
	<testcase name="Dangerous Functions (319) Severity: Medium">
		<failure>Category: OWASP Top 10 2013;A9-Using Components with Known Vulnerabilities
Language: CPP
Group: CPP Medium Threat
Status: New
Finding Link: http://10.15.255.188/CxWebClient/ViewerMain.aspx?scanid=1000284&amp;projectid=339&amp;pathid=319

Source Object: memcpy
Filename: /Src/cu_param.c
Line Number: 1086
Code: }

</failure>
	</testcase>
	<testcase name="Dangerous Functions (320) Severity: Medium">
		<failure>Category: OWASP Top 10 2013;A9-Using Components with Known Vulnerabilities
Language: CPP
Group: CPP Medium Threat
Status: New
Finding Link: http://10.15.255.188/CxWebClient/ViewerMain.aspx?scanid=1000284&amp;projectid=339&amp;pathid=320

Source Object: memcpy
Filename: /Src/cu_param.c
Line Number: 1087
Code: CA_revok-&gt;Taglength [ uc_l_ind_Tag_CA ] = CA_revok-&gt;Taglength [ uc_l_ind_Tag_CA ] + 9;

</failure>
	</testcase>
	<testcase name="Dangerous Functions (321) Severity: Medium">
		<failure>Category: OWASP Top 10 2013;A9-Using Components with Known Vulnerabilities
Language: CPP
Group: CPP Medium Threat
Status: New
Finding Link: http://10.15.255.188/CxWebClient/ViewerMain.aspx?scanid=1000284&amp;projectid=339&amp;pathid=321

Source Object: memcpy
Filename: /Src/cu_param.c
Line Number: 1143
Code: // Return always TRUE

</failure>
	</testcase>
	<testcase name="Dangerous Functions (325) Severity: Medium">
		<failure>Category: OWASP Top 10 2013;A9-Using Components with Known Vulnerabilities
Language: CPP
Group: CPP Medium Threat
Status: New
Finding Link: http://10.15.255.188/CxWebClient/ViewerMain.aspx?scanid=1000284&amp;projectid=339&amp;pathid=325

Source Object: memcpy
Filename: /Src/cu_serv.c
Line Number: 294
Code: memcpy( &amp;( AIDList[elt.length] ), ( char * ) &amp;( tab_AID[i].AID ), tab_AID[i].len_Aid );

</failure>
	</testcase>
	<testcase name="Dangerous Functions (326) Severity: Medium">
		<failure>Category: OWASP Top 10 2013;A9-Using Components with Known Vulnerabilities
Language: CPP
Group: CPP Medium Threat
Status: New
Finding Link: http://10.15.255.188/CxWebClient/ViewerMain.aspx?scanid=1000284&amp;projectid=339&amp;pathid=326

Source Object: memcpy
Filename: /Src/cu_serv.c
Line Number: 340
Code: memcpy( AID, Data_Elt.ptValue, Data_Elt.length );

</failure>
	</testcase>
	<testcase name="Dangerous Functions (331) Severity: Medium">
		<failure>Category: OWASP Top 10 2013;A9-Using Components with Known Vulnerabilities
Language: CPP
Group: CPP Medium Threat
Status: New
Finding Link: http://10.15.255.188/CxWebClient/ViewerMain.aspx?scanid=1000284&amp;projectid=339&amp;pathid=331

Source Object: memcpy
Filename: /Src/cu_serv.c
Line Number: 836
Code: memcpy( &amp;S_GlobalRamData.DateNextCheckTMS, &amp;WorkDate, sizeof(date_t) );

</failure>
	</testcase>
	<testcase name="Dangerous Functions (332) Severity: Medium">
		<failure>Category: OWASP Top 10 2013;A9-Using Components with Known Vulnerabilities
Language: CPP
Group: CPP Medium Threat
Status: New
Finding Link: http://10.15.255.188/CxWebClient/ViewerMain.aspx?scanid=1000284&amp;projectid=339&amp;pathid=332

Source Object: memcpy
Filename: /Src/cu_serv.c
Line Number: 1368
Code: memcpy( AID, Data_Elt.ptValue, Data_Elt.length );

</failure>
	</testcase>
	<testcase name="Dangerous Functions (333) Severity: Medium">
		<failure>Category: OWASP Top 10 2013;A9-Using Components with Known Vulnerabilities
Language: CPP
Group: CPP Medium Threat
Status: New
Finding Link: http://10.15.255.188/CxWebClient/ViewerMain.aspx?scanid=1000284&amp;projectid=339&amp;pathid=333

Source Object: memcpy
Filename: /Src/cu_serv.c
Line Number: 1520
Code: memcpy( AID, Data_Elt.ptValue, Data_Elt.length );

</failure>
	</testcase>
	<testcase name="Dangerous Functions (340) Severity: Medium">
		<failure>Category: OWASP Top 10 2013;A9-Using Components with Known Vulnerabilities
Language: CPP
Group: CPP Medium Threat
Status: New
Finding Link: http://10.15.255.188/CxWebClient/ViewerMain.aspx?scanid=1000284&amp;projectid=339&amp;pathid=340

Source Object: memcpy
Filename: /Src/cu_trfile.c
Line Number: 330
Code: case 1: {

</failure>
	</testcase>
	<testcase name="Dangerous Functions (342) Severity: Medium">
		<failure>Category: OWASP Top 10 2013;A9-Using Components with Known Vulnerabilities
Language: CPP
Group: CPP Medium Threat
Status: New
Finding Link: http://10.15.255.188/CxWebClient/ViewerMain.aspx?scanid=1000284&amp;projectid=339&amp;pathid=342

Source Object: memcpy
Filename: /Src/cu_trfile.c
Line Number: 361
Code: case 2: {

</failure>
	</testcase>
	<testcase name="Dangerous Functions (343) Severity: Medium">
		<failure>Category: OWASP Top 10 2013;A9-Using Components with Known Vulnerabilities
Language: CPP
Group: CPP Medium Threat
Status: New
Finding Link: http://10.15.255.188/CxWebClient/ViewerMain.aspx?scanid=1000284&amp;projectid=339&amp;pathid=343

Source Object: memcpy
Filename: /Src/cu_trfile.c
Line Number: 375
Code: crc16_trans = crc16_ccitt( &amp;puc_begin_buf [ INT_LEN + sizeof( ItemHeader ) ], ItemHeader.CurrentSize );

</failure>
	</testcase>
	<testcase name="Dangerous Functions (345) Severity: Medium">
		<failure>Category: OWASP Top 10 2013;A9-Using Components with Known Vulnerabilities
Language: CPP
Group: CPP Medium Threat
Status: New
Finding Link: http://10.15.255.188/CxWebClient/ViewerMain.aspx?scanid=1000284&amp;projectid=339&amp;pathid=345

Source Object: memcpy
Filename: /Src/cu_trfile.c
Line Number: 421

</failure>
	</testcase>
	<testcase name="Dangerous Functions (346) Severity: Medium">
		<failure>Category: OWASP Top 10 2013;A9-Using Components with Known Vulnerabilities
Language: CPP
Group: CPP Medium Threat
Status: New
Finding Link: http://10.15.255.188/CxWebClient/ViewerMain.aspx?scanid=1000284&amp;projectid=339&amp;pathid=346

Source Object: memcpy
Filename: /Src/cu_trfile.c
Line Number: 486
Code: break;

</failure>
	</testcase>
	<testcase name="Dangerous Functions (350) Severity: Medium">
		<failure>Category: OWASP Top 10 2013;A9-Using Components with Known Vulnerabilities
Language: CPP
Group: CPP Medium Threat
Status: New
Finding Link: http://10.15.255.188/CxWebClient/ViewerMain.aspx?scanid=1000284&amp;projectid=339&amp;pathid=350

Source Object: memcpy
Filename: /Src/cu_trfile.c
Line Number: 725
Code: break;

</failure>
	</testcase>
	<testcase name="Dangerous Functions (351) Severity: Medium">
		<failure>Category: OWASP Top 10 2013;A9-Using Components with Known Vulnerabilities
Language: CPP
Group: CPP Medium Threat
Status: New
Finding Link: http://10.15.255.188/CxWebClient/ViewerMain.aspx?scanid=1000284&amp;projectid=339&amp;pathid=351

Source Object: memcpy
Filename: /Src/cu_trfile.c
Line Number: 740
Code: if ( crc16_calculated == crc16_read ) {

</failure>
	</testcase>
	<testcase name="Dangerous Functions (352) Severity: Medium">
		<failure>Category: OWASP Top 10 2013;A9-Using Components with Known Vulnerabilities
Language: CPP
Group: CPP Medium Threat
Status: New
Finding Link: http://10.15.255.188/CxWebClient/ViewerMain.aspx?scanid=1000284&amp;projectid=339&amp;pathid=352

Source Object: memcpy
Filename: /Src/cu_trfile.c
Line Number: 809
Code: // Update the T_Transaction_File structure

</failure>
	</testcase>
	<testcase name="Dangerous Functions (353) Severity: Medium">
		<failure>Category: OWASP Top 10 2013;A9-Using Components with Known Vulnerabilities
Language: CPP
Group: CPP Medium Threat
Status: New
Finding Link: http://10.15.255.188/CxWebClient/ViewerMain.aspx?scanid=1000284&amp;projectid=339&amp;pathid=353

Source Object: memcpy
Filename: /Src/cu_trfile.c
Line Number: 918
Code: elt.tag = TlvTree_GetTag( hTree );

</failure>
	</testcase>
	<testcase name="Dangerous Functions (354) Severity: Medium">
		<failure>Category: OWASP Top 10 2013;A9-Using Components with Known Vulnerabilities
Language: CPP
Group: CPP Medium Threat
Status: New
Finding Link: http://10.15.255.188/CxWebClient/ViewerMain.aspx?scanid=1000284&amp;projectid=339&amp;pathid=354

Source Object: memcpy
Filename: /Src/cu_trfile.c
Line Number: 924
Code: // Get the length and store it into buffer

</failure>
	</testcase>
	<testcase name="Dangerous Functions (356) Severity: Medium">
		<failure>Category: OWASP Top 10 2013;A9-Using Components with Known Vulnerabilities
Language: CPP
Group: CPP Medium Threat
Status: New
Finding Link: http://10.15.255.188/CxWebClient/ViewerMain.aspx?scanid=1000284&amp;projectid=339&amp;pathid=356

Source Object: memcpy
Filename: /Src/DetailRPTReceipt.c
Line Number: 103
Code: if ( Extract_Element_TLV_Tree( &amp;hTLVTran, TAG_EPX_TRAN_TYPE, &amp;elt ) ) {

</failure>
	</testcase>
	<testcase name="Dangerous Functions (357) Severity: Medium">
		<failure>Category: OWASP Top 10 2013;A9-Using Components with Known Vulnerabilities
Language: CPP
Group: CPP Medium Threat
Status: New
Finding Link: http://10.15.255.188/CxWebClient/ViewerMain.aspx?scanid=1000284&amp;projectid=339&amp;pathid=357

Source Object: memcpy
Filename: /Src/E2EE.c
Line Number: 146
Code: memset( sClearText, 'F', RequiredLen );

</failure>
	</testcase>
	<testcase name="Dangerous Functions (358) Severity: Medium">
		<failure>Category: OWASP Top 10 2013;A9-Using Components with Known Vulnerabilities
Language: CPP
Group: CPP Medium Threat
Status: New
Finding Link: http://10.15.255.188/CxWebClient/ViewerMain.aspx?scanid=1000284&amp;projectid=339&amp;pathid=358

Source Object: memcpy
Filename: /Src/E2EE.c
Line Number: 162
Code: sClearText[0] = ';'; //Track 2

</failure>
	</testcase>
	<testcase name="Dangerous Functions (365) Severity: Medium">
		<failure>Category: OWASP Top 10 2013;A9-Using Components with Known Vulnerabilities
Language: CPP
Group: CPP Medium Threat
Status: New
Finding Link: http://10.15.255.188/CxWebClient/ViewerMain.aspx?scanid=1000284&amp;projectid=339&amp;pathid=365

Source Object: memcpy
Filename: /Src/Entry.c
Line Number: 750
Code: memcpy( outAIDCandidateList.list[index_AID].issuerCountryCode, pTagBuff, tagLength );

</failure>
	</testcase>
	<testcase name="Dangerous Functions (366) Severity: Medium">
		<failure>Category: OWASP Top 10 2013;A9-Using Components with Known Vulnerabilities
Language: CPP
Group: CPP Medium Threat
Status: New
Finding Link: http://10.15.255.188/CxWebClient/ViewerMain.aspx?scanid=1000284&amp;projectid=339&amp;pathid=366

Source Object: memcpy
Filename: /Src/Entry.c
Line Number: 756
Code: memcpy( outAIDCandidateList.list[index_AID].issuerIdentificationNumber, pTagBuff, tagLength );

</failure>
	</testcase>
	<testcase name="Dangerous Functions (368) Severity: Medium">
		<failure>Category: OWASP Top 10 2013;A9-Using Components with Known Vulnerabilities
Language: CPP
Group: CPP Medium Threat
Status: New
Finding Link: http://10.15.255.188/CxWebClient/ViewerMain.aspx?scanid=1000284&amp;projectid=339&amp;pathid=368

Source Object: memcpy
Filename: /Src/Entry.c
Line Number: 770
Code: memcpy( outAIDCandidateList.list[index_AID].preferredName, Data_Elt.ptValue, Data_Elt.length );

</failure>
	</testcase>
	<testcase name="Dangerous Functions (369) Severity: Medium">
		<failure>Category: OWASP Top 10 2013;A9-Using Components with Known Vulnerabilities
Language: CPP
Group: CPP Medium Threat
Status: New
Finding Link: http://10.15.255.188/CxWebClient/ViewerMain.aspx?scanid=1000284&amp;projectid=339&amp;pathid=369

Source Object: memcpy
Filename: /Src/Entry.c
Line Number: 775
Code: memcpy( outAIDCandidateList.list[index_AID].languagePreference, Data_Elt.ptValue, Data_Elt.length );

</failure>
	</testcase>
	<testcase name="Dangerous Functions (370) Severity: Medium">
		<failure>Category: OWASP Top 10 2013;A9-Using Components with Known Vulnerabilities
Language: CPP
Group: CPP Medium Threat
Status: New
Finding Link: http://10.15.255.188/CxWebClient/ViewerMain.aspx?scanid=1000284&amp;projectid=339&amp;pathid=370

Source Object: memcpy
Filename: /Src/Entry.c
Line Number: 1489
Code: memcpy( &amp;paramseq, param_out, sizeof( paramseq ) );

</failure>
	</testcase>
	<testcase name="Dangerous Functions (372) Severity: Medium">
		<failure>Category: OWASP Top 10 2013;A9-Using Components with Known Vulnerabilities
Language: CPP
Group: CPP Medium Threat
Status: New
Finding Link: http://10.15.255.188/CxWebClient/ViewerMain.aspx?scanid=1000284&amp;projectid=339&amp;pathid=372

Source Object: memcpy
Filename: /Src/Entry.c
Line Number: 1564
Code: memcpy( &amp;S_GlobalRamData.DateNextSettle, &amp;WorkDate, sizeof(date_t) );

</failure>
	</testcase>
	<testcase name="Dangerous Functions (373) Severity: Medium">
		<failure>Category: OWASP Top 10 2013;A9-Using Components with Known Vulnerabilities
Language: CPP
Group: CPP Medium Threat
Status: New
Finding Link: http://10.15.255.188/CxWebClient/ViewerMain.aspx?scanid=1000284&amp;projectid=339&amp;pathid=373

Source Object: memcpy
Filename: /Src/Entry.c
Line Number: 1569
Code: memcpy( &amp;S_GlobalRamData.DateNextCheckTMS, &amp;WorkDate, sizeof(date_t) );

</failure>
	</testcase>
	<testcase name="Dangerous Functions (374) Severity: Medium">
		<failure>Category: OWASP Top 10 2013;A9-Using Components with Known Vulnerabilities
Language: CPP
Group: CPP Medium Threat
Status: New
Finding Link: http://10.15.255.188/CxWebClient/ViewerMain.aspx?scanid=1000284&amp;projectid=339&amp;pathid=374

Source Object: memcpy
Filename: /Src/Entry.c
Line Number: 1633
Code: memcpy( &amp;etatout, param_out, sizeof( etatout ) );

</failure>
	</testcase>
	<testcase name="Dangerous Functions (375) Severity: Medium">
		<failure>Category: OWASP Top 10 2013;A9-Using Components with Known Vulnerabilities
Language: CPP
Group: CPP Medium Threat
Status: New
Finding Link: http://10.15.255.188/CxWebClient/ViewerMain.aspx?scanid=1000284&amp;projectid=339&amp;pathid=375

Source Object: memcpy
Filename: /Src/Entry.c
Line Number: 1639
Code: memcpy( param_out, &amp;etatout, sizeof( etatout ) );

</failure>
	</testcase>
	<testcase name="Dangerous Functions (376) Severity: Medium">
		<failure>Category: OWASP Top 10 2013;A9-Using Components with Known Vulnerabilities
Language: CPP
Group: CPP Medium Threat
Status: New
Finding Link: http://10.15.255.188/CxWebClient/ViewerMain.aspx?scanid=1000284&amp;projectid=339&amp;pathid=376

Source Object: memcpy
Filename: /Src/Entry.c
Line Number: 1875
Code: memcpy( &amp;etatout, param_out, sizeof( etatout ) );

</failure>
	</testcase>
	<testcase name="Dangerous Functions (377) Severity: Medium">
		<failure>Category: OWASP Top 10 2013;A9-Using Components with Known Vulnerabilities
Language: CPP
Group: CPP Medium Threat
Status: New
Finding Link: http://10.15.255.188/CxWebClient/ViewerMain.aspx?scanid=1000284&amp;projectid=339&amp;pathid=377

Source Object: memcpy
Filename: /Src/Entry.c
Line Number: 1879
Code: memcpy( param_out, &amp;etatout, sizeof( etatout ) );

</failure>
	</testcase>
	<testcase name="Dangerous Functions (378) Severity: Medium">
		<failure>Category: OWASP Top 10 2013;A9-Using Components with Known Vulnerabilities
Language: CPP
Group: CPP Medium Threat
Status: New
Finding Link: http://10.15.255.188/CxWebClient/ViewerMain.aspx?scanid=1000284&amp;projectid=339&amp;pathid=378

Source Object: memcpy
Filename: /Src/Entry.c
Line Number: 1900
Code: memcpy( &amp;param_changed, param_in, sizeof( param_changed ) );

</failure>
	</testcase>
	<testcase name="Dangerous Functions (379) Severity: Medium">
		<failure>Category: OWASP Top 10 2013;A9-Using Components with Known Vulnerabilities
Language: CPP
Group: CPP Medium Threat
Status: New
Finding Link: http://10.15.255.188/CxWebClient/ViewerMain.aspx?scanid=1000284&amp;projectid=339&amp;pathid=379

Source Object: memcpy
Filename: /Src/Entry.c
Line Number: 2089
Code: memcpy( &amp;etatout, param_out, sizeof( etatout ) );

</failure>
	</testcase>
	<testcase name="Dangerous Functions (381) Severity: Medium">
		<failure>Category: OWASP Top 10 2013;A9-Using Components with Known Vulnerabilities
Language: CPP
Group: CPP Medium Threat
Status: New
Finding Link: http://10.15.255.188/CxWebClient/ViewerMain.aspx?scanid=1000284&amp;projectid=339&amp;pathid=381

Source Object: memcpy
Filename: /Src/Entry.c
Line Number: 2115
Code: memcpy( &amp;card_out, param_out, sizeof( card_out ) );

</failure>
	</testcase>
	<testcase name="Dangerous Functions (383) Severity: Medium">
		<failure>Category: OWASP Top 10 2013;A9-Using Components with Known Vulnerabilities
Language: CPP
Group: CPP Medium Threat
Status: New
Finding Link: http://10.15.255.188/CxWebClient/ViewerMain.aspx?scanid=1000284&amp;projectid=339&amp;pathid=383

Source Object: memcpy
Filename: /Src/Entry.c
Line Number: 2172
Code: memcpy( &amp;transaction_out, trans_out, sizeof(S_TRANSOUT) );

</failure>
	</testcase>
	<testcase name="Dangerous Functions (384) Severity: Medium">
		<failure>Category: OWASP Top 10 2013;A9-Using Components with Known Vulnerabilities
Language: CPP
Group: CPP Medium Threat
Status: New
Finding Link: http://10.15.255.188/CxWebClient/ViewerMain.aspx?scanid=1000284&amp;projectid=339&amp;pathid=384

Source Object: memcpy
Filename: /Src/Entry.c
Line Number: 2203
Code: memcpy( param_out, &amp;transaction_out, sizeof( transaction_out ) );

</failure>
	</testcase>
	<testcase name="Dangerous Functions (385) Severity: Medium">
		<failure>Category: OWASP Top 10 2013;A9-Using Components with Known Vulnerabilities
Language: CPP
Group: CPP Medium Threat
Status: New
Finding Link: http://10.15.255.188/CxWebClient/ViewerMain.aspx?scanid=1000284&amp;projectid=339&amp;pathid=385

Source Object: memcpy
Filename: /Src/Entry.c
Line Number: 2367
Code: memcpy( ( char * ) &amp;etatout, ( char * ) param_out, sizeof( etatout ) );

</failure>
	</testcase>
	<testcase name="Dangerous Functions (386) Severity: Medium">
		<failure>Category: OWASP Top 10 2013;A9-Using Components with Known Vulnerabilities
Language: CPP
Group: CPP Medium Threat
Status: New
Finding Link: http://10.15.255.188/CxWebClient/ViewerMain.aspx?scanid=1000284&amp;projectid=339&amp;pathid=386

Source Object: memcpy
Filename: /Src/Entry.c
Line Number: 2378
Code: memcpy( param_out, &amp;etatout, sizeof( etatout ) );

</failure>
	</testcase>
	<testcase name="Dangerous Functions (391) Severity: Medium">
		<failure>Category: OWASP Top 10 2013;A9-Using Components with Known Vulnerabilities
Language: CPP
Group: CPP Medium Threat
Status: New
Finding Link: http://10.15.255.188/CxWebClient/ViewerMain.aspx?scanid=1000284&amp;projectid=339&amp;pathid=391

Source Object: memcpy
Filename: /Src/EPXComm.c
Line Number: 1054
Code: memcpy( pBuffer, pACK + 1, *nLength );

</failure>
	</testcase>
	<testcase name="Dangerous Functions (392) Severity: Medium">
		<failure>Category: OWASP Top 10 2013;A9-Using Components with Known Vulnerabilities
Language: CPP
Group: CPP Medium Threat
Status: New
Finding Link: http://10.15.255.188/CxWebClient/ViewerMain.aspx?scanid=1000284&amp;projectid=339&amp;pathid=392

Source Object: memcpy
Filename: /Src/EPXComm.c
Line Number: 1070
Code: memcpy( pBuffer, pENQ + 1, *nLength );

</failure>
	</testcase>
	<testcase name="Dangerous Functions (393) Severity: Medium">
		<failure>Category: OWASP Top 10 2013;A9-Using Components with Known Vulnerabilities
Language: CPP
Group: CPP Medium Threat
Status: New
Finding Link: http://10.15.255.188/CxWebClient/ViewerMain.aspx?scanid=1000284&amp;projectid=339&amp;pathid=393

Source Object: memcpy
Filename: /Src/EPXComm.c
Line Number: 1093
Code: memcpy( WorkBuffer, pStartTag, MsgLen );

</failure>
	</testcase>
	<testcase name="Dangerous Functions (397) Severity: Medium">
		<failure>Category: OWASP Top 10 2013;A9-Using Components with Known Vulnerabilities
Language: CPP
Group: CPP Medium Threat
Status: New
Finding Link: http://10.15.255.188/CxWebClient/ViewerMain.aspx?scanid=1000284&amp;projectid=339&amp;pathid=397

Source Object: memcpy
Filename: /Src/Gpinpad.c
Line Number: 133
Code: Continue = 0;

</failure>
	</testcase>
	<testcase name="Dangerous Functions (399) Severity: Medium">
		<failure>Category: OWASP Top 10 2013;A9-Using Components with Known Vulnerabilities
Language: CPP
Group: CPP Medium Threat
Status: New
Finding Link: http://10.15.255.188/CxWebClient/ViewerMain.aspx?scanid=1000284&amp;projectid=339&amp;pathid=399

Source Object: memcpy
Filename: /Src/Gpinpad.c
Line Number: 226
Code: memclr( &amp;Tab_first_line_name, sizeof( Tab_first_line_name ) );

</failure>
	</testcase>
	<testcase name="Dangerous Functions (400) Severity: Medium">
		<failure>Category: OWASP Top 10 2013;A9-Using Components with Known Vulnerabilities
Language: CPP
Group: CPP Medium Threat
Status: New
Finding Link: http://10.15.255.188/CxWebClient/ViewerMain.aspx?scanid=1000284&amp;projectid=339&amp;pathid=400

Source Object: memcpy
Filename: /Src/Gpinpad.c
Line Number: 325
Code: memclr( &amp;Tab_first_line_name, sizeof( Tab_first_line_name ) );

</failure>
	</testcase>
	<testcase name="Dangerous Functions (401) Severity: Medium">
		<failure>Category: OWASP Top 10 2013;A9-Using Components with Known Vulnerabilities
Language: CPP
Group: CPP Medium Threat
Status: New
Finding Link: http://10.15.255.188/CxWebClient/ViewerMain.aspx?scanid=1000284&amp;projectid=339&amp;pathid=401

Source Object: memcpy
Filename: /Src/Gpinpad.c
Line Number: 586
Code: if ( len &gt;= sizeof( tmpBuffer ) ) {

</failure>
	</testcase>
	<testcase name="Dangerous Functions (402) Severity: Medium">
		<failure>Category: OWASP Top 10 2013;A9-Using Components with Known Vulnerabilities
Language: CPP
Group: CPP Medium Threat
Status: New
Finding Link: http://10.15.255.188/CxWebClient/ViewerMain.aspx?scanid=1000284&amp;projectid=339&amp;pathid=402

Source Object: memcpy
Filename: /Src/host_comm.c
Line Number: 110
Code: PAR_SetParameter( TAG_CUST_IS_COMMUNICATION_OK, eltExt );

</failure>
	</testcase>
	<testcase name="Dangerous Functions (404) Severity: Medium">
		<failure>Category: OWASP Top 10 2013;A9-Using Components with Known Vulnerabilities
Language: CPP
Group: CPP Medium Threat
Status: New
Finding Link: http://10.15.255.188/CxWebClient/ViewerMain.aspx?scanid=1000284&amp;projectid=339&amp;pathid=404

Source Object: memcpy
Filename: /Src/host_setup.c
Line Number: 364
Code: HostParamIndex = PARAM_PriHostAuth;

</failure>
	</testcase>
	<testcase name="Dangerous Functions (406) Severity: Medium">
		<failure>Category: OWASP Top 10 2013;A9-Using Components with Known Vulnerabilities
Language: CPP
Group: CPP Medium Threat
Status: New
Finding Link: http://10.15.255.188/CxWebClient/ViewerMain.aspx?scanid=1000284&amp;projectid=339&amp;pathid=406

Source Object: memcpy
Filename: /Src/host_setup.c
Line Number: 378
Code: HostParamIndex = PARAM_SecHostAuth;

</failure>
	</testcase>
	<testcase name="Dangerous Functions (407) Severity: Medium">
		<failure>Category: OWASP Top 10 2013;A9-Using Components with Known Vulnerabilities
Language: CPP
Group: CPP Medium Threat
Status: New
Finding Link: http://10.15.255.188/CxWebClient/ViewerMain.aspx?scanid=1000284&amp;projectid=339&amp;pathid=407

Source Object: memcpy
Filename: /Src/host_setup.c
Line Number: 385
Code: HostParamIndex = PARAM_SecHostSettle;

</failure>
	</testcase>
	<testcase name="Dangerous Functions (410) Severity: Medium">
		<failure>Category: OWASP Top 10 2013;A9-Using Components with Known Vulnerabilities
Language: CPP
Group: CPP Medium Threat
Status: New
Finding Link: http://10.15.255.188/CxWebClient/ViewerMain.aspx?scanid=1000284&amp;projectid=339&amp;pathid=410

Source Object: memcpy
Filename: /Src/Menu.c
Line Number: 83
Code: memcpy( TempCurrStr, WorkBuffer, 3 );

</failure>
	</testcase>
	<testcase name="Dangerous Functions (411) Severity: Medium">
		<failure>Category: OWASP Top 10 2013;A9-Using Components with Known Vulnerabilities
Language: CPP
Group: CPP Medium Threat
Status: New
Finding Link: http://10.15.255.188/CxWebClient/ViewerMain.aspx?scanid=1000284&amp;projectid=339&amp;pathid=411

Source Object: memcpy
Filename: /Src/process_response.c
Line Number: 719
Code: memcpy( &amp;OrigTran, &amp;gTransaction, sizeof(gTransaction) );

</failure>
	</testcase>
	<testcase name="Dangerous Functions (412) Severity: Medium">
		<failure>Category: OWASP Top 10 2013;A9-Using Components with Known Vulnerabilities
Language: CPP
Group: CPP Medium Threat
Status: New
Finding Link: http://10.15.255.188/CxWebClient/ViewerMain.aspx?scanid=1000284&amp;projectid=339&amp;pathid=412

Source Object: memcpy
Filename: /Src/process_response.c
Line Number: 759
Code: memcpy( &amp;gTransaction, &amp;OrigTran, sizeof(gTransaction) );

</failure>
	</testcase>
	<testcase name="Dangerous Functions (413) Severity: Medium">
		<failure>Category: OWASP Top 10 2013;A9-Using Components with Known Vulnerabilities
Language: CPP
Group: CPP Medium Threat
Status: New
Finding Link: http://10.15.255.188/CxWebClient/ViewerMain.aspx?scanid=1000284&amp;projectid=339&amp;pathid=413

Source Object: memcpy
Filename: /Src/process_response.c
Line Number: 635
Code: memcpy( &amp;OrigTran, &amp;gTransaction, sizeof(gTransaction) );

</failure>
	</testcase>
	<testcase name="Dangerous Functions (415) Severity: Medium">
		<failure>Category: OWASP Top 10 2013;A9-Using Components with Known Vulnerabilities
Language: CPP
Group: CPP Medium Threat
Status: New
Finding Link: http://10.15.255.188/CxWebClient/ViewerMain.aspx?scanid=1000284&amp;projectid=339&amp;pathid=415

Source Object: memcpy
Filename: /Src/Receipt.c
Line Number: 80
Code: if ( Extract_Element_TLV_Tree( hTLVTran, TAG_EPX_SERVER_OPER, &amp;elt ) ) {

</failure>
	</testcase>
	<testcase name="Dangerous Functions (416) Severity: Medium">
		<failure>Category: OWASP Top 10 2013;A9-Using Components with Known Vulnerabilities
Language: CPP
Group: CPP Medium Threat
Status: New
Finding Link: http://10.15.255.188/CxWebClient/ViewerMain.aspx?scanid=1000284&amp;projectid=339&amp;pathid=416

Source Object: memcpy
Filename: /Src/Receipt.c
Line Number: 123
Code: if ( usFound )

</failure>
	</testcase>
	<testcase name="Dangerous Functions (417) Severity: Medium">
		<failure>Category: OWASP Top 10 2013;A9-Using Components with Known Vulnerabilities
Language: CPP
Group: CPP Medium Threat
Status: New
Finding Link: http://10.15.255.188/CxWebClient/ViewerMain.aspx?scanid=1000284&amp;projectid=339&amp;pathid=417

Source Object: memcpy
Filename: /Src/Receipt.c
Line Number: 125
Code: if ( strlen( tmp ) == 6 ) {

</failure>
	</testcase>
	<testcase name="Dangerous Functions (418) Severity: Medium">
		<failure>Category: OWASP Top 10 2013;A9-Using Components with Known Vulnerabilities
Language: CPP
Group: CPP Medium Threat
Status: New
Finding Link: http://10.15.255.188/CxWebClient/ViewerMain.aspx?scanid=1000284&amp;projectid=339&amp;pathid=418

Source Object: memcpy
Filename: /Src/Receipt.c
Line Number: 127
Code: WorkBufferLeft [ 2 ] = '/';

</failure>
	</testcase>
	<testcase name="Dangerous Functions (419) Severity: Medium">
		<failure>Category: OWASP Top 10 2013;A9-Using Components with Known Vulnerabilities
Language: CPP
Group: CPP Medium Threat
Status: New
Finding Link: http://10.15.255.188/CxWebClient/ViewerMain.aspx?scanid=1000284&amp;projectid=339&amp;pathid=419

Source Object: memcpy
Filename: /Src/Receipt.c
Line Number: 129
Code: WorkBufferLeft [ 5 ] = '/';

</failure>
	</testcase>
	<testcase name="Dangerous Functions (421) Severity: Medium">
		<failure>Category: OWASP Top 10 2013;A9-Using Components with Known Vulnerabilities
Language: CPP
Group: CPP Medium Threat
Status: New
Finding Link: http://10.15.255.188/CxWebClient/ViewerMain.aspx?scanid=1000284&amp;projectid=339&amp;pathid=421

Source Object: memcpy
Filename: /Src/Receipt.c
Line Number: 137
Code: if ( strlen( tmp ) == 6 ) {

</failure>
	</testcase>
	<testcase name="Dangerous Functions (423) Severity: Medium">
		<failure>Category: OWASP Top 10 2013;A9-Using Components with Known Vulnerabilities
Language: CPP
Group: CPP Medium Threat
Status: New
Finding Link: http://10.15.255.188/CxWebClient/ViewerMain.aspx?scanid=1000284&amp;projectid=339&amp;pathid=423

Source Object: memcpy
Filename: /Src/Receipt.c
Line Number: 141
Code: WorkBufferRight [ 5 ] = ':';

</failure>
	</testcase>
	<testcase name="Dangerous Functions (424) Severity: Medium">
		<failure>Category: OWASP Top 10 2013;A9-Using Components with Known Vulnerabilities
Language: CPP
Group: CPP Medium Threat
Status: New
Finding Link: http://10.15.255.188/CxWebClient/ViewerMain.aspx?scanid=1000284&amp;projectid=339&amp;pathid=424

Source Object: memcpy
Filename: /Src/Receipt.c
Line Number: 149
Code: memclr( WorkBuffer, sizeof( WorkBuffer ) );

</failure>
	</testcase>
	<testcase name="Dangerous Functions (426) Severity: Medium">
		<failure>Category: OWASP Top 10 2013;A9-Using Components with Known Vulnerabilities
Language: CPP
Group: CPP Medium Threat
Status: New
Finding Link: http://10.15.255.188/CxWebClient/ViewerMain.aspx?scanid=1000284&amp;projectid=339&amp;pathid=426

Source Object: memcpy
Filename: /Src/Receipt.c
Line Number: 202
Code: if ( usFound ) {

</failure>
	</testcase>
	<testcase name="Dangerous Functions (430) Severity: Medium">
		<failure>Category: OWASP Top 10 2013;A9-Using Components with Known Vulnerabilities
Language: CPP
Group: CPP Medium Threat
Status: New
Finding Link: http://10.15.255.188/CxWebClient/ViewerMain.aspx?scanid=1000284&amp;projectid=339&amp;pathid=430

Source Object: memcpy
Filename: /Src/Receipt.c
Line Number: 244
Code: memclr( WorkBuffer, sizeof( WorkBuffer ) );

</failure>
	</testcase>
	<testcase name="Dangerous Functions (433) Severity: Medium">
		<failure>Category: OWASP Top 10 2013;A9-Using Components with Known Vulnerabilities
Language: CPP
Group: CPP Medium Threat
Status: New
Finding Link: http://10.15.255.188/CxWebClient/ViewerMain.aspx?scanid=1000284&amp;projectid=339&amp;pathid=433

Source Object: memcpy
Filename: /Src/Receipt.c
Line Number: 411
Code: if ( usFound )

</failure>
	</testcase>
	<testcase name="Dangerous Functions (435) Severity: Medium">
		<failure>Category: OWASP Top 10 2013;A9-Using Components with Known Vulnerabilities
Language: CPP
Group: CPP Medium Threat
Status: New
Finding Link: http://10.15.255.188/CxWebClient/ViewerMain.aspx?scanid=1000284&amp;projectid=339&amp;pathid=435

Source Object: memcpy
Filename: /Src/Receipt.c
Line Number: 430
Code: if ( strlen( tmp ) == 6 ) {

</failure>
	</testcase>
	<testcase name="Dangerous Functions (436) Severity: Medium">
		<failure>Category: OWASP Top 10 2013;A9-Using Components with Known Vulnerabilities
Language: CPP
Group: CPP Medium Threat
Status: New
Finding Link: http://10.15.255.188/CxWebClient/ViewerMain.aspx?scanid=1000284&amp;projectid=339&amp;pathid=436

Source Object: memcpy
Filename: /Src/Receipt.c
Line Number: 432
Code: WorkBufferLeft [ 2 ] = '/';

</failure>
	</testcase>
	<testcase name="Dangerous Functions (437) Severity: Medium">
		<failure>Category: OWASP Top 10 2013;A9-Using Components with Known Vulnerabilities
Language: CPP
Group: CPP Medium Threat
Status: New
Finding Link: http://10.15.255.188/CxWebClient/ViewerMain.aspx?scanid=1000284&amp;projectid=339&amp;pathid=437

Source Object: memcpy
Filename: /Src/Receipt.c
Line Number: 434
Code: WorkBufferLeft [ 5 ] = '/';

</failure>
	</testcase>
	<testcase name="Dangerous Functions (442) Severity: Medium">
		<failure>Category: OWASP Top 10 2013;A9-Using Components with Known Vulnerabilities
Language: CPP
Group: CPP Medium Threat
Status: New
Finding Link: http://10.15.255.188/CxWebClient/ViewerMain.aspx?scanid=1000284&amp;projectid=339&amp;pathid=442

Source Object: memcpy
Filename: /Src/Receipt.c
Line Number: 456
Code: if ( usFound ) {

</failure>
	</testcase>
	<testcase name="Dangerous Functions (444) Severity: Medium">
		<failure>Category: OWASP Top 10 2013;A9-Using Components with Known Vulnerabilities
Language: CPP
Group: CPP Medium Threat
Status: New
Finding Link: http://10.15.255.188/CxWebClient/ViewerMain.aspx?scanid=1000284&amp;projectid=339&amp;pathid=444

Source Object: memcpy
Filename: /Src/Receipt.c
Line Number: 473
Code: if ( usFound )

</failure>
	</testcase>
	<testcase name="Dangerous Functions (445) Severity: Medium">
		<failure>Category: OWASP Top 10 2013;A9-Using Components with Known Vulnerabilities
Language: CPP
Group: CPP Medium Threat
Status: New
Finding Link: http://10.15.255.188/CxWebClient/ViewerMain.aspx?scanid=1000284&amp;projectid=339&amp;pathid=445

Source Object: memcpy
Filename: /Src/Receipt.c
Line Number: 476
Code: //Convert YYMM to MM/YY

</failure>
	</testcase>
	<testcase name="Dangerous Functions (446) Severity: Medium">
		<failure>Category: OWASP Top 10 2013;A9-Using Components with Known Vulnerabilities
Language: CPP
Group: CPP Medium Threat
Status: New
Finding Link: http://10.15.255.188/CxWebClient/ViewerMain.aspx?scanid=1000284&amp;projectid=339&amp;pathid=446

Source Object: memcpy
Filename: /Src/Receipt.c
Line Number: 478
Code: WorkBufferRight [ 2 ] = '/';

</failure>
	</testcase>
	<testcase name="Dangerous Functions (448) Severity: Medium">
		<failure>Category: OWASP Top 10 2013;A9-Using Components with Known Vulnerabilities
Language: CPP
Group: CPP Medium Threat
Status: New
Finding Link: http://10.15.255.188/CxWebClient/ViewerMain.aspx?scanid=1000284&amp;projectid=339&amp;pathid=448

Source Object: memcpy
Filename: /Src/Receipt.c
Line Number: 571
Code: //We only print a line if the original auth guid is present.

</failure>
	</testcase>
	<testcase name="Dangerous Functions (449) Severity: Medium">
		<failure>Category: OWASP Top 10 2013;A9-Using Components with Known Vulnerabilities
Language: CPP
Group: CPP Medium Threat
Status: New
Finding Link: http://10.15.255.188/CxWebClient/ViewerMain.aspx?scanid=1000284&amp;projectid=339&amp;pathid=449

Source Object: memcpy
Filename: /Src/Receipt.c
Line Number: 579
Code: if ( usFound )

</failure>
	</testcase>
	<testcase name="Dangerous Functions (450) Severity: Medium">
		<failure>Category: OWASP Top 10 2013;A9-Using Components with Known Vulnerabilities
Language: CPP
Group: CPP Medium Threat
Status: New
Finding Link: http://10.15.255.188/CxWebClient/ViewerMain.aspx?scanid=1000284&amp;projectid=339&amp;pathid=450

Source Object: memcpy
Filename: /Src/Receipt.c
Line Number: 596
Code: if ( usFound )

</failure>
	</testcase>
	<testcase name="Dangerous Functions (451) Severity: Medium">
		<failure>Category: OWASP Top 10 2013;A9-Using Components with Known Vulnerabilities
Language: CPP
Group: CPP Medium Threat
Status: New
Finding Link: http://10.15.255.188/CxWebClient/ViewerMain.aspx?scanid=1000284&amp;projectid=339&amp;pathid=451

Source Object: memcpy
Filename: /Src/Receipt.c
Line Number: 598
Code: if ( strlen( tmp ) == 6 ) {

</failure>
	</testcase>
	<testcase name="Dangerous Functions (452) Severity: Medium">
		<failure>Category: OWASP Top 10 2013;A9-Using Components with Known Vulnerabilities
Language: CPP
Group: CPP Medium Threat
Status: New
Finding Link: http://10.15.255.188/CxWebClient/ViewerMain.aspx?scanid=1000284&amp;projectid=339&amp;pathid=452

Source Object: memcpy
Filename: /Src/Receipt.c
Line Number: 600
Code: WorkBufferLeft [ 2 ] = '/';

</failure>
	</testcase>
	<testcase name="Dangerous Functions (454) Severity: Medium">
		<failure>Category: OWASP Top 10 2013;A9-Using Components with Known Vulnerabilities
Language: CPP
Group: CPP Medium Threat
Status: New
Finding Link: http://10.15.255.188/CxWebClient/ViewerMain.aspx?scanid=1000284&amp;projectid=339&amp;pathid=454

Source Object: memcpy
Filename: /Src/Receipt.c
Line Number: 609
Code: if ( usFound )

</failure>
	</testcase>
	<testcase name="Dangerous Functions (458) Severity: Medium">
		<failure>Category: OWASP Top 10 2013;A9-Using Components with Known Vulnerabilities
Language: CPP
Group: CPP Medium Threat
Status: New
Finding Link: http://10.15.255.188/CxWebClient/ViewerMain.aspx?scanid=1000284&amp;projectid=339&amp;pathid=458

Source Object: memcpy
Filename: /Src/Receipt.c
Line Number: 624
Code: if ( usFound ) {

</failure>
	</testcase>
	<testcase name="Dangerous Functions (459) Severity: Medium">
		<failure>Category: OWASP Top 10 2013;A9-Using Components with Known Vulnerabilities
Language: CPP
Group: CPP Medium Threat
Status: New
Finding Link: http://10.15.255.188/CxWebClient/ViewerMain.aspx?scanid=1000284&amp;projectid=339&amp;pathid=459

Source Object: memcpy
Filename: /Src/Receipt.c
Line Number: 629
Code: if ( usFound ) {

</failure>
	</testcase>
	<testcase name="Dangerous Functions (460) Severity: Medium">
		<failure>Category: OWASP Top 10 2013;A9-Using Components with Known Vulnerabilities
Language: CPP
Group: CPP Medium Threat
Status: New
Finding Link: http://10.15.255.188/CxWebClient/ViewerMain.aspx?scanid=1000284&amp;projectid=339&amp;pathid=460

Source Object: memcpy
Filename: /Src/Receipt.c
Line Number: 641
Code: if ( usFound )

</failure>
	</testcase>
	<testcase name="Dangerous Functions (461) Severity: Medium">
		<failure>Category: OWASP Top 10 2013;A9-Using Components with Known Vulnerabilities
Language: CPP
Group: CPP Medium Threat
Status: New
Finding Link: http://10.15.255.188/CxWebClient/ViewerMain.aspx?scanid=1000284&amp;projectid=339&amp;pathid=461

Source Object: memcpy
Filename: /Src/Receipt.c
Line Number: 644
Code: //Convert YYMM to MM/YY

</failure>
	</testcase>
	<testcase name="Dangerous Functions (462) Severity: Medium">
		<failure>Category: OWASP Top 10 2013;A9-Using Components with Known Vulnerabilities
Language: CPP
Group: CPP Medium Threat
Status: New
Finding Link: http://10.15.255.188/CxWebClient/ViewerMain.aspx?scanid=1000284&amp;projectid=339&amp;pathid=462

Source Object: memcpy
Filename: /Src/Receipt.c
Line Number: 646
Code: WorkBufferRight [ 2 ] = '/';

</failure>
	</testcase>
	<testcase name="Dangerous Functions (463) Severity: Medium">
		<failure>Category: OWASP Top 10 2013;A9-Using Components with Known Vulnerabilities
Language: CPP
Group: CPP Medium Threat
Status: New
Finding Link: http://10.15.255.188/CxWebClient/ViewerMain.aspx?scanid=1000284&amp;projectid=339&amp;pathid=463

Source Object: memcpy
Filename: /Src/Receipt.c
Line Number: 698
Code: memclr( WorkBuffer, sizeof( WorkBuffer ) );

</failure>
	</testcase>
	<testcase name="Dangerous Functions (464) Severity: Medium">
		<failure>Category: OWASP Top 10 2013;A9-Using Components with Known Vulnerabilities
Language: CPP
Group: CPP Medium Threat
Status: New
Finding Link: http://10.15.255.188/CxWebClient/ViewerMain.aspx?scanid=1000284&amp;projectid=339&amp;pathid=464

Source Object: memcpy
Filename: /Src/Receipt.c
Line Number: 723
Code: //tmp = elt.ptValue;

</failure>
	</testcase>
	<testcase name="Dangerous Functions (465) Severity: Medium">
		<failure>Category: OWASP Top 10 2013;A9-Using Components with Known Vulnerabilities
Language: CPP
Group: CPP Medium Threat
Status: New
Finding Link: http://10.15.255.188/CxWebClient/ViewerMain.aspx?scanid=1000284&amp;projectid=339&amp;pathid=465

Source Object: memcpy
Filename: /Src/Receipt.c
Line Number: 744
Code: //We only print a line if the original auth guid is present.

</failure>
	</testcase>
	<testcase name="Dangerous Functions (467) Severity: Medium">
		<failure>Category: OWASP Top 10 2013;A9-Using Components with Known Vulnerabilities
Language: CPP
Group: CPP Medium Threat
Status: New
Finding Link: http://10.15.255.188/CxWebClient/ViewerMain.aspx?scanid=1000284&amp;projectid=339&amp;pathid=467

Source Object: memcpy
Filename: /Src/Receipt.c
Line Number: 769
Code: if ( usFound )

</failure>
	</testcase>
	<testcase name="Dangerous Functions (471) Severity: Medium">
		<failure>Category: OWASP Top 10 2013;A9-Using Components with Known Vulnerabilities
Language: CPP
Group: CPP Medium Threat
Status: New
Finding Link: http://10.15.255.188/CxWebClient/ViewerMain.aspx?scanid=1000284&amp;projectid=339&amp;pathid=471

Source Object: memcpy
Filename: /Src/Receipt.c
Line Number: 781
Code: if ( usFound )

</failure>
	</testcase>
	<testcase name="Dangerous Functions (472) Severity: Medium">
		<failure>Category: OWASP Top 10 2013;A9-Using Components with Known Vulnerabilities
Language: CPP
Group: CPP Medium Threat
Status: New
Finding Link: http://10.15.255.188/CxWebClient/ViewerMain.aspx?scanid=1000284&amp;projectid=339&amp;pathid=472

Source Object: memcpy
Filename: /Src/Receipt.c
Line Number: 783
Code: if ( strlen( tmp ) == 6 ) {

</failure>
	</testcase>
	<testcase name="Dangerous Functions (473) Severity: Medium">
		<failure>Category: OWASP Top 10 2013;A9-Using Components with Known Vulnerabilities
Language: CPP
Group: CPP Medium Threat
Status: New
Finding Link: http://10.15.255.188/CxWebClient/ViewerMain.aspx?scanid=1000284&amp;projectid=339&amp;pathid=473

Source Object: memcpy
Filename: /Src/Receipt.c
Line Number: 785
Code: WorkBufferRight [ 2 ] = ':';

</failure>
	</testcase>
	<testcase name="Dangerous Functions (474) Severity: Medium">
		<failure>Category: OWASP Top 10 2013;A9-Using Components with Known Vulnerabilities
Language: CPP
Group: CPP Medium Threat
Status: New
Finding Link: http://10.15.255.188/CxWebClient/ViewerMain.aspx?scanid=1000284&amp;projectid=339&amp;pathid=474

Source Object: memcpy
Filename: /Src/Receipt.c
Line Number: 787
Code: WorkBufferRight [ 5 ] = ':';

</failure>
	</testcase>
	<testcase name="Dangerous Functions (475) Severity: Medium">
		<failure>Category: OWASP Top 10 2013;A9-Using Components with Known Vulnerabilities
Language: CPP
Group: CPP Medium Threat
Status: New
Finding Link: http://10.15.255.188/CxWebClient/ViewerMain.aspx?scanid=1000284&amp;projectid=339&amp;pathid=475

Source Object: memcpy
Filename: /Src/Receipt.c
Line Number: 818
Code: if ( usFound )

</failure>
	</testcase>
	<testcase name="Dangerous Functions (476) Severity: Medium">
		<failure>Category: OWASP Top 10 2013;A9-Using Components with Known Vulnerabilities
Language: CPP
Group: CPP Medium Threat
Status: New
Finding Link: http://10.15.255.188/CxWebClient/ViewerMain.aspx?scanid=1000284&amp;projectid=339&amp;pathid=476

Source Object: memcpy
Filename: /Src/Receipt.c
Line Number: 837
Code: if ( usFound ) {

</failure>
	</testcase>
	<testcase name="Dangerous Functions (478) Severity: Medium">
		<failure>Category: OWASP Top 10 2013;A9-Using Components with Known Vulnerabilities
Language: CPP
Group: CPP Medium Threat
Status: New
Finding Link: http://10.15.255.188/CxWebClient/ViewerMain.aspx?scanid=1000284&amp;projectid=339&amp;pathid=478

Source Object: memcpy
Filename: /Src/Receipt.c
Line Number: 854
Code: if ( usFound )

</failure>
	</testcase>
	<testcase name="Dangerous Functions (480) Severity: Medium">
		<failure>Category: OWASP Top 10 2013;A9-Using Components with Known Vulnerabilities
Language: CPP
Group: CPP Medium Threat
Status: New
Finding Link: http://10.15.255.188/CxWebClient/ViewerMain.aspx?scanid=1000284&amp;projectid=339&amp;pathid=480

Source Object: memcpy
Filename: /Src/Receipt.c
Line Number: 859
Code: WorkBufferRight [ 2 ] = '/';

</failure>
	</testcase>
	<testcase name="Dangerous Functions (481) Severity: Medium">
		<failure>Category: OWASP Top 10 2013;A9-Using Components with Known Vulnerabilities
Language: CPP
Group: CPP Medium Threat
Status: New
Finding Link: http://10.15.255.188/CxWebClient/ViewerMain.aspx?scanid=1000284&amp;projectid=339&amp;pathid=481

Source Object: memcpy
Filename: /Src/Receipt.c
Line Number: 977
Code: if ( Extract_Element_TLV_Tree( hTLVTran, TAG_APPLICATION_LABEL, &amp;elt ) )

</failure>
	</testcase>
	<testcase name="Dangerous Functions (482) Severity: Medium">
		<failure>Category: OWASP Top 10 2013;A9-Using Components with Known Vulnerabilities
Language: CPP
Group: CPP Medium Threat
Status: New
Finding Link: http://10.15.255.188/CxWebClient/ViewerMain.aspx?scanid=1000284&amp;projectid=339&amp;pathid=482

Source Object: memcpy
Filename: /Src/Receipt.c
Line Number: 979
Code: else if ( Extract_Element_TLV_Tree( hTLVTran, TAG_APPLICATION_PREFFERRED_NAME, &amp;elt ) )

</failure>
	</testcase>
	<testcase name="Dangerous Functions (483) Severity: Medium">
		<failure>Category: OWASP Top 10 2013;A9-Using Components with Known Vulnerabilities
Language: CPP
Group: CPP Medium Threat
Status: New
Finding Link: http://10.15.255.188/CxWebClient/ViewerMain.aspx?scanid=1000284&amp;projectid=339&amp;pathid=483

Source Object: memcpy
Filename: /Src/SharedComm.c
Line Number: 929
Code: memclr( sTag, sizeof( sTag ) );

</failure>
	</testcase>
	<testcase name="Dangerous Functions (485) Severity: Medium">
		<failure>Category: OWASP Top 10 2013;A9-Using Components with Known Vulnerabilities
Language: CPP
Group: CPP Medium Threat
Status: New
Finding Link: http://10.15.255.188/CxWebClient/ViewerMain.aspx?scanid=1000284&amp;projectid=339&amp;pathid=485

Source Object: memcpy
Filename: /Src/SharedComm.c
Line Number: 773
Code: memclr( C_buffer, BufferSize );

</failure>
	</testcase>
	<testcase name="Dangerous Functions (486) Severity: Medium">
		<failure>Category: OWASP Top 10 2013;A9-Using Components with Known Vulnerabilities
Language: CPP
Group: CPP Medium Threat
Status: New
Finding Link: http://10.15.255.188/CxWebClient/ViewerMain.aspx?scanid=1000284&amp;projectid=339&amp;pathid=486

Source Object: memcpy
Filename: /Src/SharedComm.c
Line Number: 867
Code: memclr( pC_buffer, dataLength + 1 );

</failure>
	</testcase>
	<testcase name="Dangerous Functions (489) Severity: Medium">
		<failure>Category: OWASP Top 10 2013;A9-Using Components with Known Vulnerabilities
Language: CPP
Group: CPP Medium Threat
Status: New
Finding Link: http://10.15.255.188/CxWebClient/ViewerMain.aspx?scanid=1000284&amp;projectid=339&amp;pathid=489

Source Object: memcpy
Filename: /Src/SI_LL_COM.c
Line Number: 224
Code: memcpy( pBuffer, pACK + 1, *nLength );

</failure>
	</testcase>
	<testcase name="Dangerous Functions (490) Severity: Medium">
		<failure>Category: OWASP Top 10 2013;A9-Using Components with Known Vulnerabilities
Language: CPP
Group: CPP Medium Threat
Status: New
Finding Link: http://10.15.255.188/CxWebClient/ViewerMain.aspx?scanid=1000284&amp;projectid=339&amp;pathid=490

Source Object: memcpy
Filename: /Src/SI_LL_COM.c
Line Number: 240
Code: memcpy( pBuffer, pENQ + 1, *nLength );

</failure>
	</testcase>
	<testcase name="Dangerous Functions (493) Severity: Medium">
		<failure>Category: OWASP Top 10 2013;A9-Using Components with Known Vulnerabilities
Language: CPP
Group: CPP Medium Threat
Status: New
Finding Link: http://10.15.255.188/CxWebClient/ViewerMain.aspx?scanid=1000284&amp;projectid=339&amp;pathid=493

Source Object: memcpy
Filename: /Src/Signature.c
Line Number: 596
Code: memclr( &amp;Hdr, sizeof( Hdr ) );

</failure>
	</testcase>
	<testcase name="Dangerous Functions (497) Severity: Medium">
		<failure>Category: OWASP Top 10 2013;A9-Using Components with Known Vulnerabilities
Language: CPP
Group: CPP Medium Threat
Status: New
Finding Link: http://10.15.255.188/CxWebClient/ViewerMain.aspx?scanid=1000284&amp;projectid=339&amp;pathid=497

Source Object: memcpy
Filename: /Src/StringUtils.c
Line Number: 186
Code: memclr( WorkBuffer, NbrChars + 1 );

</failure>
	</testcase>
	<testcase name="Dangerous Functions (503) Severity: Medium">
		<failure>Category: OWASP Top 10 2013;A9-Using Components with Known Vulnerabilities
Language: CPP
Group: CPP Medium Threat
Status: New
Finding Link: http://10.15.255.188/CxWebClient/ViewerMain.aspx?scanid=1000284&amp;projectid=339&amp;pathid=503

Source Object: memcpy
Filename: /Src/SYFProcesses.c
Line Number: 654
Code: memcpy( tmp, elt.ptValue, elt.length );

</failure>
	</testcase>
	<testcase name="Dangerous Functions (504) Severity: Medium">
		<failure>Category: OWASP Top 10 2013;A9-Using Components with Known Vulnerabilities
Language: CPP
Group: CPP Medium Threat
Status: New
Finding Link: http://10.15.255.188/CxWebClient/ViewerMain.aspx?scanid=1000284&amp;projectid=339&amp;pathid=504

Source Object: memcpy
Filename: /Src/SYFProcesses.c
Line Number: 656
Code: memcpy( WorkBufferRight, tmp, 2 );

</failure>
	</testcase>
	<testcase name="Dangerous Functions (505) Severity: Medium">
		<failure>Category: OWASP Top 10 2013;A9-Using Components with Known Vulnerabilities
Language: CPP
Group: CPP Medium Threat
Status: New
Finding Link: http://10.15.255.188/CxWebClient/ViewerMain.aspx?scanid=1000284&amp;projectid=339&amp;pathid=505

Source Object: memcpy
Filename: /Src/SYFProcesses.c
Line Number: 658
Code: memcpy( WorkBufferRight + 3, tmp + 2, 2 );

</failure>
	</testcase>
	<testcase name="Dangerous Functions (507) Severity: Medium">
		<failure>Category: OWASP Top 10 2013;A9-Using Components with Known Vulnerabilities
Language: CPP
Group: CPP Medium Threat
Status: New
Finding Link: http://10.15.255.188/CxWebClient/ViewerMain.aspx?scanid=1000284&amp;projectid=339&amp;pathid=507

Source Object: memcpy
Filename: /Src/SYFProcesses.c
Line Number: 672
Code: memcpy( tmp, elt.ptValue, elt.length );

</failure>
	</testcase>
	<testcase name="Dangerous Functions (509) Severity: Medium">
		<failure>Category: OWASP Top 10 2013;A9-Using Components with Known Vulnerabilities
Language: CPP
Group: CPP Medium Threat
Status: New
Finding Link: http://10.15.255.188/CxWebClient/ViewerMain.aspx?scanid=1000284&amp;projectid=339&amp;pathid=509

Source Object: memcpy
Filename: /Src/SYFProcesses.c
Line Number: 692
Code: memcpy( tmp, elt.ptValue, elt.length );

</failure>
	</testcase>
	<testcase name="Dangerous Functions (512) Severity: Medium">
		<failure>Category: OWASP Top 10 2013;A9-Using Components with Known Vulnerabilities
Language: CPP
Group: CPP Medium Threat
Status: New
Finding Link: http://10.15.255.188/CxWebClient/ViewerMain.aspx?scanid=1000284&amp;projectid=339&amp;pathid=512

Source Object: memcpy
Filename: /Src/SYFProcesses.c
Line Number: 719
Code: memcpy( tmp, elt.ptValue, elt.length );

</failure>
	</testcase>
	<testcase name="Dangerous Functions (514) Severity: Medium">
		<failure>Category: OWASP Top 10 2013;A9-Using Components with Known Vulnerabilities
Language: CPP
Group: CPP Medium Threat
Status: New
Finding Link: http://10.15.255.188/CxWebClient/ViewerMain.aspx?scanid=1000284&amp;projectid=339&amp;pathid=514

Source Object: memcpy
Filename: /Src/SYFProcesses.c
Line Number: 780
Code: memcpy( WorkBufferLeft, tmp, 2 );

</failure>
	</testcase>
	<testcase name="Dangerous Functions (515) Severity: Medium">
		<failure>Category: OWASP Top 10 2013;A9-Using Components with Known Vulnerabilities
Language: CPP
Group: CPP Medium Threat
Status: New
Finding Link: http://10.15.255.188/CxWebClient/ViewerMain.aspx?scanid=1000284&amp;projectid=339&amp;pathid=515

Source Object: memcpy
Filename: /Src/SYFProcesses.c
Line Number: 782
Code: memcpy( WorkBufferLeft + 3, tmp + 2, 2 );

</failure>
	</testcase>
	<testcase name="Dangerous Functions (516) Severity: Medium">
		<failure>Category: OWASP Top 10 2013;A9-Using Components with Known Vulnerabilities
Language: CPP
Group: CPP Medium Threat
Status: New
Finding Link: http://10.15.255.188/CxWebClient/ViewerMain.aspx?scanid=1000284&amp;projectid=339&amp;pathid=516

Source Object: memcpy
Filename: /Src/SYFProcesses.c
Line Number: 784
Code: memcpy( WorkBufferLeft + 6, tmp + 4, 2 );

</failure>
	</testcase>
	<testcase name="Dangerous Functions (521) Severity: Medium">
		<failure>Category: OWASP Top 10 2013;A9-Using Components with Known Vulnerabilities
Language: CPP
Group: CPP Medium Threat
Status: New
Finding Link: http://10.15.255.188/CxWebClient/ViewerMain.aspx?scanid=1000284&amp;projectid=339&amp;pathid=521

Source Object: memcpy
Filename: /Src/SYFProcesses.c
Line Number: 820
Code: memcpy( tmp, elt.ptValue, elt.length );

</failure>
	</testcase>
	<testcase name="Dangerous Functions (522) Severity: Medium">
		<failure>Category: OWASP Top 10 2013;A9-Using Components with Known Vulnerabilities
Language: CPP
Group: CPP Medium Threat
Status: New
Finding Link: http://10.15.255.188/CxWebClient/ViewerMain.aspx?scanid=1000284&amp;projectid=339&amp;pathid=522

Source Object: memcpy
Filename: /Src/SYFProcesses.c
Line Number: 829
Code: memcpy( tmp, elt.ptValue, elt.length );

</failure>
	</testcase>
	<testcase name="Dangerous Functions (525) Severity: Medium">
		<failure>Category: OWASP Top 10 2013;A9-Using Components with Known Vulnerabilities
Language: CPP
Group: CPP Medium Threat
Status: New
Finding Link: http://10.15.255.188/CxWebClient/ViewerMain.aspx?scanid=1000284&amp;projectid=339&amp;pathid=525

Source Object: memcpy
Filename: /Src/SYFProcesses.c
Line Number: 857
Code: memcpy( tmp, elt.ptValue, elt.length );

</failure>
	</testcase>
	<testcase name="Dangerous Functions (528) Severity: Medium">
		<failure>Category: OWASP Top 10 2013;A9-Using Components with Known Vulnerabilities
Language: CPP
Group: CPP Medium Threat
Status: New
Finding Link: http://10.15.255.188/CxWebClient/ViewerMain.aspx?scanid=1000284&amp;projectid=339&amp;pathid=528

Source Object: memcpy
Filename: /Src/SYFProcesses.c
Line Number: 893
Code: memcpy( tmp, elt.ptValue, elt.length );

</failure>
	</testcase>
	<testcase name="Dangerous Functions (529) Severity: Medium">
		<failure>Category: OWASP Top 10 2013;A9-Using Components with Known Vulnerabilities
Language: CPP
Group: CPP Medium Threat
Status: New
Finding Link: http://10.15.255.188/CxWebClient/ViewerMain.aspx?scanid=1000284&amp;projectid=339&amp;pathid=529

Source Object: memcpy
Filename: /Src/SYFProcesses.c
Line Number: 902
Code: memcpy( tmp, elt.ptValue, elt.length );

</failure>
	</testcase>
	<testcase name="Dangerous Functions (530) Severity: Medium">
		<failure>Category: OWASP Top 10 2013;A9-Using Components with Known Vulnerabilities
Language: CPP
Group: CPP Medium Threat
Status: New
Finding Link: http://10.15.255.188/CxWebClient/ViewerMain.aspx?scanid=1000284&amp;projectid=339&amp;pathid=530

Source Object: memcpy
Filename: /Src/SYFProcesses.c
Line Number: 925
Code: memcpy( tmp, elt.ptValue, elt.length );

</failure>
	</testcase>
	<testcase name="Dangerous Functions (533) Severity: Medium">
		<failure>Category: OWASP Top 10 2013;A9-Using Components with Known Vulnerabilities
Language: CPP
Group: CPP Medium Threat
Status: New
Finding Link: http://10.15.255.188/CxWebClient/ViewerMain.aspx?scanid=1000284&amp;projectid=339&amp;pathid=533

Source Object: memcpy
Filename: /Src/SYFProcesses.c
Line Number: 962
Code: memcpy( tmp, elt.ptValue, elt.length );

</failure>
	</testcase>
	<testcase name="Dangerous Functions (535) Severity: Medium">
		<failure>Category: OWASP Top 10 2013;A9-Using Components with Known Vulnerabilities
Language: CPP
Group: CPP Medium Threat
Status: New
Finding Link: http://10.15.255.188/CxWebClient/ViewerMain.aspx?scanid=1000284&amp;projectid=339&amp;pathid=535

Source Object: memcpy
Filename: /Src/SYFProcesses.c
Line Number: 981
Code: memcpy( tmp, gParam [ PARAM_CustomerSupportNumber ].pValue, phoneNumber );

</failure>
	</testcase>
	<testcase name="Dangerous Functions (537) Severity: Medium">
		<failure>Category: OWASP Top 10 2013;A9-Using Components with Known Vulnerabilities
Language: CPP
Group: CPP Medium Threat
Status: New
Finding Link: http://10.15.255.188/CxWebClient/ViewerMain.aspx?scanid=1000284&amp;projectid=339&amp;pathid=537

Source Object: memcpy
Filename: /Src/term_params.c
Line Number: 708
Code: memcpy( gParam[ParamID].pValue, NewParam, NewParamLen );

</failure>
	</testcase>
	<testcase name="Dangerous Functions (539) Severity: Medium">
		<failure>Category: OWASP Top 10 2013;A9-Using Components with Known Vulnerabilities
Language: CPP
Group: CPP Medium Threat
Status: New
Finding Link: http://10.15.255.188/CxWebClient/ViewerMain.aspx?scanid=1000284&amp;projectid=339&amp;pathid=539

Source Object: memcpy
Filename: /Src/term_params.c
Line Number: 871
Code: memcpy( gParam[Tag].pValue, TlvTree_GetData( hNode ), eLen );

</failure>
	</testcase>
	<testcase name="Dangerous Functions (540) Severity: Medium">
		<failure>Category: OWASP Top 10 2013;A9-Using Components with Known Vulnerabilities
Language: CPP
Group: CPP Medium Threat
Status: New
Finding Link: http://10.15.255.188/CxWebClient/ViewerMain.aspx?scanid=1000284&amp;projectid=339&amp;pathid=540

Source Object: memcpy
Filename: /Src/term_params.c
Line Number: 1056
Code: memcpy( &amp;S_GlobalRamData, &amp;S_PriorRamData, sizeof( S_PriorRamData ) );

</failure>
	</testcase>
	<testcase name="Dangerous Functions (541) Severity: Medium">
		<failure>Category: OWASP Top 10 2013;A9-Using Components with Known Vulnerabilities
Language: CPP
Group: CPP Medium Threat
Status: New
Finding Link: http://10.15.255.188/CxWebClient/ViewerMain.aspx?scanid=1000284&amp;projectid=339&amp;pathid=541

Source Object: memcpy
Filename: /Src/TipProcess.c
Line Number: 95
Code: memclr( WorkBuffer, sizeof( WorkBuffer ) );

</failure>
	</testcase>
	<testcase name="Dangerous Functions (542) Severity: Medium">
		<failure>Category: OWASP Top 10 2013;A9-Using Components with Known Vulnerabilities
Language: CPP
Group: CPP Medium Threat
Status: New
Finding Link: http://10.15.255.188/CxWebClient/ViewerMain.aspx?scanid=1000284&amp;projectid=339&amp;pathid=542

Source Object: memcpy
Filename: /Src/TransactionUtil.c
Line Number: 679
Code: memcpy( sTag, EMVData + Index, 2 );

</failure>
	</testcase>
	<testcase name="Dangerous Functions (545) Severity: Medium">
		<failure>Category: OWASP Top 10 2013;A9-Using Components with Known Vulnerabilities
Language: CPP
Group: CPP Medium Threat
Status: New
Finding Link: http://10.15.255.188/CxWebClient/ViewerMain.aspx?scanid=1000284&amp;projectid=339&amp;pathid=545

Source Object: memcpy
Filename: /Src/TransactionUtil.c
Line Number: 691
Code: memcpy( sLen, EMVData + Index, 2 ); //Get variable length, two hex digits

</failure>
	</testcase>
	<testcase name="Dangerous Functions (546) Severity: Medium">
		<failure>Category: OWASP Top 10 2013;A9-Using Components with Known Vulnerabilities
Language: CPP
Group: CPP Medium Threat
Status: New
Finding Link: http://10.15.255.188/CxWebClient/ViewerMain.aspx?scanid=1000284&amp;projectid=339&amp;pathid=546

Source Object: memcpy
Filename: /Src/TransactionUtil.c
Line Number: 699
Code: memcpy( WorkBuffer, EMVData + Index, Length * 2 );

</failure>
	</testcase>
	<testcase name="Dangerous Functions (550) Severity: Medium">
		<failure>Category: OWASP Top 10 2013;A9-Using Components with Known Vulnerabilities
Language: CPP
Group: CPP Medium Threat
Status: New
Finding Link: http://10.15.255.188/CxWebClient/ViewerMain.aspx?scanid=1000284&amp;projectid=339&amp;pathid=550

Source Object: memcpy
Filename: /Src/TransactionUtil.c
Line Number: 1262
Code: memcpy( sAmount, cBuffer, len - currExp );

</failure>
	</testcase>
	<testcase name="Dangerous Functions (551) Severity: Medium">
		<failure>Category: OWASP Top 10 2013;A9-Using Components with Known Vulnerabilities
Language: CPP
Group: CPP Medium Threat
Status: New
Finding Link: http://10.15.255.188/CxWebClient/ViewerMain.aspx?scanid=1000284&amp;projectid=339&amp;pathid=551

Source Object: memcpy
Filename: /Src/TransactionUtil.c
Line Number: 1303
Code: memcpy( WorkBuffer, Elt.ptValue, Elt.length );

</failure>
	</testcase>
	<testcase name="Dangerous Functions (556) Severity: Medium">
		<failure>Category: OWASP Top 10 2013;A9-Using Components with Known Vulnerabilities
Language: CPP
Group: CPP Medium Threat
Status: New
Finding Link: http://10.15.255.188/CxWebClient/ViewerMain.aspx?scanid=1000284&amp;projectid=339&amp;pathid=556

Source Object: memcpy
Filename: /Src/US_CommonDebit.c
Line Number: 370
Code: memcpy( pAIDCandidateDst-&gt;applicationLabel, pAIDCandidateSrc-&gt;applicationLabel, 16 );

</failure>
	</testcase>
	<testcase name="Dangerous Functions (557) Severity: Medium">
		<failure>Category: OWASP Top 10 2013;A9-Using Components with Known Vulnerabilities
Language: CPP
Group: CPP Medium Threat
Status: New
Finding Link: http://10.15.255.188/CxWebClient/ViewerMain.aspx?scanid=1000284&amp;projectid=339&amp;pathid=557

Source Object: memcpy
Filename: /Src/US_CommonDebit.c
Line Number: 372
Code: memcpy( pAIDCandidateDst-&gt;languagePreference, pAIDCandidateSrc-&gt;languagePreference, 8 );

</failure>
	</testcase>
	<testcase name="Dangerous Functions (558) Severity: Medium">
		<failure>Category: OWASP Top 10 2013;A9-Using Components with Known Vulnerabilities
Language: CPP
Group: CPP Medium Threat
Status: New
Finding Link: http://10.15.255.188/CxWebClient/ViewerMain.aspx?scanid=1000284&amp;projectid=339&amp;pathid=558

Source Object: memcpy
Filename: /Src/US_CommonDebit.c
Line Number: 374
Code: memcpy( pAIDCandidateDst-&gt;AIDValue, pAIDCandidateSrc-&gt;AIDValue, 16 );

</failure>
	</testcase>
	<testcase name="Dangerous Functions (559) Severity: Medium">
		<failure>Category: OWASP Top 10 2013;A9-Using Components with Known Vulnerabilities
Language: CPP
Group: CPP Medium Threat
Status: New
Finding Link: http://10.15.255.188/CxWebClient/ViewerMain.aspx?scanid=1000284&amp;projectid=339&amp;pathid=559

Source Object: memcpy
Filename: /Src/US_CommonDebit.c
Line Number: 435
Code: memcpy( usCommonDebitAidIINTable[usCommonDebitAidNumber], aAIDCandidateList-&gt;list[index].issuerIdentificationNumber,

</failure>
	</testcase>
	<testcase name="Dangerous Functions (561) Severity: Medium">
		<failure>Category: OWASP Top 10 2013;A9-Using Components with Known Vulnerabilities
Language: CPP
Group: CPP Medium Threat
Status: New
Finding Link: http://10.15.255.188/CxWebClient/ViewerMain.aspx?scanid=1000284&amp;projectid=339&amp;pathid=561

Source Object: memcpy
Filename: /Src/US_CommonDebit.c
Line Number: 587
Code: memcpy( pAIDBinValue, aAIDCandidateList-&gt;list[index].issuerIdentificationNumber, 3 );

</failure>
	</testcase>
	<testcase name="Dangerous Functions (562) Severity: Medium">
		<failure>Category: OWASP Top 10 2013;A9-Using Components with Known Vulnerabilities
Language: CPP
Group: CPP Medium Threat
Status: New
Finding Link: http://10.15.255.188/CxWebClient/ViewerMain.aspx?scanid=1000284&amp;projectid=339&amp;pathid=562

Source Object: memcpy
Filename: /Src/Utils.c
Line Number: 309
Code: memcpy( WorkBuffer, SrcDateTime-&gt;year, 2 );

</failure>
	</testcase>
	<testcase name="Dangerous Functions (565) Severity: Medium">
		<failure>Category: OWASP Top 10 2013;A9-Using Components with Known Vulnerabilities
Language: CPP
Group: CPP Medium Threat
Status: New
Finding Link: http://10.15.255.188/CxWebClient/ViewerMain.aspx?scanid=1000284&amp;projectid=339&amp;pathid=565

Source Object: memcpy
Filename: /Src/Utils.c
Line Number: 326
Code: memcpy( WorkBuffer, SrcDateTime-&gt;year, 2 );

</failure>
	</testcase>
	<testcase name="Dangerous Functions (566) Severity: Medium">
		<failure>Category: OWASP Top 10 2013;A9-Using Components with Known Vulnerabilities
Language: CPP
Group: CPP Medium Threat
Status: New
Finding Link: http://10.15.255.188/CxWebClient/ViewerMain.aspx?scanid=1000284&amp;projectid=339&amp;pathid=566

Source Object: memcpy
Filename: /Src/Utils.c
Line Number: 329
Code: memcpy( WorkBuffer, SrcDateTime-&gt;month, 2 );

</failure>
	</testcase>
	<testcase name="Dangerous Functions (571) Severity: Medium">
		<failure>Category: OWASP Top 10 2013;A9-Using Components with Known Vulnerabilities
Language: CPP
Group: CPP Medium Threat
Status: New
Finding Link: http://10.15.255.188/CxWebClient/ViewerMain.aspx?scanid=1000284&amp;projectid=339&amp;pathid=571

Source Object: memcpy
Filename: /Src/Utils.c
Line Number: 450
Code: memcpy( &amp;WorkData.ExpirationDate, Buffer + BufferIndex, 4 );

</failure>
	</testcase>
	<testcase name="Dangerous Functions (572) Severity: Medium">
		<failure>Category: OWASP Top 10 2013;A9-Using Components with Known Vulnerabilities
Language: CPP
Group: CPP Medium Threat
Status: New
Finding Link: http://10.15.255.188/CxWebClient/ViewerMain.aspx?scanid=1000284&amp;projectid=339&amp;pathid=572

Source Object: memcpy
Filename: /Src/Utils.c
Line Number: 453
Code: memcpy( &amp;WorkData.ServiceCode, Buffer + BufferIndex, 3 );

</failure>
	</testcase>
	<testcase name="Dangerous Functions (574) Severity: Medium">
		<failure>Category: OWASP Top 10 2013;A9-Using Components with Known Vulnerabilities
Language: CPP
Group: CPP Medium Threat
Status: New
Finding Link: http://10.15.255.188/CxWebClient/ViewerMain.aspx?scanid=1000284&amp;projectid=339&amp;pathid=574

Source Object: memcpy
Filename: /Src/Utils.c
Line Number: 472
Code: memcpy( CardData, &amp;WorkData, sizeof( WorkData ) );

</failure>
	</testcase>
	<testcase name="Dangerous Functions (575) Severity: Medium">
		<failure>Category: OWASP Top 10 2013;A9-Using Components with Known Vulnerabilities
Language: CPP
Group: CPP Medium Threat
Status: New
Finding Link: http://10.15.255.188/CxWebClient/ViewerMain.aspx?scanid=1000284&amp;projectid=339&amp;pathid=575

Source Object: memcpy
Filename: /Src/Utils.c
Line Number: 562
Code: memcpy( ( byte * ) CurrDef, &amp;ct_confCurrency [ index ], sizeof(T_AppConfCurcy) );

</failure>
	</testcase>
	<testcase name="Dangerous Functions (576) Severity: Medium">
		<failure>Category: OWASP Top 10 2013;A9-Using Components with Known Vulnerabilities
Language: CPP
Group: CPP Medium Threat
Status: New
Finding Link: http://10.15.255.188/CxWebClient/ViewerMain.aspx?scanid=1000284&amp;projectid=339&amp;pathid=576

Source Object: memcpy
Filename: /Src/Utils.c
Line Number: 1074
Code: memcpy( &amp;date.month, elt.ptValue, 2 ); //Copy month MMDDYY

</failure>
	</testcase>
	<testcase name="Dangerous Functions (577) Severity: Medium">
		<failure>Category: OWASP Top 10 2013;A9-Using Components with Known Vulnerabilities
Language: CPP
Group: CPP Medium Threat
Status: New
Finding Link: http://10.15.255.188/CxWebClient/ViewerMain.aspx?scanid=1000284&amp;projectid=339&amp;pathid=577

Source Object: memcpy
Filename: /Src/Utils.c
Line Number: 1075
Code: memcpy( &amp;date.day, elt.ptValue + 2, 2 ); //Copy day MMDDYY

</failure>
	</testcase>
	<testcase name="Dangerous Functions (578) Severity: Medium">
		<failure>Category: OWASP Top 10 2013;A9-Using Components with Known Vulnerabilities
Language: CPP
Group: CPP Medium Threat
Status: New
Finding Link: http://10.15.255.188/CxWebClient/ViewerMain.aspx?scanid=1000284&amp;projectid=339&amp;pathid=578

Source Object: memcpy
Filename: /Src/Utils.c
Line Number: 1076
Code: memcpy( &amp;date.year, elt.ptValue + 4, 2 ); //Copy year MMDDYY

</failure>
	</testcase>
	<testcase name="Dangerous Functions (579) Severity: Medium">
		<failure>Category: OWASP Top 10 2013;A9-Using Components with Known Vulnerabilities
Language: CPP
Group: CPP Medium Threat
Status: New
Finding Link: http://10.15.255.188/CxWebClient/ViewerMain.aspx?scanid=1000284&amp;projectid=339&amp;pathid=579

Source Object: memcpy
Filename: /Src/Utils.c
Line Number: 1080
Code: memcpy( &amp;date.hour, elt.ptValue, 2 ); //Copy hour HHMMSS

</failure>
	</testcase>
	<testcase name="Dangerous Functions (580) Severity: Medium">
		<failure>Category: OWASP Top 10 2013;A9-Using Components with Known Vulnerabilities
Language: CPP
Group: CPP Medium Threat
Status: New
Finding Link: http://10.15.255.188/CxWebClient/ViewerMain.aspx?scanid=1000284&amp;projectid=339&amp;pathid=580

Source Object: memcpy
Filename: /Src/Utils.c
Line Number: 1081
Code: memcpy( &amp;date.minute, elt.ptValue + 2, 2 ); //Copy minute HHMMSS

</failure>
	</testcase>
	<testcase name="Dangerous Functions (581) Severity: Medium">
		<failure>Category: OWASP Top 10 2013;A9-Using Components with Known Vulnerabilities
Language: CPP
Group: CPP Medium Threat
Status: New
Finding Link: http://10.15.255.188/CxWebClient/ViewerMain.aspx?scanid=1000284&amp;projectid=339&amp;pathid=581

Source Object: memcpy
Filename: /Src/Utils.c
Line Number: 1082
Code: memcpy( &amp;date.second, elt.ptValue + 4, 2 ); //Copy second HHMMSS

</failure>
	</testcase>
	<testcase name="Dangerous Functions (583) Severity: Medium">
		<failure>Category: OWASP Top 10 2013;A9-Using Components with Known Vulnerabilities
Language: CPP
Group: CPP Medium Threat
Status: New
Finding Link: http://10.15.255.188/CxWebClient/ViewerMain.aspx?scanid=1000284&amp;projectid=339&amp;pathid=583

Source Object: sprintf
Filename: /Src/StringUtils.c
Line Number: 268
Code: static char buffer[20 * 1024];

</failure>
	</testcase>
	<testcase name="Dangerous Functions (586) Severity: Medium">
		<failure>Category: OWASP Top 10 2013;A9-Using Components with Known Vulnerabilities
Language: CPP
Group: CPP Medium Threat
Status: New
Finding Link: http://10.15.255.188/CxWebClient/ViewerMain.aspx?scanid=1000284&amp;projectid=339&amp;pathid=586

Source Object: strcat
Filename: /Src/ClerkRPTReceipt.c
Line Number: 482
Code: break;

</failure>
	</testcase>
	<testcase name="Dangerous Functions (590) Severity: Medium">
		<failure>Category: OWASP Top 10 2013;A9-Using Components with Known Vulnerabilities
Language: CPP
Group: CPP Medium Threat
Status: New
Finding Link: http://10.15.255.188/CxWebClient/ViewerMain.aspx?scanid=1000284&amp;projectid=339&amp;pathid=590

Source Object: strcat
Filename: /Src/convert.c
Line Number: 276
Code: newAmountString[index] = 0; //Null terminate

</failure>
	</testcase>
	<testcase name="Dangerous Functions (593) Severity: Medium">
		<failure>Category: OWASP Top 10 2013;A9-Using Components with Known Vulnerabilities
Language: CPP
Group: CPP Medium Threat
Status: New
Finding Link: http://10.15.255.188/CxWebClient/ViewerMain.aspx?scanid=1000284&amp;projectid=339&amp;pathid=593

Source Object: strcat
Filename: /Src/convert.c
Line Number: 320
Code: if ( len == CurrDef.prec ) {

</failure>
	</testcase>
	<testcase name="Dangerous Functions (594) Severity: Medium">
		<failure>Category: OWASP Top 10 2013;A9-Using Components with Known Vulnerabilities
Language: CPP
Group: CPP Medium Threat
Status: New
Finding Link: http://10.15.255.188/CxWebClient/ViewerMain.aspx?scanid=1000284&amp;projectid=339&amp;pathid=594

Source Object: strcat
Filename: /Src/convert.c
Line Number: 322
Code: } else {

</failure>
	</testcase>
	<testcase name="Dangerous Functions (595) Severity: Medium">
		<failure>Category: OWASP Top 10 2013;A9-Using Components with Known Vulnerabilities
Language: CPP
Group: CPP Medium Threat
Status: New
Finding Link: http://10.15.255.188/CxWebClient/ViewerMain.aspx?scanid=1000284&amp;projectid=339&amp;pathid=595

Source Object: strcat
Filename: /Src/convert.c
Line Number: 324
Code: }

</failure>
	</testcase>
	<testcase name="Dangerous Functions (596) Severity: Medium">
		<failure>Category: OWASP Top 10 2013;A9-Using Components with Known Vulnerabilities
Language: CPP
Group: CPP Medium Threat
Status: New
Finding Link: http://10.15.255.188/CxWebClient/ViewerMain.aspx?scanid=1000284&amp;projectid=339&amp;pathid=596

Source Object: strcat
Filename: /Src/convert.c
Line Number: 333
Code: DisplayString[2 + index] = 0; //Null terminate

</failure>
	</testcase>
	<testcase name="Dangerous Functions (597) Severity: Medium">
		<failure>Category: OWASP Top 10 2013;A9-Using Components with Known Vulnerabilities
Language: CPP
Group: CPP Medium Threat
Status: New
Finding Link: http://10.15.255.188/CxWebClient/ViewerMain.aspx?scanid=1000284&amp;projectid=339&amp;pathid=597

Source Object: strcat
Filename: /Src/cu_param.c
Line Number: 949
Code: if ( ret == FS_OK ) {

</failure>
	</testcase>
	<testcase name="Dangerous Functions (600) Severity: Medium">
		<failure>Category: OWASP Top 10 2013;A9-Using Components with Known Vulnerabilities
Language: CPP
Group: CPP Medium Threat
Status: New
Finding Link: http://10.15.255.188/CxWebClient/ViewerMain.aspx?scanid=1000284&amp;projectid=339&amp;pathid=600

Source Object: strcat
Filename: /Src/cu_param.c
Line Number: 1459
Code: strcat( ac_filearray [ FileIndex ], &quot;\\&quot; );

</failure>
	</testcase>
	<testcase name="Dangerous Functions (605) Severity: Medium">
		<failure>Category: OWASP Top 10 2013;A9-Using Components with Known Vulnerabilities
Language: CPP
Group: CPP Medium Threat
Status: New
Finding Link: http://10.15.255.188/CxWebClient/ViewerMain.aspx?scanid=1000284&amp;projectid=339&amp;pathid=605

Source Object: strcat
Filename: /Src/cu_pin.c
Line Number: 333
Code: strcat( graphicText, &quot;\n&quot; );

</failure>
	</testcase>
	<testcase name="Dangerous Functions (606) Severity: Medium">
		<failure>Category: OWASP Top 10 2013;A9-Using Components with Known Vulnerabilities
Language: CPP
Group: CPP Medium Threat
Status: New
Finding Link: http://10.15.255.188/CxWebClient/ViewerMain.aspx?scanid=1000284&amp;projectid=339&amp;pathid=606

Source Object: strcat
Filename: /Src/cu_pin.c
Line Number: 334
Code: strcat( graphicText, pc_l_DisplayTxt );

</failure>
	</testcase>
	<testcase name="Dangerous Functions (607) Severity: Medium">
		<failure>Category: OWASP Top 10 2013;A9-Using Components with Known Vulnerabilities
Language: CPP
Group: CPP Medium Threat
Status: New
Finding Link: http://10.15.255.188/CxWebClient/ViewerMain.aspx?scanid=1000284&amp;projectid=339&amp;pathid=607

Source Object: strcat
Filename: /Src/cu_pin.c
Line Number: 914
Code: for ( index = 0; index &lt; range - 1; index++ ) {

</failure>
	</testcase>
	<testcase name="Dangerous Functions (609) Severity: Medium">
		<failure>Category: OWASP Top 10 2013;A9-Using Components with Known Vulnerabilities
Language: CPP
Group: CPP Medium Threat
Status: New
Finding Link: http://10.15.255.188/CxWebClient/ViewerMain.aspx?scanid=1000284&amp;projectid=339&amp;pathid=609

Source Object: strcat
Filename: /Src/cu_pin.c
Line Number: 933
Code: if ( !( strlen( text ) &amp; 1 ) )

</failure>
	</testcase>
	<testcase name="Dangerous Functions (614) Severity: Medium">
		<failure>Category: OWASP Top 10 2013;A9-Using Components with Known Vulnerabilities
Language: CPP
Group: CPP Medium Threat
Status: New
Finding Link: http://10.15.255.188/CxWebClient/ViewerMain.aspx?scanid=1000284&amp;projectid=339&amp;pathid=614

Source Object: strcat
Filename: /Src/cu_term.c
Line Number: 521

</failure>
	</testcase>
	<testcase name="Dangerous Functions (615) Severity: Medium">
		<failure>Category: OWASP Top 10 2013;A9-Using Components with Known Vulnerabilities
Language: CPP
Group: CPP Medium Threat
Status: New
Finding Link: http://10.15.255.188/CxWebClient/ViewerMain.aspx?scanid=1000284&amp;projectid=339&amp;pathid=615

Source Object: strcat
Filename: /Src/cu_term.c
Line Number: 525
Code: } // end of CUTERMsleep

</failure>
	</testcase>
	<testcase name="Dangerous Functions (616) Severity: Medium">
		<failure>Category: OWASP Top 10 2013;A9-Using Components with Known Vulnerabilities
Language: CPP
Group: CPP Medium Threat
Status: New
Finding Link: http://10.15.255.188/CxWebClient/ViewerMain.aspx?scanid=1000284&amp;projectid=339&amp;pathid=616

Source Object: strcat
Filename: /Src/cu_term.c
Line Number: 529
Code: unsigned char lg;

</failure>
	</testcase>
	<testcase name="Dangerous Functions (617) Severity: Medium">
		<failure>Category: OWASP Top 10 2013;A9-Using Components with Known Vulnerabilities
Language: CPP
Group: CPP Medium Threat
Status: New
Finding Link: http://10.15.255.188/CxWebClient/ViewerMain.aspx?scanid=1000284&amp;projectid=339&amp;pathid=617

Source Object: strcat
Filename: /Src/cu_term.c
Line Number: 533
Code: case 0:

</failure>
	</testcase>
	<testcase name="Dangerous Functions (620) Severity: Medium">
		<failure>Category: OWASP Top 10 2013;A9-Using Components with Known Vulnerabilities
Language: CPP
Group: CPP Medium Threat
Status: New
Finding Link: http://10.15.255.188/CxWebClient/ViewerMain.aspx?scanid=1000284&amp;projectid=339&amp;pathid=620

Source Object: strcat
Filename: /Src/cu_term.c
Line Number: 560
Code: case 7:

</failure>
	</testcase>
	<testcase name="Dangerous Functions (622) Severity: Medium">
		<failure>Category: OWASP Top 10 2013;A9-Using Components with Known Vulnerabilities
Language: CPP
Group: CPP Medium Threat
Status: New
Finding Link: http://10.15.255.188/CxWebClient/ViewerMain.aspx?scanid=1000284&amp;projectid=339&amp;pathid=622

Source Object: strcat
Filename: /Src/cu_term.c
Line Number: 568
Code: }

</failure>
	</testcase>
	<testcase name="Dangerous Functions (625) Severity: Medium">
		<failure>Category: OWASP Top 10 2013;A9-Using Components with Known Vulnerabilities
Language: CPP
Group: CPP Medium Threat
Status: New
Finding Link: http://10.15.255.188/CxWebClient/ViewerMain.aspx?scanid=1000284&amp;projectid=339&amp;pathid=625

Source Object: strcat
Filename: /Src/cu_term.c
Line Number: 580
Code: strcpy( ( char * ) S_GlobalRamData.terminal_id, &quot;0000000&quot; );

</failure>
	</testcase>
	<testcase name="Dangerous Functions (626) Severity: Medium">
		<failure>Category: OWASP Top 10 2013;A9-Using Components with Known Vulnerabilities
Language: CPP
Group: CPP Medium Threat
Status: New
Finding Link: http://10.15.255.188/CxWebClient/ViewerMain.aspx?scanid=1000284&amp;projectid=339&amp;pathid=626

Source Object: strcat
Filename: /Src/cu_term.c
Line Number: 755
Code: // clear the xi_line

</failure>
	</testcase>
	<testcase name="Dangerous Functions (634) Severity: Medium">
		<failure>Category: OWASP Top 10 2013;A9-Using Components with Known Vulnerabilities
Language: CPP
Group: CPP Medium Threat
Status: New
Finding Link: http://10.15.255.188/CxWebClient/ViewerMain.aspx?scanid=1000284&amp;projectid=339&amp;pathid=634

Source Object: strcat
Filename: /Src/E2EE.c
Line Number: 61
Code: else

</failure>
	</testcase>
	<testcase name="Dangerous Functions (636) Severity: Medium">
		<failure>Category: OWASP Top 10 2013;A9-Using Components with Known Vulnerabilities
Language: CPP
Group: CPP Medium Threat
Status: New
Finding Link: http://10.15.255.188/CxWebClient/ViewerMain.aspx?scanid=1000284&amp;projectid=339&amp;pathid=636

Source Object: strcat
Filename: /Src/E2EE.c
Line Number: 80
Code: //Append discretionary data

</failure>
	</testcase>
	<testcase name="Dangerous Functions (637) Severity: Medium">
		<failure>Category: OWASP Top 10 2013;A9-Using Components with Known Vulnerabilities
Language: CPP
Group: CPP Medium Threat
Status: New
Finding Link: http://10.15.255.188/CxWebClient/ViewerMain.aspx?scanid=1000284&amp;projectid=339&amp;pathid=637

Source Object: strcat
Filename: /Src/E2EE.c
Line Number: 83
Code: //Append end sentinel

</failure>
	</testcase>
	<testcase name="Dangerous Functions (644) Severity: Medium">
		<failure>Category: OWASP Top 10 2013;A9-Using Components with Known Vulnerabilities
Language: CPP
Group: CPP Medium Threat
Status: New
Finding Link: http://10.15.255.188/CxWebClient/ViewerMain.aspx?scanid=1000284&amp;projectid=339&amp;pathid=644

Source Object: strcat
Filename: /Src/EPXComm.c
Line Number: 110
Code: strcat( xml, DETAIL_TAG_END );

</failure>
	</testcase>
	<testcase name="Dangerous Functions (645) Severity: Medium">
		<failure>Category: OWASP Top 10 2013;A9-Using Components with Known Vulnerabilities
Language: CPP
Group: CPP Medium Threat
Status: New
Finding Link: http://10.15.255.188/CxWebClient/ViewerMain.aspx?scanid=1000284&amp;projectid=339&amp;pathid=645

Source Object: strcat
Filename: /Src/GOALScreens.c
Line Number: 23
Code: strcat( TitleWithMM, &quot; : &quot; );

</failure>
	</testcase>
	<testcase name="Dangerous Functions (647) Severity: Medium">
		<failure>Category: OWASP Top 10 2013;A9-Using Components with Known Vulnerabilities
Language: CPP
Group: CPP Medium Threat
Status: New
Finding Link: http://10.15.255.188/CxWebClient/ViewerMain.aspx?scanid=1000284&amp;projectid=339&amp;pathid=647

Source Object: strcat
Filename: /Src/guid_gen.c
Line Number: 115
Code: strcpy( GUID, StationID32 );

</failure>
	</testcase>
	<testcase name="Dangerous Functions (648) Severity: Medium">
		<failure>Category: OWASP Top 10 2013;A9-Using Components with Known Vulnerabilities
Language: CPP
Group: CPP Medium Threat
Status: New
Finding Link: http://10.15.255.188/CxWebClient/ViewerMain.aspx?scanid=1000284&amp;projectid=339&amp;pathid=648

Source Object: strcat
Filename: /Src/guid_gen.c
Line Number: 116
Code: strcat( GUID, Time32 );

</failure>
	</testcase>
	<testcase name="Dangerous Functions (649) Severity: Medium">
		<failure>Category: OWASP Top 10 2013;A9-Using Components with Known Vulnerabilities
Language: CPP
Group: CPP Medium Threat
Status: New
Finding Link: http://10.15.255.188/CxWebClient/ViewerMain.aspx?scanid=1000284&amp;projectid=339&amp;pathid=649

Source Object: strcat
Filename: /Src/guid_gen.c
Line Number: 117
Code: strcat( GUID, Random32 );

</failure>
	</testcase>
	<testcase name="Dangerous Functions (652) Severity: Medium">
		<failure>Category: OWASP Top 10 2013;A9-Using Components with Known Vulnerabilities
Language: CPP
Group: CPP Medium Threat
Status: New
Finding Link: http://10.15.255.188/CxWebClient/ViewerMain.aspx?scanid=1000284&amp;projectid=339&amp;pathid=652

Source Object: strcat
Filename: /Src/PinScreen.c
Line Number: 62
Code: strcat( gPin, &quot;2&quot; );

</failure>
	</testcase>
	<testcase name="Dangerous Functions (653) Severity: Medium">
		<failure>Category: OWASP Top 10 2013;A9-Using Components with Known Vulnerabilities
Language: CPP
Group: CPP Medium Threat
Status: New
Finding Link: http://10.15.255.188/CxWebClient/ViewerMain.aspx?scanid=1000284&amp;projectid=339&amp;pathid=653

Source Object: strcat
Filename: /Src/PinScreen.c
Line Number: 65
Code: strcat( gPin, &quot;3&quot; );

</failure>
	</testcase>
	<testcase name="Dangerous Functions (654) Severity: Medium">
		<failure>Category: OWASP Top 10 2013;A9-Using Components with Known Vulnerabilities
Language: CPP
Group: CPP Medium Threat
Status: New
Finding Link: http://10.15.255.188/CxWebClient/ViewerMain.aspx?scanid=1000284&amp;projectid=339&amp;pathid=654

Source Object: strcat
Filename: /Src/PinScreen.c
Line Number: 68
Code: strcat( gPin, &quot;4&quot; );

</failure>
	</testcase>
	<testcase name="Dangerous Functions (659) Severity: Medium">
		<failure>Category: OWASP Top 10 2013;A9-Using Components with Known Vulnerabilities
Language: CPP
Group: CPP Medium Threat
Status: New
Finding Link: http://10.15.255.188/CxWebClient/ViewerMain.aspx?scanid=1000284&amp;projectid=339&amp;pathid=659

Source Object: strcat
Filename: /Src/PinScreen.c
Line Number: 83
Code: strcat( gPin, &quot;9&quot; );

</failure>
	</testcase>
	<testcase name="Dangerous Functions (660) Severity: Medium">
		<failure>Category: OWASP Top 10 2013;A9-Using Components with Known Vulnerabilities
Language: CPP
Group: CPP Medium Threat
Status: New
Finding Link: http://10.15.255.188/CxWebClient/ViewerMain.aspx?scanid=1000284&amp;projectid=339&amp;pathid=660

Source Object: strcat
Filename: /Src/PinScreen.c
Line Number: 300
Code: strcat( buffer, &quot;\n&quot; );

</failure>
	</testcase>
	<testcase name="Dangerous Functions (661) Severity: Medium">
		<failure>Category: OWASP Top 10 2013;A9-Using Components with Known Vulnerabilities
Language: CPP
Group: CPP Medium Threat
Status: New
Finding Link: http://10.15.255.188/CxWebClient/ViewerMain.aspx?scanid=1000284&amp;projectid=339&amp;pathid=661

Source Object: strcat
Filename: /Src/PinScreen.c
Line Number: 301
Code: strcat( buffer, pc_l_DisplayAmt );

</failure>
	</testcase>
	<testcase name="Dangerous Functions (662) Severity: Medium">
		<failure>Category: OWASP Top 10 2013;A9-Using Components with Known Vulnerabilities
Language: CPP
Group: CPP Medium Threat
Status: New
Finding Link: http://10.15.255.188/CxWebClient/ViewerMain.aspx?scanid=1000284&amp;projectid=339&amp;pathid=662

Source Object: strcat
Filename: /Src/PinScreen.c
Line Number: 302
Code: strcat( buffer, &quot;: &quot; );

</failure>
	</testcase>
	<testcase name="Dangerous Functions (663) Severity: Medium">
		<failure>Category: OWASP Top 10 2013;A9-Using Components with Known Vulnerabilities
Language: CPP
Group: CPP Medium Threat
Status: New
Finding Link: http://10.15.255.188/CxWebClient/ViewerMain.aspx?scanid=1000284&amp;projectid=339&amp;pathid=663

Source Object: strcat
Filename: /Src/PinScreen.c
Line Number: 303
Code: strcat( buffer, AmountBuffer );

</failure>
	</testcase>
	<testcase name="Dangerous Functions (664) Severity: Medium">
		<failure>Category: OWASP Top 10 2013;A9-Using Components with Known Vulnerabilities
Language: CPP
Group: CPP Medium Threat
Status: New
Finding Link: http://10.15.255.188/CxWebClient/ViewerMain.aspx?scanid=1000284&amp;projectid=339&amp;pathid=664

Source Object: strcat
Filename: /Src/PinScreen.c
Line Number: 304
Code: strcat( buffer, &quot;\n&quot; );

</failure>
	</testcase>
	<testcase name="Dangerous Functions (665) Severity: Medium">
		<failure>Category: OWASP Top 10 2013;A9-Using Components with Known Vulnerabilities
Language: CPP
Group: CPP Medium Threat
Status: New
Finding Link: http://10.15.255.188/CxWebClient/ViewerMain.aspx?scanid=1000284&amp;projectid=339&amp;pathid=665

Source Object: strcat
Filename: /Src/PinScreen.c
Line Number: 305
Code: strcat( buffer, pc_l_DisplayTxt );

</failure>
	</testcase>
	<testcase name="Dangerous Functions (669) Severity: Medium">
		<failure>Category: OWASP Top 10 2013;A9-Using Components with Known Vulnerabilities
Language: CPP
Group: CPP Medium Threat
Status: New
Finding Link: http://10.15.255.188/CxWebClient/ViewerMain.aspx?scanid=1000284&amp;projectid=339&amp;pathid=669

Source Object: strcat
Filename: /Src/SharedComm.c
Line Number: 730
Code: strcat( xml, &quot;&lt;&quot; );

</failure>
	</testcase>
	<testcase name="Dangerous Functions (670) Severity: Medium">
		<failure>Category: OWASP Top 10 2013;A9-Using Components with Known Vulnerabilities
Language: CPP
Group: CPP Medium Threat
Status: New
Finding Link: http://10.15.255.188/CxWebClient/ViewerMain.aspx?scanid=1000284&amp;projectid=339&amp;pathid=670

Source Object: strcat
Filename: /Src/SharedComm.c
Line Number: 731
Code: strcat( xml, tag );

</failure>
	</testcase>
	<testcase name="Dangerous Functions (671) Severity: Medium">
		<failure>Category: OWASP Top 10 2013;A9-Using Components with Known Vulnerabilities
Language: CPP
Group: CPP Medium Threat
Status: New
Finding Link: http://10.15.255.188/CxWebClient/ViewerMain.aspx?scanid=1000284&amp;projectid=339&amp;pathid=671

Source Object: strcat
Filename: /Src/SharedComm.c
Line Number: 734
Code: // Data

</failure>
	</testcase>
	<testcase name="Dangerous Functions (672) Severity: Medium">
		<failure>Category: OWASP Top 10 2013;A9-Using Components with Known Vulnerabilities
Language: CPP
Group: CPP Medium Threat
Status: New
Finding Link: http://10.15.255.188/CxWebClient/ViewerMain.aspx?scanid=1000284&amp;projectid=339&amp;pathid=672

Source Object: strcat
Filename: /Src/SharedComm.c
Line Number: 737
Code: // End tag

</failure>
	</testcase>
	<testcase name="Dangerous Functions (673) Severity: Medium">
		<failure>Category: OWASP Top 10 2013;A9-Using Components with Known Vulnerabilities
Language: CPP
Group: CPP Medium Threat
Status: New
Finding Link: http://10.15.255.188/CxWebClient/ViewerMain.aspx?scanid=1000284&amp;projectid=339&amp;pathid=673

Source Object: strcat
Filename: /Src/SharedComm.c
Line Number: 738
Code: strcat( xml, &quot;&lt;/&quot; );

</failure>
	</testcase>
	<testcase name="Dangerous Functions (674) Severity: Medium">
		<failure>Category: OWASP Top 10 2013;A9-Using Components with Known Vulnerabilities
Language: CPP
Group: CPP Medium Threat
Status: New
Finding Link: http://10.15.255.188/CxWebClient/ViewerMain.aspx?scanid=1000284&amp;projectid=339&amp;pathid=674

Source Object: strcat
Filename: /Src/SharedComm.c
Line Number: 739
Code: strcat( xml, tag );

</failure>
	</testcase>
	<testcase name="Dangerous Functions (675) Severity: Medium">
		<failure>Category: OWASP Top 10 2013;A9-Using Components with Known Vulnerabilities
Language: CPP
Group: CPP Medium Threat
Status: New
Finding Link: http://10.15.255.188/CxWebClient/ViewerMain.aspx?scanid=1000284&amp;projectid=339&amp;pathid=675

Source Object: strcat
Filename: /Src/SharedComm.c
Line Number: 777
Code: Telium_Sprintf( sTag, &quot;%03lX&quot;, Tag );

</failure>
	</testcase>
	<testcase name="Dangerous Functions (679) Severity: Medium">
		<failure>Category: OWASP Top 10 2013;A9-Using Components with Known Vulnerabilities
Language: CPP
Group: CPP Medium Threat
Status: New
Finding Link: http://10.15.255.188/CxWebClient/ViewerMain.aspx?scanid=1000284&amp;projectid=339&amp;pathid=679

Source Object: strcat
Filename: /Src/SIServer.c
Line Number: 263
Code: strcat(ResponseBuffer,Content);

</failure>
	</testcase>
	<testcase name="Dangerous Functions (685) Severity: Medium">
		<failure>Category: OWASP Top 10 2013;A9-Using Components with Known Vulnerabilities
Language: CPP
Group: CPP Medium Threat
Status: New
Finding Link: http://10.15.255.188/CxWebClient/ViewerMain.aspx?scanid=1000284&amp;projectid=339&amp;pathid=685

Source Object: strcat
Filename: /Src/SwipeScreen.c
Line Number: 230
Code: strcat( temp, title );

</failure>
	</testcase>
	<testcase name="Dangerous Functions (686) Severity: Medium">
		<failure>Category: OWASP Top 10 2013;A9-Using Components with Known Vulnerabilities
Language: CPP
Group: CPP Medium Threat
Status: New
Finding Link: http://10.15.255.188/CxWebClient/ViewerMain.aspx?scanid=1000284&amp;projectid=339&amp;pathid=686

Source Object: strcat
Filename: /Src/SwipeScreen.c
Line Number: 231
Code: strcat( temp, &quot;                    &quot; );

</failure>
	</testcase>
	<testcase name="Dangerous Functions (687) Severity: Medium">
		<failure>Category: OWASP Top 10 2013;A9-Using Components with Known Vulnerabilities
Language: CPP
Group: CPP Medium Threat
Status: New
Finding Link: http://10.15.255.188/CxWebClient/ViewerMain.aspx?scanid=1000284&amp;projectid=339&amp;pathid=687

Source Object: strcat
Filename: /Src/SYFProcesses.c
Line Number: 323
Code: strcat( cardNbr, userID );

</failure>
	</testcase>
	<testcase name="Dangerous Functions (688) Severity: Medium">
		<failure>Category: OWASP Top 10 2013;A9-Using Components with Known Vulnerabilities
Language: CPP
Group: CPP Medium Threat
Status: New
Finding Link: http://10.15.255.188/CxWebClient/ViewerMain.aspx?scanid=1000284&amp;projectid=339&amp;pathid=688

Source Object: strcat
Filename: /Src/term_params.c
Line Number: 385
Code: strcat( NewValue, Buffer );

</failure>
	</testcase>
	<testcase name="Dangerous Functions (691) Severity: Medium">
		<failure>Category: OWASP Top 10 2013;A9-Using Components with Known Vulnerabilities
Language: CPP
Group: CPP Medium Threat
Status: New
Finding Link: http://10.15.255.188/CxWebClient/ViewerMain.aspx?scanid=1000284&amp;projectid=339&amp;pathid=691

Source Object: strcat
Filename: /Src/term_params.c
Line Number: 461
Code: strcat( NewValue, Clerks[Index].ClerkName );

</failure>
	</testcase>
</testsuite>
